<?xml version="1.0" encoding="UTF-8"?>
<!-- Generated by org.testng.reporters.JUnitXMLReporter -->
<testsuite ignored="120" hostname="450245-3" failures="14" tests="28" name="test" time="203.607" errors="0" timestamp="2026-07-03T16:44:05 IST">
  <testcase classname="test.logintest" name="login_valid" time="2.639"/>
  <testcase classname="test.hometest" name="setall_normal" time="3.458"/>
  <testcase classname="test.streamprofiletest" name="cancelprofile1" time="4.051"/>
  <testcase classname="test.streamprofiletest" name="defaultvalueprofile1" time="5.172">
    <failure type="java.lang.AssertionError" message="The following asserts failed:
	Resolution mismatch! expected [1920x1080] but found [2592x1944],
	Bitrate mismatch! expected [4096 kbps] but found [8192 kbps],
	Audio mismatch! expected [false] but found [true]">
      <![CDATA[java.lang.AssertionError: The following asserts failed:
Resolution mismatch! expected [1920x1080] but found [2592x1944],
Bitrate mismatch! expected [4096 kbps] but found [8192 kbps],
Audio mismatch! expected [false] but found [true]
at Framework@0.0.1-SNAPSHOT/test.streamprofiletest.defaultvalueprofile1(streamprofiletest.java:64)
at java.base/java.util.ArrayList.forEach(ArrayList.java:1612)
... Removed 31 stack frames]]>
    </failure>
  </testcase> <!-- defaultvalueprofile1 -->
  <testcase classname="test.streamprofiletest" name="defaultvalueprofile2" time="5.147">
    <failure type="java.lang.AssertionError" message="The following asserts failed:
	Resolution mismatch! expected [640x480] but found [D1]">
      <![CDATA[java.lang.AssertionError: The following asserts failed:
Resolution mismatch! expected [640x480] but found [D1]
at Framework@0.0.1-SNAPSHOT/test.streamprofiletest.defaultvalueprofile2(streamprofiletest.java:99)
at java.base/java.util.ArrayList.forEach(ArrayList.java:1612)
... Removed 31 stack frames]]>
    </failure>
  </testcase> <!-- defaultvalueprofile2 -->
  <testcase classname="test.streamprofiletest" name="defaultvalueprofile3" time="4.589">
    <failure type="java.lang.AssertionError" message="The following asserts failed:
	FPS mismatch! expected [25] but found [2]">
      <![CDATA[java.lang.AssertionError: The following asserts failed:
FPS mismatch! expected [25] but found [2]
at Framework@0.0.1-SNAPSHOT/test.streamprofiletest.defaultvalueprofile3(streamprofiletest.java:129)
at java.base/java.util.ArrayList.forEach(ArrayList.java:1612)
... Removed 31 stack frames]]>
    </failure>
  </testcase> <!-- defaultvalueprofile3 -->
  <testcase classname="test.streamprofiletest" name="defaultvalueprofile4" time="4.582">
    <failure type="java.lang.AssertionError" message="The following asserts failed:
	Codec mismatch! expected [H.264] but found [MJPEG],
	Resolution mismatch! expected [1920x1080] but found [D1],
	Bitrate mismatch! expected [4096 kbps] but found [1024 kbps],
	FPS mismatch! expected [25] but found [5]">
      <![CDATA[java.lang.AssertionError: The following asserts failed:
Codec mismatch! expected [H.264] but found [MJPEG],
Resolution mismatch! expected [1920x1080] but found [D1],
Bitrate mismatch! expected [4096 kbps] but found [1024 kbps],
FPS mismatch! expected [25] but found [5]
at Framework@0.0.1-SNAPSHOT/test.streamprofiletest.defaultvalueprofile4(streamprofiletest.java:162)
at java.base/java.util.ArrayList.forEach(ArrayList.java:1612)
... Removed 31 stack frames]]>
    </failure>
  </testcase> <!-- defaultvalueprofile4 -->
  <testcase classname="test.streamprofiletest" name="setandsaveprofile1" time="3.409">
    <failure type="org.openqa.selenium.NoSuchElementException" message="Cannot locate option with text: 1280x720
For documentation on this error, please visit: https://www.selenium.dev/documentation/webdriver/troubleshooting/errors#nosuchelementexception
Build info: version: &amp;apos;4.38.0&amp;apos;, revision: &amp;apos;6b412e825c*&amp;apos;
System info: os.name: &amp;apos;Windows 11&amp;apos;, os.arch: &amp;apos;amd64&amp;apos;, os.version: &amp;apos;10.0&amp;apos;, java.version: &amp;apos;26.0.1&amp;apos;
Driver info: driver.version: unknown">
      <![CDATA[org.openqa.selenium.NoSuchElementException: Cannot locate option with text: 1280x720
For documentation on this error, please visit: https://www.selenium.dev/documentation/webdriver/troubleshooting/errors#nosuchelementexception
Build info: version: '4.38.0', revision: '6b412e825c*'
System info: os.name: 'Windows 11', os.arch: 'amd64', os.version: '10.0', java.version: '26.0.1'
Driver info: driver.version: unknown
at org.seleniumhq.selenium.support/org.openqa.selenium.support.ui.Select.selectByVisibleText(Select.java:397)
at org.seleniumhq.selenium.support/org.openqa.selenium.support.ui.Select.selectByVisibleText(Select.java:125)
at Framework@0.0.1-SNAPSHOT/ipcamera.pageobject.streamprofileobject.setresolution(streamprofileobject.java:170)
at Framework@0.0.1-SNAPSHOT/test.streamprofiletest.setandsaveprofile1(streamprofiletest.java:177)
at java.base/java.util.ArrayList.forEach(ArrayList.java:1612)
... Removed 29 stack frames]]>
    </failure>
  </testcase> <!-- setandsaveprofile1 -->
  <testcase classname="test.streamprofiletest" name="setandsaveprofile2" time="3.512">
    <failure type="org.openqa.selenium.NoSuchElementException" message="Cannot locate option with text: 640x360
For documentation on this error, please visit: https://www.selenium.dev/documentation/webdriver/troubleshooting/errors#nosuchelementexception
Build info: version: &amp;apos;4.38.0&amp;apos;, revision: &amp;apos;6b412e825c*&amp;apos;
System info: os.name: &amp;apos;Windows 11&amp;apos;, os.arch: &amp;apos;amd64&amp;apos;, os.version: &amp;apos;10.0&amp;apos;, java.version: &amp;apos;26.0.1&amp;apos;
Driver info: driver.version: unknown">
      <![CDATA[org.openqa.selenium.NoSuchElementException: Cannot locate option with text: 640x360
For documentation on this error, please visit: https://www.selenium.dev/documentation/webdriver/troubleshooting/errors#nosuchelementexception
Build info: version: '4.38.0', revision: '6b412e825c*'
System info: os.name: 'Windows 11', os.arch: 'amd64', os.version: '10.0', java.version: '26.0.1'
Driver info: driver.version: unknown
at org.seleniumhq.selenium.support/org.openqa.selenium.support.ui.Select.selectByVisibleText(Select.java:397)
at org.seleniumhq.selenium.support/org.openqa.selenium.support.ui.Select.selectByVisibleText(Select.java:125)
at Framework@0.0.1-SNAPSHOT/ipcamera.pageobject.streamprofileobject.setresolution(streamprofileobject.java:170)
at Framework@0.0.1-SNAPSHOT/test.streamprofiletest.setandsaveprofile2(streamprofiletest.java:220)
at java.base/java.util.ArrayList.forEach(ArrayList.java:1612)
... Removed 29 stack frames]]>
    </failure>
  </testcase> <!-- setandsaveprofile2 -->
  <testcase classname="test.streamprofiletest" name="setandsaveprofile3" time="3.344">
    <failure type="org.openqa.selenium.NoSuchElementException" message="Cannot locate option with text: 1280x720
For documentation on this error, please visit: https://www.selenium.dev/documentation/webdriver/troubleshooting/errors#nosuchelementexception
Build info: version: &amp;apos;4.38.0&amp;apos;, revision: &amp;apos;6b412e825c*&amp;apos;
System info: os.name: &amp;apos;Windows 11&amp;apos;, os.arch: &amp;apos;amd64&amp;apos;, os.version: &amp;apos;10.0&amp;apos;, java.version: &amp;apos;26.0.1&amp;apos;
Driver info: driver.version: unknown">
      <![CDATA[org.openqa.selenium.NoSuchElementException: Cannot locate option with text: 1280x720
For documentation on this error, please visit: https://www.selenium.dev/documentation/webdriver/troubleshooting/errors#nosuchelementexception
Build info: version: '4.38.0', revision: '6b412e825c*'
System info: os.name: 'Windows 11', os.arch: 'amd64', os.version: '10.0', java.version: '26.0.1'
Driver info: driver.version: unknown
at org.seleniumhq.selenium.support/org.openqa.selenium.support.ui.Select.selectByVisibleText(Select.java:397)
at org.seleniumhq.selenium.support/org.openqa.selenium.support.ui.Select.selectByVisibleText(Select.java:125)
at Framework@0.0.1-SNAPSHOT/ipcamera.pageobject.streamprofileobject.setresolution(streamprofileobject.java:170)
at Framework@0.0.1-SNAPSHOT/test.streamprofiletest.setandsaveprofile3(streamprofiletest.java:260)
at java.base/java.util.ArrayList.forEach(ArrayList.java:1612)
... Removed 29 stack frames]]>
    </failure>
  </testcase> <!-- setandsaveprofile3 -->
  <testcase classname="test.streamprofiletest" name="setandsaveprofile4" time="3.637">
    <failure type="org.openqa.selenium.NoSuchElementException" message="Cannot locate option with text: 1280x720
For documentation on this error, please visit: https://www.selenium.dev/documentation/webdriver/troubleshooting/errors#nosuchelementexception
Build info: version: &amp;apos;4.38.0&amp;apos;, revision: &amp;apos;6b412e825c*&amp;apos;
System info: os.name: &amp;apos;Windows 11&amp;apos;, os.arch: &amp;apos;amd64&amp;apos;, os.version: &amp;apos;10.0&amp;apos;, java.version: &amp;apos;26.0.1&amp;apos;
Driver info: driver.version: unknown">
      <![CDATA[org.openqa.selenium.NoSuchElementException: Cannot locate option with text: 1280x720
For documentation on this error, please visit: https://www.selenium.dev/documentation/webdriver/troubleshooting/errors#nosuchelementexception
Build info: version: '4.38.0', revision: '6b412e825c*'
System info: os.name: 'Windows 11', os.arch: 'amd64', os.version: '10.0', java.version: '26.0.1'
Driver info: driver.version: unknown
at org.seleniumhq.selenium.support/org.openqa.selenium.support.ui.Select.selectByVisibleText(Select.java:397)
at org.seleniumhq.selenium.support/org.openqa.selenium.support.ui.Select.selectByVisibleText(Select.java:125)
at Framework@0.0.1-SNAPSHOT/ipcamera.pageobject.streamprofileobject.setresolution(streamprofileobject.java:170)
at Framework@0.0.1-SNAPSHOT/test.streamprofiletest.setandsaveprofile4(streamprofiletest.java:293)
at java.base/java.util.ArrayList.forEach(ArrayList.java:1612)
... Removed 29 stack frames]]>
    </failure>
  </testcase> <!-- setandsaveprofile4 -->
  <testcase classname="test.datetimetest" name="settimezone_india" time="3.121">
    <failure type="org.openqa.selenium.NoSuchElementException" message="Cannot locate option with text: (UTC+05:30) Chennai Kolkata Mumbai New Delhi
For documentation on this error, please visit: https://www.selenium.dev/documentation/webdriver/troubleshooting/errors#nosuchelementexception
Build info: version: &amp;apos;4.38.0&amp;apos;, revision: &amp;apos;6b412e825c*&amp;apos;
System info: os.name: &amp;apos;Windows 11&amp;apos;, os.arch: &amp;apos;amd64&amp;apos;, os.version: &amp;apos;10.0&amp;apos;, java.version: &amp;apos;26.0.1&amp;apos;
Driver info: driver.version: unknown">
      <![CDATA[org.openqa.selenium.NoSuchElementException: Cannot locate option with text: (UTC+05:30) Chennai Kolkata Mumbai New Delhi
For documentation on this error, please visit: https://www.selenium.dev/documentation/webdriver/troubleshooting/errors#nosuchelementexception
Build info: version: '4.38.0', revision: '6b412e825c*'
System info: os.name: 'Windows 11', os.arch: 'amd64', os.version: '10.0', java.version: '26.0.1'
Driver info: driver.version: unknown
at org.seleniumhq.selenium.support/org.openqa.selenium.support.ui.Select.selectByVisibleText(Select.java:397)
at org.seleniumhq.selenium.support/org.openqa.selenium.support.ui.Select.selectByVisibleText(Select.java:125)
at Framework@0.0.1-SNAPSHOT/ipcamera.pageobject.datetimepageobject.settimezone(datetimepageobject.java:132)
at Framework@0.0.1-SNAPSHOT/test.datetimetest.settimezone_india(datetimetest.java:80)
at java.base/java.util.ArrayList.forEach(ArrayList.java:1612)
... Removed 29 stack frames]]>
    </failure>
  </testcase> <!-- settimezone_india -->
  <testcase classname="test.audiotest" name="defaultaudio" time="3.994"/>
  <testcase classname="test.networktest" name="tc02_ipchange_static" time="13.013"/>
  <testcase classname="test.networktest" name="tc15_nas_cifs" time="7.429"/>
  <testcase classname="test.networktest" name="tc16_nas_nfs" time="10.888">
    <failure type="java.lang.AssertionError" message="expected [] but found [Connection failed]">
      <![CDATA[java.lang.AssertionError: expected [] but found [Connection failed]
at Framework@0.0.1-SNAPSHOT/test.networktest.tc16_nas_nfs(networktest.java:481)
at java.base/java.util.ArrayList.forEach(ArrayList.java:1612)
... Removed 35 stack frames]]>
    </failure>
  </testcase> <!-- tc16_nas_nfs -->
  <testcase classname="test.networktest" name="tc20_port_default" time="3.765"/>
  <testcase classname="test.networktest" name="tc21_port_changeall" time="13.334"/>
  <testcase classname="test.eventservertest" name="tc01_ftp_testconnection" time="19.488"/>
  <testcase classname="test.eventservertest" name="tc02_ftp_default" time="3.65"/>
  <testcase classname="test.eventservertest" name="tc03_email_testconnection" time="15.0"/>
  <testcase classname="test.eventservertest" name="tc04_email_default" time="3.598"/>
  <testcase classname="test.eventservertest" name="tc06_tcp_default" time="3.463"/>
  <testcase classname="test.eventservertest" name="tc11_snmp_default" time="3.959"/>
  <testcase classname="test.advancednetworktest" name="tc02_upnp_default" time="3.637">
    <failure type="java.lang.AssertionError" message="The following asserts failed:
	UPnP Friendly Name default mismatch! expected [GANZ-CAMERA] but found [Matrix IP Camera],
	External HTTPS Port default mismatch! expected [443] but found [0],
	External RTSP Port default mismatch! expected [554] but found [0],
	Bonjour default mismatch! expected [true] but found [false],
	Bonjour Friendly Name default mismatch! expected [GANZ-CAMERA] but found [Matrix IP Camera]">
      <![CDATA[java.lang.AssertionError: The following asserts failed:
UPnP Friendly Name default mismatch! expected [GANZ-CAMERA] but found [Matrix IP Camera],
External HTTPS Port default mismatch! expected [443] but found [0],
External RTSP Port default mismatch! expected [554] but found [0],
Bonjour default mismatch! expected [true] but found [false],
Bonjour Friendly Name default mismatch! expected [GANZ-CAMERA] but found [Matrix IP Camera]
at Framework@0.0.1-SNAPSHOT/test.advancednetworktest.tc02_upnp_default(advancednetworktest.java:79)
at java.base/java.util.ArrayList.forEach(ArrayList.java:1612)
... Removed 31 stack frames]]>
    </failure>
  </testcase> <!-- tc02_upnp_default -->
  <testcase classname="test.advancednetworktest" name="tc05_ddns_default" time="3.688">
    <failure type="java.lang.AssertionError" message="The following asserts failed:
	DDNS Update Interval default mismatch! expected [60] but found [5]">
      <![CDATA[java.lang.AssertionError: The following asserts failed:
DDNS Update Interval default mismatch! expected [60] but found [5]
at Framework@0.0.1-SNAPSHOT/test.advancednetworktest.tc05_ddns_default(advancednetworktest.java:110)
at java.base/java.util.ArrayList.forEach(ArrayList.java:1612)
... Removed 31 stack frames]]>
    </failure>
  </testcase> <!-- tc05_ddns_default -->
  <testcase classname="test.advancednetworktest" name="tc08_mxdns_default" time="3.316">
    <failure type="java.lang.AssertionError" message="The following asserts failed:
	Matrix DNS Forwarded Port default mismatch! expected [] but found [80]">
      <![CDATA[java.lang.AssertionError: The following asserts failed:
Matrix DNS Forwarded Port default mismatch! expected [] but found [80]
at Framework@0.0.1-SNAPSHOT/test.advancednetworktest.tc08_mxdns_default(advancednetworktest.java:137)
at java.base/java.util.ArrayList.forEach(ArrayList.java:1612)
... Removed 31 stack frames]]>
    </failure>
  </testcase> <!-- tc08_mxdns_default -->
  <testcase classname="test.advancednetworktest" name="tc10_dot1x_default" time="3.344">
    <failure type="org.openqa.selenium.NoSuchElementException" message="no such element: Unable to locate element: {&amp;quot;method&amp;quot;:&amp;quot;css selector&amp;quot;,&amp;quot;selector&amp;quot;:&amp;quot;#enable&amp;quot;}
  (Session info: chrome=149.0.7827.199)
For documentation on this error, please visit: https://www.selenium.dev/documentation/webdriver/troubleshooting/errors#nosuchelementexception
Build info: version: &amp;apos;4.38.0&amp;apos;, revision: &amp;apos;6b412e825c*&amp;apos;
System info: os.name: &amp;apos;Windows 11&amp;apos;, os.arch: &amp;apos;amd64&amp;apos;, os.version: &amp;apos;10.0&amp;apos;, java.version: &amp;apos;26.0.1&amp;apos;
Driver info: org.openqa.selenium.chrome.ChromeDriver
Command: [4fec0f1ce418f94725aa32f1d1c5c994, findElement {using=css selector, value=#enable}]
Capabilities {acceptInsecureCerts: false, browserName: chrome, browserVersion: 149.0.7827.199, chrome: {chromedriverVersion: 149.0.7827.155 (07b52360cc1..., userDataDir: C:\Users\CHIRAG~1.SOM\AppDa...}, fedcm:accounts: true, goog:chromeOptions: {debuggerAddress: localhost:60463}, goog:processID: 4460, networkConnectionEnabled: false, pageLoadStrategy: normal, platformName: windows, proxy: Proxy(), se:cdp: ws://localhost:60463/devtoo..., se:cdpVersion: 149.0.7827.199, setWindowRect: true, strictFileInteractability: false, timeouts: {implicit: 0, pageLoad: 300000, script: 30000}, unhandledPromptBehavior: dismiss and notify, webauthn:extension:credBlob: true, webauthn:extension:largeBlob: true, webauthn:extension:minPinLength: true, webauthn:extension:prf: true, webauthn:virtualAuthenticators: true}
Session ID: 4fec0f1ce418f94725aa32f1d1c5c994">
      <![CDATA[org.openqa.selenium.NoSuchElementException: no such element: Unable to locate element: {"method":"css selector","selector":"#enable"}
  (Session info: chrome=149.0.7827.199)
For documentation on this error, please visit: https://www.selenium.dev/documentation/webdriver/troubleshooting/errors#nosuchelementexception
Build info: version: '4.38.0', revision: '6b412e825c*'
System info: os.name: 'Windows 11', os.arch: 'amd64', os.version: '10.0', java.version: '26.0.1'
Driver info: org.openqa.selenium.chrome.ChromeDriver
Command: [4fec0f1ce418f94725aa32f1d1c5c994, findElement {using=css selector, value=#enable}]
Capabilities {acceptInsecureCerts: false, browserName: chrome, browserVersion: 149.0.7827.199, chrome: {chromedriverVersion: 149.0.7827.155 (07b52360cc1..., userDataDir: C:\Users\CHIRAG~1.SOM\AppDa...}, fedcm:accounts: true, goog:chromeOptions: {debuggerAddress: localhost:60463}, goog:processID: 4460, networkConnectionEnabled: false, pageLoadStrategy: normal, platformName: windows, proxy: Proxy(), se:cdp: ws://localhost:60463/devtoo..., se:cdpVersion: 149.0.7827.199, setWindowRect: true, strictFileInteractability: false, timeouts: {implicit: 0, pageLoad: 300000, script: 30000}, unhandledPromptBehavior: dismiss and notify, webauthn:extension:credBlob: true, webauthn:extension:largeBlob: true, webauthn:extension:minPinLength: true, webauthn:extension:prf: true, webauthn:virtualAuthenticators: true}
Session ID: 4fec0f1ce418f94725aa32f1d1c5c994
at org.seleniumhq.selenium.remote_driver/org.openqa.selenium.remote.ErrorCodec.decode(ErrorCodec.java:167)
at org.seleniumhq.selenium.remote_driver/org.openqa.selenium.remote.codec.w3c.W3CHttpResponseCodec.decode(W3CHttpResponseCodec.java:138)
at org.seleniumhq.selenium.remote_driver/org.openqa.selenium.remote.codec.w3c.W3CHttpResponseCodec.decode(W3CHttpResponseCodec.java:50)
at org.seleniumhq.selenium.remote_driver/org.openqa.selenium.remote.HttpCommandExecutor.execute(HttpCommandExecutor.java:215)
at org.seleniumhq.selenium.remote_driver/org.openqa.selenium.remote.service.DriverCommandExecutor.invokeExecute(DriverCommandExecutor.java:216)
at org.seleniumhq.selenium.remote_driver/org.openqa.selenium.remote.service.DriverCommandExecutor.execute(DriverCommandExecutor.java:174)
at org.seleniumhq.selenium.remote_driver/org.openqa.selenium.remote.RemoteWebDriver.execute(RemoteWebDriver.java:557)
at org.seleniumhq.selenium.remote_driver/org.openqa.selenium.remote.ElementLocation$ElementFinder$2.findElement(ElementLocation.java:165)
at org.seleniumhq.selenium.remote_driver/org.openqa.selenium.remote.ElementLocation.findElement(ElementLocation.java:59)
at org.seleniumhq.selenium.remote_driver/org.openqa.selenium.remote.RemoteWebDriver.findElement(RemoteWebDriver.java:380)
at org.seleniumhq.selenium.remote_driver/org.openqa.selenium.remote.RemoteWebDriver.findElement(RemoteWebDriver.java:374)
at org.seleniumhq.selenium.support/org.openqa.selenium.support.pagefactory.DefaultElementLocator.findElement(DefaultElementLocator.java:68)
at org.seleniumhq.selenium.support/org.openqa.selenium.support.pagefactory.internal.LocatingElementHandler.invoke(LocatingElementHandler.java:38)
at jdk.proxy2/jdk.proxy2.$Proxy11.isSelected(Unknown Source)
at Framework@0.0.1-SNAPSHOT/ipcamera.pageobject.advancednetworkpageobject.isdot1xenabled(advancednetworkpageobject.java:160)
at Framework@0.0.1-SNAPSHOT/test.advancednetworktest.tc10_dot1x_default(advancednetworktest.java:151)
at java.base/java.util.ArrayList.forEach(ArrayList.java:1612)
... Removed 32 stack frames]]>
    </failure>
  </testcase> <!-- tc10_dot1x_default -->
  <testcase classname="test.networktest" name="tc30_ttl_above" time="0.0">
    <ignored/>
  </testcase> <!-- tc30_ttl_above -->
  <testcase classname="test.audiotest" name="outputgain_max" time="0.0">
    <ignored/>
  </testcase> <!-- outputgain_max -->
  <testcase classname="test.networktest" name="tc25_httpport_above" time="0.0">
    <ignored/>
  </testcase> <!-- tc25_httpport_above -->
  <testcase classname="test.networktest" name="tc05_dns_specified" time="0.0">
    <ignored/>
  </testcase> <!-- tc05_dns_specified -->
  <testcase classname="test.hometest" name="setall_default" time="0.0">
    <ignored/>
  </testcase> <!-- setall_default -->
  <testcase classname="test.hometest" name="saturation_alpha" time="0.0">
    <ignored/>
  </testcase> <!-- saturation_alpha -->
  <testcase classname="test.hometest" name="brightness_empty" time="0.0">
    <ignored/>
  </testcase> <!-- brightness_empty -->
  <testcase classname="test.hometest" name="brightness_default" time="0.0">
    <ignored/>
  </testcase> <!-- brightness_default -->
  <testcase classname="test.networktest" name="tc27_multicast_enable" time="0.0">
    <ignored/>
  </testcase> <!-- tc27_multicast_enable -->
  <testcase classname="test.hometest" name="saturation_set" time="0.0">
    <ignored/>
  </testcase> <!-- saturation_set -->
  <testcase classname="test.networktest" name="tc24_portmapping_enable" time="0.0">
    <ignored/>
  </testcase> <!-- tc24_portmapping_enable -->
  <testcase classname="test.logintest" name="login_wrongpassword" time="0.0">
    <ignored/>
  </testcase> <!-- login_wrongpassword -->
  <testcase classname="test.datetimetest" name="bothcheckbox_enable" time="0.0">
    <ignored/>
  </testcase> <!-- bothcheckbox_enable -->
  <testcase classname="test.hometest" name="setall_min" time="0.0">
    <ignored/>
  </testcase> <!-- setall_min -->
  <testcase classname="test.networktest" name="tc09_ip_empty" time="0.0">
    <ignored/>
  </testcase> <!-- tc09_ip_empty -->
  <testcase classname="test.datetimetest" name="ntp_1hour" time="0.0">
    <ignored/>
  </testcase> <!-- ntp_1hour -->
  <testcase classname="test.audiotest" name="negtest_inputgain_11" time="0.0">
    <ignored/>
  </testcase> <!-- negtest_inputgain_11 -->
  <testcase classname="test.hometest" name="contrast_default" time="0.0">
    <ignored/>
  </testcase> <!-- contrast_default -->
  <testcase classname="test.networktest" name="tc12_ipfilter_deny" time="0.0">
    <ignored/>
  </testcase> <!-- tc12_ipfilter_deny -->
  <testcase classname="test.datetimetest" name="ntp_disable" time="0.0">
    <ignored/>
  </testcase> <!-- ntp_disable -->
  <testcase classname="test.hometest" name="setall_max" time="0.0">
    <ignored/>
  </testcase> <!-- setall_max -->
  <testcase classname="test.audiotest" name="audioout_enable" time="0.0">
    <ignored/>
  </testcase> <!-- audioout_enable -->
  <testcase classname="test.hometest" name="brightness_abovemax" time="0.0">
    <ignored/>
  </testcase> <!-- brightness_abovemax -->
  <testcase classname="test.hometest" name="saturation_min" time="0.0">
    <ignored/>
  </testcase> <!-- saturation_min -->
  <testcase classname="test.datetimetest" name="ntp_6hour" time="0.0">
    <ignored/>
  </testcase> <!-- ntp_6hour -->
  <testcase classname="test.logintest" name="login_wrongboth" time="0.0">
    <ignored/>
  </testcase> <!-- login_wrongboth -->
  <testcase classname="test.networktest" name="tc28_multicast_disable" time="0.0">
    <ignored/>
  </testcase> <!-- tc28_multicast_disable -->
  <testcase classname="test.audiotest" name="negtest_outputgain_0" time="0.0">
    <ignored/>
  </testcase> <!-- negtest_outputgain_0 -->
  <testcase classname="test.audiotest" name="outputgain_min" time="0.0">
    <ignored/>
  </testcase> <!-- outputgain_min -->
  <testcase classname="test.datetimetest" name="setdatetime_min" time="0.0">
    <ignored/>
  </testcase> <!-- setdatetime_min -->
  <testcase classname="test.networktest" name="tc07_hostname_set" time="0.0">
    <ignored/>
  </testcase> <!-- tc07_hostname_set -->
  <testcase classname="test.audiotest" name="setall_ulaw" time="0.0">
    <ignored/>
  </testcase> <!-- setall_ulaw -->
  <testcase classname="test.audiotest" name="inputgain_max" time="0.0">
    <ignored/>
  </testcase> <!-- inputgain_max -->
  <testcase classname="test.audiotest" name="setall_alaw" time="0.0">
    <ignored/>
  </testcase> <!-- setall_alaw -->
  <testcase classname="test.hometest" name="saturation_default" time="0.0">
    <ignored/>
  </testcase> <!-- saturation_default -->
  <testcase classname="test.hometest" name="hue_abovemax" time="0.0">
    <ignored/>
  </testcase> <!-- hue_abovemax -->
  <testcase classname="test.networktest" name="tc08_hostname_empty" time="0.0">
    <ignored/>
  </testcase> <!-- tc08_hostname_empty -->
  <testcase classname="test.datetimetest" name="defaultdatetime" time="0.0">
    <ignored/>
  </testcase> <!-- defaultdatetime -->
  <testcase classname="test.networktest" name="tc07_hostname_default" time="0.0">
    <ignored/>
  </testcase> <!-- tc07_hostname_default -->
  <testcase classname="test.hometest" name="contrast_empty" time="0.0">
    <ignored/>
  </testcase> <!-- contrast_empty -->
  <testcase classname="test.datetimetest" name="dst_disable" time="0.0">
    <ignored/>
  </testcase> <!-- dst_disable -->
  <testcase classname="test.hometest" name="contrast_max" time="0.0">
    <ignored/>
  </testcase> <!-- contrast_max -->
  <testcase classname="test.hometest" name="saturation_max" time="0.0">
    <ignored/>
  </testcase> <!-- saturation_max -->
  <testcase classname="test.audiotest" name="setall_g726" time="0.0">
    <ignored/>
  </testcase> <!-- setall_g726 -->
  <testcase classname="test.datetimetest" name="settimezone_utc" time="0.0">
    <ignored/>
  </testcase> <!-- settimezone_utc -->
  <testcase classname="test.networktest" name="tc01_ipaddress_default" time="0.0">
    <ignored/>
  </testcase> <!-- tc01_ipaddress_default -->
  <testcase classname="test.logintest" name="login_emptyusername" time="0.0">
    <ignored/>
  </testcase> <!-- login_emptyusername -->
  <testcase classname="test.logintest" name="login_emptypassword" time="0.0">
    <ignored/>
  </testcase> <!-- login_emptypassword -->
  <testcase classname="test.hometest" name="defaultvalue" time="0.0">
    <ignored/>
  </testcase> <!-- defaultvalue -->
  <testcase classname="test.hometest" name="hue_alpha" time="0.0">
    <ignored/>
  </testcase> <!-- hue_alpha -->
  <testcase classname="test.networktest" name="tc11_ipfilter_allow" time="0.0">
    <ignored/>
  </testcase> <!-- tc11_ipfilter_allow -->
  <testcase classname="test.hometest" name="hue_max" time="0.0">
    <ignored/>
  </testcase> <!-- hue_max -->
  <testcase classname="test.datetimetest" name="setviaonvif_enable" time="0.0">
    <ignored/>
  </testcase> <!-- setviaonvif_enable -->
  <testcase classname="test.logintest" name="login_bothempty" time="0.0">
    <ignored/>
  </testcase> <!-- login_bothempty -->
  <testcase classname="test.hometest" name="brightness_max" time="0.0">
    <ignored/>
  </testcase> <!-- brightness_max -->
  <testcase classname="test.audiotest" name="negtest_outputgain_11" time="0.0">
    <ignored/>
  </testcase> <!-- negtest_outputgain_11 -->
  <testcase classname="test.audiotest" name="negtest_inputgain_empty" time="0.0">
    <ignored/>
  </testcase> <!-- negtest_inputgain_empty -->
  <testcase classname="test.networktest" name="tc09_ip_invalid_format" time="0.0">
    <ignored/>
  </testcase> <!-- tc09_ip_invalid_format -->
  <testcase classname="test.datetimetest" name="bothcheckbox_disable" time="0.0">
    <ignored/>
  </testcase> <!-- bothcheckbox_disable -->
  <testcase classname="test.hometest" name="contrast_min" time="0.0">
    <ignored/>
  </testcase> <!-- contrast_min -->
  <testcase classname="test.audiotest" name="encoder_ulaw" time="0.0">
    <ignored/>
  </testcase> <!-- encoder_ulaw -->
  <testcase classname="test.networktest" name="tc22_port_access" time="0.0">
    <ignored/>
  </testcase> <!-- tc22_port_access -->
  <testcase classname="test.hometest" name="contrast_abovemax" time="0.0">
    <ignored/>
  </testcase> <!-- contrast_abovemax -->
  <testcase classname="test.hometest" name="saturation_negative" time="0.0">
    <ignored/>
  </testcase> <!-- saturation_negative -->
  <testcase classname="test.logintest" name="login_wrongusername" time="0.0">
    <ignored/>
  </testcase> <!-- login_wrongusername -->
  <testcase classname="test.hometest" name="contrast_negative" time="0.0">
    <ignored/>
  </testcase> <!-- contrast_negative -->
  <testcase classname="test.networktest" name="tc13_ipfilter_disable" time="0.0">
    <ignored/>
  </testcase> <!-- tc13_ipfilter_disable -->
  <testcase classname="test.datetimetest" name="dst_maxtime" time="0.0">
    <ignored/>
  </testcase> <!-- dst_maxtime -->
  <testcase classname="test.datetimetest" name="dst_australia" time="0.0">
    <ignored/>
  </testcase> <!-- dst_australia -->
  <testcase classname="test.networktest" name="tc17_nas_disable" time="0.0">
    <ignored/>
  </testcase> <!-- tc17_nas_disable -->
  <testcase classname="test.datetimetest" name="setviaonvif_disable" time="0.0">
    <ignored/>
  </testcase> <!-- setviaonvif_disable -->
  <testcase classname="test.audiotest" name="audioout_disable" time="0.0">
    <ignored/>
  </testcase> <!-- audioout_disable -->
  <testcase classname="test.datetimetest" name="syncwithpc" time="0.0">
    <ignored/>
  </testcase> <!-- syncwithpc -->
  <testcase classname="test.networktest" name="tc30_ttl_set" time="0.0">
    <ignored/>
  </testcase> <!-- tc30_ttl_set -->
  <testcase classname="test.audiotest" name="encoder_alaw" time="0.0">
    <ignored/>
  </testcase> <!-- encoder_alaw -->
  <testcase classname="test.audiotest" name="inputgain_min" time="0.0">
    <ignored/>
  </testcase> <!-- inputgain_min -->
  <testcase classname="test.networktest" name="tc25_httpport_zero" time="0.0">
    <ignored/>
  </testcase> <!-- tc25_httpport_zero -->
  <testcase classname="test.hometest" name="brightness_negative" time="0.0">
    <ignored/>
  </testcase> <!-- brightness_negative -->
  <testcase classname="test.hometest" name="brightness_alpha" time="0.0">
    <ignored/>
  </testcase> <!-- brightness_alpha -->
  <testcase classname="test.networktest" name="tc25_httpport_alpha" time="0.0">
    <ignored/>
  </testcase> <!-- tc25_httpport_alpha -->
  <testcase classname="test.audiotest" name="negtest_outputgain_empty" time="0.0">
    <ignored/>
  </testcase> <!-- negtest_outputgain_empty -->
  <testcase classname="test.networktest" name="tc30_ttl_min" time="0.0">
    <ignored/>
  </testcase> <!-- tc30_ttl_min -->
  <testcase classname="test.datetimetest" name="setviaapi_enable" time="0.0">
    <ignored/>
  </testcase> <!-- setviaapi_enable -->
  <testcase classname="test.hometest" name="contrast_set" time="0.0">
    <ignored/>
  </testcase> <!-- contrast_set -->
  <testcase classname="test.datetimetest" name="dst_europe" time="0.0">
    <ignored/>
  </testcase> <!-- dst_europe -->
  <testcase classname="test.audiotest" name="inputgain_set" time="0.0">
    <ignored/>
  </testcase> <!-- inputgain_set -->
  <testcase classname="test.datetimetest" name="setviaapi_disable" time="0.0">
    <ignored/>
  </testcase> <!-- setviaapi_disable -->
  <testcase classname="test.audiotest" name="negtest_inputgain_0" time="0.0">
    <ignored/>
  </testcase> <!-- negtest_inputgain_0 -->
  <testcase classname="test.hometest" name="hue_empty" time="0.0">
    <ignored/>
  </testcase> <!-- hue_empty -->
  <testcase classname="test.networktest" name="tc09_ip_alpha" time="0.0">
    <ignored/>
  </testcase> <!-- tc09_ip_alpha -->
  <testcase classname="test.hometest" name="hue_set" time="0.0">
    <ignored/>
  </testcase> <!-- hue_set -->
  <testcase classname="test.hometest" name="saturation_empty" time="0.0">
    <ignored/>
  </testcase> <!-- saturation_empty -->
  <testcase classname="test.audiotest" name="outputgain_set" time="0.0">
    <ignored/>
  </testcase> <!-- outputgain_set -->
  <testcase classname="test.datetimetest" name="defaultntp" time="0.0">
    <ignored/>
  </testcase> <!-- defaultntp -->
  <testcase classname="test.hometest" name="brightness_decimal" time="0.0">
    <ignored/>
  </testcase> <!-- brightness_decimal -->
  <testcase classname="test.hometest" name="saturation_abovemax" time="0.0">
    <ignored/>
  </testcase> <!-- saturation_abovemax -->
  <testcase classname="test.networktest" name="tc04_dhcp" time="0.0">
    <ignored/>
  </testcase> <!-- tc04_dhcp -->
  <testcase classname="test.audiotest" name="encoder_g726" time="0.0">
    <ignored/>
  </testcase> <!-- encoder_g726 -->
  <testcase classname="test.hometest" name="hue_min" time="0.0">
    <ignored/>
  </testcase> <!-- hue_min -->
  <testcase classname="test.hometest" name="brightness_min" time="0.0">
    <ignored/>
  </testcase> <!-- brightness_min -->
  <testcase classname="test.datetimetest" name="setdatetime_max" time="0.0">
    <ignored/>
  </testcase> <!-- setdatetime_max -->
  <testcase classname="test.networktest" name="tc06_dns_auto" time="0.0">
    <ignored/>
  </testcase> <!-- tc06_dns_auto -->
  <testcase classname="test.networktest" name="tc30_ttl_alpha" time="0.0">
    <ignored/>
  </testcase> <!-- tc30_ttl_alpha -->
  <testcase classname="test.hometest" name="contrast_alpha" time="0.0">
    <ignored/>
  </testcase> <!-- contrast_alpha -->
  <testcase classname="test.hometest" name="brightness_set" time="0.0">
    <ignored/>
  </testcase> <!-- brightness_set -->
  <testcase classname="test.datetimetest" name="defaultdst" time="0.0">
    <ignored/>
  </testcase> <!-- defaultdst -->
  <testcase classname="test.datetimetest" name="setdatetime_normal" time="0.0">
    <ignored/>
  </testcase> <!-- setdatetime_normal -->
  <testcase classname="test.networktest" name="tc18_nas_empty_ip" time="0.0">
    <ignored/>
  </testcase> <!-- tc18_nas_empty_ip -->
  <testcase classname="test.datetimetest" name="dst_standard" time="0.0">
    <ignored/>
  </testcase> <!-- dst_standard -->
  <testcase classname="test.audiotest" name="outputgain_default" time="0.0">
    <ignored/>
  </testcase> <!-- outputgain_default -->
  <testcase classname="test.hometest" name="brightness_special" time="0.0">
    <ignored/>
  </testcase> <!-- brightness_special -->
  <testcase classname="test.datetimetest" name="ntp_24hour" time="0.0">
    <ignored/>
  </testcase> <!-- ntp_24hour -->
  <testcase classname="test.hometest" name="hue_negative" time="0.0">
    <ignored/>
  </testcase> <!-- hue_negative -->
  <testcase classname="test.networktest" name="tc30_ttl_max" time="0.0">
    <ignored/>
  </testcase> <!-- tc30_ttl_max -->
  <testcase classname="test.datetimetest" name="dst_mintime" time="0.0">
    <ignored/>
  </testcase> <!-- dst_mintime -->
  <testcase classname="test.audiotest" name="inputgain_default" time="0.0">
    <ignored/>
  </testcase> <!-- inputgain_default -->
  <testcase classname="test.networktest" name="tc24_portmapping_disable" time="0.0">
    <ignored/>
  </testcase> <!-- tc24_portmapping_disable -->
  <testcase classname="test.hometest" name="hue_default" time="0.0">
    <ignored/>
  </testcase> <!-- hue_default -->
  <testcase classname="test.networktest" name="tc25_httpport_empty" time="0.0">
    <ignored/>
  </testcase> <!-- tc25_httpport_empty -->
  <testcase classname="test.datetimetest" name="ntp_12hour" time="0.0">
    <ignored/>
  </testcase> <!-- ntp_12hour -->
</testsuite> <!-- test -->
