<?xml version="1.0" encoding="UTF-8"?>
<testsuite xmlns:xsi="http://www.w3.org/2001/XMLSchema-instance" xsi:noNamespaceSchemaLocation="https://maven.apache.org/surefire/maven-surefire-plugin/xsd/surefire-test-report.xsd" version="3.0.2" name="TestSuite" time="204.452" tests="28" errors="0" skipped="0" failures="14" flakes="0">
  <properties>
[...]
</properties>
  <testcase name="login_valid" classname="test.logintest" time="2.643">
    <system-out><![CDATA[=== TC01 Valid Login ===
Username : admin
URL      : http://192.168.101.213/html/main.html
]]></system-out>
    <system-err><![CDATA[SLF4J(W): No SLF4J providers were found.
SLF4J(W): Defaulting to no-operation (NOP) logger implementation
SLF4J(W): See https://www.slf4j.org/codes.html#noProviders for further details.
Jul 03, 2026 4:40:43 PM org.openqa.selenium.devtools.CdpVersionFinder findNearestMatch
WARNING: Unable to find CDP implementation matching 149
Jul 03, 2026 4:40:43 PM org.openqa.selenium.chromium.ChromiumDriver lambda$new$4
WARNING: Unable to find version of CDP to use for 149.0.7827.199. You may need to include a dependency on a specific version of the CDP using something similar to `org.seleniumhq.selenium:selenium-devtools-v86:4.38.0` where the version ("v86") matches the version of the chromium-based browser you're using and the version number of the artifact is the same as Selenium's.
]]></system-err>
  </testcase>
  <testcase name="setall_normal" classname="test.hometest" time="3.458">
    <system-out><![CDATA[=== TC36 Set All Normal ===
Brightness : 80
Contrast   : 60
Saturation : 70
Hue        : 40
]]></system-out>
    <system-err><![CDATA[Jul 03, 2026 4:40:47 PM org.openqa.selenium.devtools.CdpVersionFinder findNearestMatch
WARNING: Unable to find CDP implementation matching 149
Jul 03, 2026 4:40:47 PM org.openqa.selenium.chromium.ChromiumDriver lambda$new$4
WARNING: Unable to find version of CDP to use for 149.0.7827.199. You may need to include a dependency on a specific version of the CDP using something similar to `org.seleniumhq.selenium:selenium-devtools-v86:4.38.0` where the version ("v86") matches the version of the chromium-based browser you're using and the version number of the artifact is the same as Selenium's.
]]></system-err>
  </testcase>
  <testcase name="cancelprofile1" classname="test.streamprofiletest" time="4.049">
    <system-out><![CDATA[=== TC09 Cancel Profile 1 ===
Codec after cancel : H.264
FPS after cancel   : 25
]]></system-out>
    <system-err><![CDATA[Jul 03, 2026 4:40:51 PM org.openqa.selenium.devtools.CdpVersionFinder findNearestMatch
WARNING: Unable to find CDP implementation matching 149
Jul 03, 2026 4:40:51 PM org.openqa.selenium.chromium.ChromiumDriver lambda$new$4
WARNING: Unable to find version of CDP to use for 149.0.7827.199. You may need to include a dependency on a specific version of the CDP using something similar to `org.seleniumhq.selenium:selenium-devtools-v86:4.38.0` where the version ("v86") matches the version of the chromium-based browser you're using and the version number of the artifact is the same as Selenium's.
]]></system-err>
  </testcase>
  <testcase name="defaultvalueprofile1" classname="test.streamprofiletest" time="5.296">
    <failure message="The following asserts failed:&#10;	Resolution mismatch! expected [1920x1080] but found [2592x1944],&#10;	Bitrate mismatch! expected [4096 kbps] but found [8192 kbps],&#10;	Audio mismatch! expected [false] but found [true]" type="java.lang.AssertionError"><![CDATA[java.lang.AssertionError: 
The following asserts failed:
	Resolution mismatch! expected [1920x1080] but found [2592x1944],
	Bitrate mismatch! expected [4096 kbps] but found [8192 kbps],
	Audio mismatch! expected [false] but found [true]
	at org.testng@7.11.0/org.testng.asserts.SoftAssert.assertAll(SoftAssert.java:46)
	at org.testng@7.11.0/org.testng.asserts.SoftAssert.assertAll(SoftAssert.java:30)
	at Framework@0.0.1-SNAPSHOT/test.streamprofiletest.defaultvalueprofile1(streamprofiletest.java:64)
	at java.base/jdk.internal.reflect.DirectMethodHandleAccessor.invoke(DirectMethodHandleAccessor.java:104)
	at java.base/java.lang.reflect.Method.invoke(Method.java:565)
	at org.testng@7.11.0/org.testng.internal.invokers.MethodInvocationHelper.invokeMethod(MethodInvocationHelper.java:141)
	at org.testng@7.11.0/org.testng.internal.invokers.TestInvoker.invokeMethod(TestInvoker.java:687)
	at org.testng@7.11.0/org.testng.internal.invokers.TestInvoker.invokeTestMethod(TestInvoker.java:230)
	at org.testng@7.11.0/org.testng.internal.invokers.MethodRunner.runInSequence(MethodRunner.java:63)
	at org.testng@7.11.0/org.testng.internal.invokers.TestInvoker$MethodInvocationAgent.invoke(TestInvoker.java:995)
	at org.testng@7.11.0/org.testng.internal.invokers.TestInvoker.invokeTestMethods(TestInvoker.java:203)
	at org.testng@7.11.0/org.testng.internal.invokers.TestMethodWorker.invokeTestMethods(TestMethodWorker.java:154)
	at org.testng@7.11.0/org.testng.internal.invokers.TestMethodWorker.run(TestMethodWorker.java:134)
	at java.base/java.util.ArrayList.forEach(ArrayList.java:1612)
	at org.testng@7.11.0/org.testng.TestRunner.privateRun(TestRunner.java:741)
	at org.testng@7.11.0/org.testng.TestRunner.run(TestRunner.java:616)
	at org.testng@7.11.0/org.testng.SuiteRunner.runTest(SuiteRunner.java:421)
	at org.testng@7.11.0/org.testng.SuiteRunner.runSequentially(SuiteRunner.java:413)
	at org.testng@7.11.0/org.testng.SuiteRunner.privateRun(SuiteRunner.java:373)
	at org.testng@7.11.0/org.testng.SuiteRunner.run(SuiteRunner.java:312)
	at org.testng@7.11.0/org.testng.SuiteRunnerWorker.runSuite(SuiteRunnerWorker.java:52)
	at org.testng@7.11.0/org.testng.SuiteRunnerWorker.run(SuiteRunnerWorker.java:95)
	at org.testng@7.11.0/org.testng.TestNG.runSuitesSequentially(TestNG.java:1274)
	at org.testng@7.11.0/org.testng.TestNG.runSuitesLocally(TestNG.java:1208)
	at org.testng@7.11.0/org.testng.TestNG.runSuites(TestNG.java:1112)
	at org.testng@7.11.0/org.testng.TestNG.run(TestNG.java:1079)
	at org.apache.maven.surefire.testng.TestNGExecutor.run(TestNGExecutor.java:308)
	at org.apache.maven.surefire.testng.TestNGXmlTestSuite.execute(TestNGXmlTestSuite.java:71)
	at org.apache.maven.surefire.testng.TestNGProvider.invoke(TestNGProvider.java:113)
	at org.apache.maven.surefire.booter.ForkedBooter.runSuitesInProcess(ForkedBooter.java:385)
	at org.apache.maven.surefire.booter.ForkedBooter.execute(ForkedBooter.java:162)
	at org.apache.maven.surefire.booter.ForkedBooter.run(ForkedBooter.java:507)
	at org.apache.maven.surefire.booter.ForkedBooter.main(ForkedBooter.java:495)
]]></failure>
    <system-out><![CDATA[=== TC01 Default Button Profile 1 ===
Camera Type  : 2mp
Profile No   : 1
Name         : Main Stream
Codec        : H.264
Resolution   : 2592x1944
Bitrate      : 8192 kbps
FPS          : 25
GOP          : 50
]]></system-out>
    <system-err><![CDATA[Jul 03, 2026 4:40:57 PM org.openqa.selenium.devtools.CdpVersionFinder findNearestMatch
WARNING: Unable to find CDP implementation matching 149
Jul 03, 2026 4:40:57 PM org.openqa.selenium.chromium.ChromiumDriver lambda$new$4
WARNING: Unable to find version of CDP to use for 149.0.7827.199. You may need to include a dependency on a specific version of the CDP using something similar to `org.seleniumhq.selenium:selenium-devtools-v86:4.38.0` where the version ("v86") matches the version of the chromium-based browser you're using and the version number of the artifact is the same as Selenium's.
]]></system-err>
  </testcase>
  <testcase name="defaultvalueprofile2" classname="test.streamprofiletest" time="5.271">
    <failure message="The following asserts failed:&#10;	Resolution mismatch! expected [640x480] but found [D1]" type="java.lang.AssertionError"><![CDATA[java.lang.AssertionError: 
The following asserts failed:
	Resolution mismatch! expected [640x480] but found [D1]
	at org.testng@7.11.0/org.testng.asserts.SoftAssert.assertAll(SoftAssert.java:46)
	at org.testng@7.11.0/org.testng.asserts.SoftAssert.assertAll(SoftAssert.java:30)
	at Framework@0.0.1-SNAPSHOT/test.streamprofiletest.defaultvalueprofile2(streamprofiletest.java:99)
	at java.base/jdk.internal.reflect.DirectMethodHandleAccessor.invoke(DirectMethodHandleAccessor.java:104)
	at java.base/java.lang.reflect.Method.invoke(Method.java:565)
	at org.testng@7.11.0/org.testng.internal.invokers.MethodInvocationHelper.invokeMethod(MethodInvocationHelper.java:141)
	at org.testng@7.11.0/org.testng.internal.invokers.TestInvoker.invokeMethod(TestInvoker.java:687)
	at org.testng@7.11.0/org.testng.internal.invokers.TestInvoker.invokeTestMethod(TestInvoker.java:230)
	at org.testng@7.11.0/org.testng.internal.invokers.MethodRunner.runInSequence(MethodRunner.java:63)
	at org.testng@7.11.0/org.testng.internal.invokers.TestInvoker$MethodInvocationAgent.invoke(TestInvoker.java:995)
	at org.testng@7.11.0/org.testng.internal.invokers.TestInvoker.invokeTestMethods(TestInvoker.java:203)
	at org.testng@7.11.0/org.testng.internal.invokers.TestMethodWorker.invokeTestMethods(TestMethodWorker.java:154)
	at org.testng@7.11.0/org.testng.internal.invokers.TestMethodWorker.run(TestMethodWorker.java:134)
	at java.base/java.util.ArrayList.forEach(ArrayList.java:1612)
	at org.testng@7.11.0/org.testng.TestRunner.privateRun(TestRunner.java:741)
	at org.testng@7.11.0/org.testng.TestRunner.run(TestRunner.java:616)
	at org.testng@7.11.0/org.testng.SuiteRunner.runTest(SuiteRunner.java:421)
	at org.testng@7.11.0/org.testng.SuiteRunner.runSequentially(SuiteRunner.java:413)
	at org.testng@7.11.0/org.testng.SuiteRunner.privateRun(SuiteRunner.java:373)
	at org.testng@7.11.0/org.testng.SuiteRunner.run(SuiteRunner.java:312)
	at org.testng@7.11.0/org.testng.SuiteRunnerWorker.runSuite(SuiteRunnerWorker.java:52)
	at org.testng@7.11.0/org.testng.SuiteRunnerWorker.run(SuiteRunnerWorker.java:95)
	at org.testng@7.11.0/org.testng.TestNG.runSuitesSequentially(TestNG.java:1274)
	at org.testng@7.11.0/org.testng.TestNG.runSuitesLocally(TestNG.java:1208)
	at org.testng@7.11.0/org.testng.TestNG.runSuites(TestNG.java:1112)
	at org.testng@7.11.0/org.testng.TestNG.run(TestNG.java:1079)
	at org.apache.maven.surefire.testng.TestNGExecutor.run(TestNGExecutor.java:308)
	at org.apache.maven.surefire.testng.TestNGXmlTestSuite.execute(TestNGXmlTestSuite.java:71)
	at org.apache.maven.surefire.testng.TestNGProvider.invoke(TestNGProvider.java:113)
	at org.apache.maven.surefire.booter.ForkedBooter.runSuitesInProcess(ForkedBooter.java:385)
	at org.apache.maven.surefire.booter.ForkedBooter.execute(ForkedBooter.java:162)
	at org.apache.maven.surefire.booter.ForkedBooter.run(ForkedBooter.java:507)
	at org.apache.maven.surefire.booter.ForkedBooter.main(ForkedBooter.java:495)
]]></failure>
    <system-out><![CDATA[=== TC02 Default Button Profile 2 ===
Camera Type  : 2mp
Profile No   : 2
Name         : Sub Stream
Codec        : H.264
Resolution   : D1
Bitrate      : 1024 kbps
FPS          : 25
GOP          : 50
]]></system-out>
    <system-err><![CDATA[Jul 03, 2026 4:41:03 PM org.openqa.selenium.devtools.CdpVersionFinder findNearestMatch
WARNING: Unable to find CDP implementation matching 149
Jul 03, 2026 4:41:03 PM org.openqa.selenium.chromium.ChromiumDriver lambda$new$4
WARNING: Unable to find version of CDP to use for 149.0.7827.199. You may need to include a dependency on a specific version of the CDP using something similar to `org.seleniumhq.selenium:selenium-devtools-v86:4.38.0` where the version ("v86") matches the version of the chromium-based browser you're using and the version number of the artifact is the same as Selenium's.
]]></system-err>
  </testcase>
  <testcase name="defaultvalueprofile3" classname="test.streamprofiletest" time="4.711">
    <failure message="The following asserts failed:&#10;	FPS mismatch! expected [25] but found [2]" type="java.lang.AssertionError"><![CDATA[java.lang.AssertionError: 
The following asserts failed:
	FPS mismatch! expected [25] but found [2]
	at org.testng@7.11.0/org.testng.asserts.SoftAssert.assertAll(SoftAssert.java:46)
	at org.testng@7.11.0/org.testng.asserts.SoftAssert.assertAll(SoftAssert.java:30)
	at Framework@0.0.1-SNAPSHOT/test.streamprofiletest.defaultvalueprofile3(streamprofiletest.java:129)
	at java.base/jdk.internal.reflect.DirectMethodHandleAccessor.invoke(DirectMethodHandleAccessor.java:104)
	at java.base/java.lang.reflect.Method.invoke(Method.java:565)
	at org.testng@7.11.0/org.testng.internal.invokers.MethodInvocationHelper.invokeMethod(MethodInvocationHelper.java:141)
	at org.testng@7.11.0/org.testng.internal.invokers.TestInvoker.invokeMethod(TestInvoker.java:687)
	at org.testng@7.11.0/org.testng.internal.invokers.TestInvoker.invokeTestMethod(TestInvoker.java:230)
	at org.testng@7.11.0/org.testng.internal.invokers.MethodRunner.runInSequence(MethodRunner.java:63)
	at org.testng@7.11.0/org.testng.internal.invokers.TestInvoker$MethodInvocationAgent.invoke(TestInvoker.java:995)
	at org.testng@7.11.0/org.testng.internal.invokers.TestInvoker.invokeTestMethods(TestInvoker.java:203)
	at org.testng@7.11.0/org.testng.internal.invokers.TestMethodWorker.invokeTestMethods(TestMethodWorker.java:154)
	at org.testng@7.11.0/org.testng.internal.invokers.TestMethodWorker.run(TestMethodWorker.java:134)
	at java.base/java.util.ArrayList.forEach(ArrayList.java:1612)
	at org.testng@7.11.0/org.testng.TestRunner.privateRun(TestRunner.java:741)
	at org.testng@7.11.0/org.testng.TestRunner.run(TestRunner.java:616)
	at org.testng@7.11.0/org.testng.SuiteRunner.runTest(SuiteRunner.java:421)
	at org.testng@7.11.0/org.testng.SuiteRunner.runSequentially(SuiteRunner.java:413)
	at org.testng@7.11.0/org.testng.SuiteRunner.privateRun(SuiteRunner.java:373)
	at org.testng@7.11.0/org.testng.SuiteRunner.run(SuiteRunner.java:312)
	at org.testng@7.11.0/org.testng.SuiteRunnerWorker.runSuite(SuiteRunnerWorker.java:52)
	at org.testng@7.11.0/org.testng.SuiteRunnerWorker.run(SuiteRunnerWorker.java:95)
	at org.testng@7.11.0/org.testng.TestNG.runSuitesSequentially(TestNG.java:1274)
	at org.testng@7.11.0/org.testng.TestNG.runSuitesLocally(TestNG.java:1208)
	at org.testng@7.11.0/org.testng.TestNG.runSuites(TestNG.java:1112)
	at org.testng@7.11.0/org.testng.TestNG.run(TestNG.java:1079)
	at org.apache.maven.surefire.testng.TestNGExecutor.run(TestNGExecutor.java:308)
	at org.apache.maven.surefire.testng.TestNGXmlTestSuite.execute(TestNGXmlTestSuite.java:71)
	at org.apache.maven.surefire.testng.TestNGProvider.invoke(TestNGProvider.java:113)
	at org.apache.maven.surefire.booter.ForkedBooter.runSuitesInProcess(ForkedBooter.java:385)
	at org.apache.maven.surefire.booter.ForkedBooter.execute(ForkedBooter.java:162)
	at org.apache.maven.surefire.booter.ForkedBooter.run(ForkedBooter.java:507)
	at org.apache.maven.surefire.booter.ForkedBooter.main(ForkedBooter.java:495)
]]></failure>
    <system-out><![CDATA[=== TC03 Default Button Profile 3 ===
Camera Type  : 2mp
Profile No   : 3
Name         : Profile 3
Resolution   : 1920x1080
Bitrate      : 4096 kbps
FPS          : 2
]]></system-out>
    <system-err><![CDATA[Jul 03, 2026 4:41:10 PM org.openqa.selenium.devtools.CdpVersionFinder findNearestMatch
WARNING: Unable to find CDP implementation matching 149
Jul 03, 2026 4:41:10 PM org.openqa.selenium.chromium.ChromiumDriver lambda$new$4
WARNING: Unable to find version of CDP to use for 149.0.7827.199. You may need to include a dependency on a specific version of the CDP using something similar to `org.seleniumhq.selenium:selenium-devtools-v86:4.38.0` where the version ("v86") matches the version of the chromium-based browser you're using and the version number of the artifact is the same as Selenium's.
]]></system-err>
  </testcase>
  <testcase name="defaultvalueprofile4" classname="test.streamprofiletest" time="4.708">
    <failure message="The following asserts failed:&#10;	Codec mismatch! expected [H.264] but found [MJPEG],&#10;	Resolution mismatch! expected [1920x1080] but found [D1],&#10;	Bitrate mismatch! expected [4096 kbps] but found [1024 kbps],&#10;	FPS mismatch! expected [25] but found [5]" type="java.lang.AssertionError"><![CDATA[java.lang.AssertionError: 
The following asserts failed:
	Codec mismatch! expected [H.264] but found [MJPEG],
	Resolution mismatch! expected [1920x1080] but found [D1],
	Bitrate mismatch! expected [4096 kbps] but found [1024 kbps],
	FPS mismatch! expected [25] but found [5]
	at org.testng@7.11.0/org.testng.asserts.SoftAssert.assertAll(SoftAssert.java:46)
	at org.testng@7.11.0/org.testng.asserts.SoftAssert.assertAll(SoftAssert.java:30)
	at Framework@0.0.1-SNAPSHOT/test.streamprofiletest.defaultvalueprofile4(streamprofiletest.java:162)
	at java.base/jdk.internal.reflect.DirectMethodHandleAccessor.invoke(DirectMethodHandleAccessor.java:104)
	at java.base/java.lang.reflect.Method.invoke(Method.java:565)
	at org.testng@7.11.0/org.testng.internal.invokers.MethodInvocationHelper.invokeMethod(MethodInvocationHelper.java:141)
	at org.testng@7.11.0/org.testng.internal.invokers.TestInvoker.invokeMethod(TestInvoker.java:687)
	at org.testng@7.11.0/org.testng.internal.invokers.TestInvoker.invokeTestMethod(TestInvoker.java:230)
	at org.testng@7.11.0/org.testng.internal.invokers.MethodRunner.runInSequence(MethodRunner.java:63)
	at org.testng@7.11.0/org.testng.internal.invokers.TestInvoker$MethodInvocationAgent.invoke(TestInvoker.java:995)
	at org.testng@7.11.0/org.testng.internal.invokers.TestInvoker.invokeTestMethods(TestInvoker.java:203)
	at org.testng@7.11.0/org.testng.internal.invokers.TestMethodWorker.invokeTestMethods(TestMethodWorker.java:154)
	at org.testng@7.11.0/org.testng.internal.invokers.TestMethodWorker.run(TestMethodWorker.java:134)
	at java.base/java.util.ArrayList.forEach(ArrayList.java:1612)
	at org.testng@7.11.0/org.testng.TestRunner.privateRun(TestRunner.java:741)
	at org.testng@7.11.0/org.testng.TestRunner.run(TestRunner.java:616)
	at org.testng@7.11.0/org.testng.SuiteRunner.runTest(SuiteRunner.java:421)
	at org.testng@7.11.0/org.testng.SuiteRunner.runSequentially(SuiteRunner.java:413)
	at org.testng@7.11.0/org.testng.SuiteRunner.privateRun(SuiteRunner.java:373)
	at org.testng@7.11.0/org.testng.SuiteRunner.run(SuiteRunner.java:312)
	at org.testng@7.11.0/org.testng.SuiteRunnerWorker.runSuite(SuiteRunnerWorker.java:52)
	at org.testng@7.11.0/org.testng.SuiteRunnerWorker.run(SuiteRunnerWorker.java:95)
	at org.testng@7.11.0/org.testng.TestNG.runSuitesSequentially(TestNG.java:1274)
	at org.testng@7.11.0/org.testng.TestNG.runSuitesLocally(TestNG.java:1208)
	at org.testng@7.11.0/org.testng.TestNG.runSuites(TestNG.java:1112)
	at org.testng@7.11.0/org.testng.TestNG.run(TestNG.java:1079)
	at org.apache.maven.surefire.testng.TestNGExecutor.run(TestNGExecutor.java:308)
	at org.apache.maven.surefire.testng.TestNGXmlTestSuite.execute(TestNGXmlTestSuite.java:71)
	at org.apache.maven.surefire.testng.TestNGProvider.invoke(TestNGProvider.java:113)
	at org.apache.maven.surefire.booter.ForkedBooter.runSuitesInProcess(ForkedBooter.java:385)
	at org.apache.maven.surefire.booter.ForkedBooter.execute(ForkedBooter.java:162)
	at org.apache.maven.surefire.booter.ForkedBooter.run(ForkedBooter.java:507)
	at org.apache.maven.surefire.booter.ForkedBooter.main(ForkedBooter.java:495)
]]></failure>
    <system-out><![CDATA[=== TC04 Default Button Profile 4 ===
Camera Type  : 2mp
Profile No   : 4
Name         : Profile 4
Codec        : MJPEG
Resolution   : D1
Bitrate      : 1024 kbps
FPS          : 5
]]></system-out>
    <system-err><![CDATA[Jul 03, 2026 4:41:16 PM org.openqa.selenium.devtools.CdpVersionFinder findNearestMatch
WARNING: Unable to find CDP implementation matching 149
Jul 03, 2026 4:41:16 PM org.openqa.selenium.chromium.ChromiumDriver lambda$new$4
WARNING: Unable to find version of CDP to use for 149.0.7827.199. You may need to include a dependency on a specific version of the CDP using something similar to `org.seleniumhq.selenium:selenium-devtools-v86:4.38.0` where the version ("v86") matches the version of the chromium-based browser you're using and the version number of the artifact is the same as Selenium's.
]]></system-err>
  </testcase>
  <testcase name="setandsaveprofile1" classname="test.streamprofiletest" time="3.564">
    <failure message="Cannot locate option with text: 1280x720&#10;For documentation on this error, please visit: https://www.selenium.dev/documentation/webdriver/troubleshooting/errors#nosuchelementexception&#10;Build info: version: &apos;4.38.0&apos;, revision: &apos;6b412e825c*&apos;&#10;System info: os.name: &apos;Windows 11&apos;, os.arch: &apos;amd64&apos;, os.version: &apos;10.0&apos;, java.version: &apos;26.0.1&apos;&#10;Driver info: driver.version: unknown" type="org.openqa.selenium.NoSuchElementException"><![CDATA[org.openqa.selenium.NoSuchElementException: 
Cannot locate option with text: 1280x720
For documentation on this error, please visit: https://www.selenium.dev/documentation/webdriver/troubleshooting/errors#nosuchelementexception
Build info: version: '4.38.0', revision: '6b412e825c*'
System info: os.name: 'Windows 11', os.arch: 'amd64', os.version: '10.0', java.version: '26.0.1'
Driver info: driver.version: unknown
	at org.seleniumhq.selenium.support/org.openqa.selenium.support.ui.Select.selectByVisibleText(Select.java:397)
	at org.seleniumhq.selenium.support/org.openqa.selenium.support.ui.Select.selectByVisibleText(Select.java:125)
	at Framework@0.0.1-SNAPSHOT/ipcamera.pageobject.streamprofileobject.setresolution(streamprofileobject.java:170)
	at Framework@0.0.1-SNAPSHOT/test.streamprofiletest.setandsaveprofile1(streamprofiletest.java:177)
	at java.base/jdk.internal.reflect.DirectMethodHandleAccessor.invoke(DirectMethodHandleAccessor.java:104)
	at java.base/java.lang.reflect.Method.invoke(Method.java:565)
	at org.testng@7.11.0/org.testng.internal.invokers.MethodInvocationHelper.invokeMethod(MethodInvocationHelper.java:141)
	at org.testng@7.11.0/org.testng.internal.invokers.TestInvoker.invokeMethod(TestInvoker.java:687)
	at org.testng@7.11.0/org.testng.internal.invokers.TestInvoker.invokeTestMethod(TestInvoker.java:230)
	at org.testng@7.11.0/org.testng.internal.invokers.MethodRunner.runInSequence(MethodRunner.java:63)
	at org.testng@7.11.0/org.testng.internal.invokers.TestInvoker$MethodInvocationAgent.invoke(TestInvoker.java:995)
	at org.testng@7.11.0/org.testng.internal.invokers.TestInvoker.invokeTestMethods(TestInvoker.java:203)
	at org.testng@7.11.0/org.testng.internal.invokers.TestMethodWorker.invokeTestMethods(TestMethodWorker.java:154)
	at org.testng@7.11.0/org.testng.internal.invokers.TestMethodWorker.run(TestMethodWorker.java:134)
	at java.base/java.util.ArrayList.forEach(ArrayList.java:1612)
	at org.testng@7.11.0/org.testng.TestRunner.privateRun(TestRunner.java:741)
	at org.testng@7.11.0/org.testng.TestRunner.run(TestRunner.java:616)
	at org.testng@7.11.0/org.testng.SuiteRunner.runTest(SuiteRunner.java:421)
	at org.testng@7.11.0/org.testng.SuiteRunner.runSequentially(SuiteRunner.java:413)
	at org.testng@7.11.0/org.testng.SuiteRunner.privateRun(SuiteRunner.java:373)
	at org.testng@7.11.0/org.testng.SuiteRunner.run(SuiteRunner.java:312)
	at org.testng@7.11.0/org.testng.SuiteRunnerWorker.runSuite(SuiteRunnerWorker.java:52)
	at org.testng@7.11.0/org.testng.SuiteRunnerWorker.run(SuiteRunnerWorker.java:95)
	at org.testng@7.11.0/org.testng.TestNG.runSuitesSequentially(TestNG.java:1274)
	at org.testng@7.11.0/org.testng.TestNG.runSuitesLocally(TestNG.java:1208)
	at org.testng@7.11.0/org.testng.TestNG.runSuites(TestNG.java:1112)
	at org.testng@7.11.0/org.testng.TestNG.run(TestNG.java:1079)
	at org.apache.maven.surefire.testng.TestNGExecutor.run(TestNGExecutor.java:308)
	at org.apache.maven.surefire.testng.TestNGXmlTestSuite.execute(TestNGXmlTestSuite.java:71)
	at org.apache.maven.surefire.testng.TestNGProvider.invoke(TestNGProvider.java:113)
	at org.apache.maven.surefire.booter.ForkedBooter.runSuitesInProcess(ForkedBooter.java:385)
	at org.apache.maven.surefire.booter.ForkedBooter.execute(ForkedBooter.java:162)
	at org.apache.maven.surefire.booter.ForkedBooter.run(ForkedBooter.java:507)
	at org.apache.maven.surefire.booter.ForkedBooter.main(ForkedBooter.java:495)
]]></failure>
    <system-err><![CDATA[Jul 03, 2026 4:41:22 PM org.openqa.selenium.devtools.CdpVersionFinder findNearestMatch
WARNING: Unable to find CDP implementation matching 149
Jul 03, 2026 4:41:22 PM org.openqa.selenium.chromium.ChromiumDriver lambda$new$4
WARNING: Unable to find version of CDP to use for 149.0.7827.199. You may need to include a dependency on a specific version of the CDP using something similar to `org.seleniumhq.selenium:selenium-devtools-v86:4.38.0` where the version ("v86") matches the version of the chromium-based browser you're using and the version number of the artifact is the same as Selenium's.
]]></system-err>
  </testcase>
  <testcase name="setandsaveprofile2" classname="test.streamprofiletest" time="3.599">
    <failure message="Cannot locate option with text: 640x360&#10;For documentation on this error, please visit: https://www.selenium.dev/documentation/webdriver/troubleshooting/errors#nosuchelementexception&#10;Build info: version: &apos;4.38.0&apos;, revision: &apos;6b412e825c*&apos;&#10;System info: os.name: &apos;Windows 11&apos;, os.arch: &apos;amd64&apos;, os.version: &apos;10.0&apos;, java.version: &apos;26.0.1&apos;&#10;Driver info: driver.version: unknown" type="org.openqa.selenium.NoSuchElementException"><![CDATA[org.openqa.selenium.NoSuchElementException: 
Cannot locate option with text: 640x360
For documentation on this error, please visit: https://www.selenium.dev/documentation/webdriver/troubleshooting/errors#nosuchelementexception
Build info: version: '4.38.0', revision: '6b412e825c*'
System info: os.name: 'Windows 11', os.arch: 'amd64', os.version: '10.0', java.version: '26.0.1'
Driver info: driver.version: unknown
	at org.seleniumhq.selenium.support/org.openqa.selenium.support.ui.Select.selectByVisibleText(Select.java:397)
	at org.seleniumhq.selenium.support/org.openqa.selenium.support.ui.Select.selectByVisibleText(Select.java:125)
	at Framework@0.0.1-SNAPSHOT/ipcamera.pageobject.streamprofileobject.setresolution(streamprofileobject.java:170)
	at Framework@0.0.1-SNAPSHOT/test.streamprofiletest.setandsaveprofile2(streamprofiletest.java:220)
	at java.base/jdk.internal.reflect.DirectMethodHandleAccessor.invoke(DirectMethodHandleAccessor.java:104)
	at java.base/java.lang.reflect.Method.invoke(Method.java:565)
	at org.testng@7.11.0/org.testng.internal.invokers.MethodInvocationHelper.invokeMethod(MethodInvocationHelper.java:141)
	at org.testng@7.11.0/org.testng.internal.invokers.TestInvoker.invokeMethod(TestInvoker.java:687)
	at org.testng@7.11.0/org.testng.internal.invokers.TestInvoker.invokeTestMethod(TestInvoker.java:230)
	at org.testng@7.11.0/org.testng.internal.invokers.MethodRunner.runInSequence(MethodRunner.java:63)
	at org.testng@7.11.0/org.testng.internal.invokers.TestInvoker$MethodInvocationAgent.invoke(TestInvoker.java:995)
	at org.testng@7.11.0/org.testng.internal.invokers.TestInvoker.invokeTestMethods(TestInvoker.java:203)
	at org.testng@7.11.0/org.testng.internal.invokers.TestMethodWorker.invokeTestMethods(TestMethodWorker.java:154)
	at org.testng@7.11.0/org.testng.internal.invokers.TestMethodWorker.run(TestMethodWorker.java:134)
	at java.base/java.util.ArrayList.forEach(ArrayList.java:1612)
	at org.testng@7.11.0/org.testng.TestRunner.privateRun(TestRunner.java:741)
	at org.testng@7.11.0/org.testng.TestRunner.run(TestRunner.java:616)
	at org.testng@7.11.0/org.testng.SuiteRunner.runTest(SuiteRunner.java:421)
	at org.testng@7.11.0/org.testng.SuiteRunner.runSequentially(SuiteRunner.java:413)
	at org.testng@7.11.0/org.testng.SuiteRunner.privateRun(SuiteRunner.java:373)
	at org.testng@7.11.0/org.testng.SuiteRunner.run(SuiteRunner.java:312)
	at org.testng@7.11.0/org.testng.SuiteRunnerWorker.runSuite(SuiteRunnerWorker.java:52)
	at org.testng@7.11.0/org.testng.SuiteRunnerWorker.run(SuiteRunnerWorker.java:95)
	at org.testng@7.11.0/org.testng.TestNG.runSuitesSequentially(TestNG.java:1274)
	at org.testng@7.11.0/org.testng.TestNG.runSuitesLocally(TestNG.java:1208)
	at org.testng@7.11.0/org.testng.TestNG.runSuites(TestNG.java:1112)
	at org.testng@7.11.0/org.testng.TestNG.run(TestNG.java:1079)
	at org.apache.maven.surefire.testng.TestNGExecutor.run(TestNGExecutor.java:308)
	at org.apache.maven.surefire.testng.TestNGXmlTestSuite.execute(TestNGXmlTestSuite.java:71)
	at org.apache.maven.surefire.testng.TestNGProvider.invoke(TestNGProvider.java:113)
	at org.apache.maven.surefire.booter.ForkedBooter.runSuitesInProcess(ForkedBooter.java:385)
	at org.apache.maven.surefire.booter.ForkedBooter.execute(ForkedBooter.java:162)
	at org.apache.maven.surefire.booter.ForkedBooter.run(ForkedBooter.java:507)
	at org.apache.maven.surefire.booter.ForkedBooter.main(ForkedBooter.java:495)
]]></failure>
    <system-err><![CDATA[Jul 03, 2026 4:41:27 PM org.openqa.selenium.devtools.CdpVersionFinder findNearestMatch
WARNING: Unable to find CDP implementation matching 149
Jul 03, 2026 4:41:27 PM org.openqa.selenium.chromium.ChromiumDriver lambda$new$4
WARNING: Unable to find version of CDP to use for 149.0.7827.199. You may need to include a dependency on a specific version of the CDP using something similar to `org.seleniumhq.selenium:selenium-devtools-v86:4.38.0` where the version ("v86") matches the version of the chromium-based browser you're using and the version number of the artifact is the same as Selenium's.
]]></system-err>
  </testcase>
  <testcase name="setandsaveprofile3" classname="test.streamprofiletest" time="3.458">
    <failure message="Cannot locate option with text: 1280x720&#10;For documentation on this error, please visit: https://www.selenium.dev/documentation/webdriver/troubleshooting/errors#nosuchelementexception&#10;Build info: version: &apos;4.38.0&apos;, revision: &apos;6b412e825c*&apos;&#10;System info: os.name: &apos;Windows 11&apos;, os.arch: &apos;amd64&apos;, os.version: &apos;10.0&apos;, java.version: &apos;26.0.1&apos;&#10;Driver info: driver.version: unknown" type="org.openqa.selenium.NoSuchElementException"><![CDATA[org.openqa.selenium.NoSuchElementException: 
Cannot locate option with text: 1280x720
For documentation on this error, please visit: https://www.selenium.dev/documentation/webdriver/troubleshooting/errors#nosuchelementexception
Build info: version: '4.38.0', revision: '6b412e825c*'
System info: os.name: 'Windows 11', os.arch: 'amd64', os.version: '10.0', java.version: '26.0.1'
Driver info: driver.version: unknown
	at org.seleniumhq.selenium.support/org.openqa.selenium.support.ui.Select.selectByVisibleText(Select.java:397)
	at org.seleniumhq.selenium.support/org.openqa.selenium.support.ui.Select.selectByVisibleText(Select.java:125)
	at Framework@0.0.1-SNAPSHOT/ipcamera.pageobject.streamprofileobject.setresolution(streamprofileobject.java:170)
	at Framework@0.0.1-SNAPSHOT/test.streamprofiletest.setandsaveprofile3(streamprofiletest.java:260)
	at java.base/jdk.internal.reflect.DirectMethodHandleAccessor.invoke(DirectMethodHandleAccessor.java:104)
	at java.base/java.lang.reflect.Method.invoke(Method.java:565)
	at org.testng@7.11.0/org.testng.internal.invokers.MethodInvocationHelper.invokeMethod(MethodInvocationHelper.java:141)
	at org.testng@7.11.0/org.testng.internal.invokers.TestInvoker.invokeMethod(TestInvoker.java:687)
	at org.testng@7.11.0/org.testng.internal.invokers.TestInvoker.invokeTestMethod(TestInvoker.java:230)
	at org.testng@7.11.0/org.testng.internal.invokers.MethodRunner.runInSequence(MethodRunner.java:63)
	at org.testng@7.11.0/org.testng.internal.invokers.TestInvoker$MethodInvocationAgent.invoke(TestInvoker.java:995)
	at org.testng@7.11.0/org.testng.internal.invokers.TestInvoker.invokeTestMethods(TestInvoker.java:203)
	at org.testng@7.11.0/org.testng.internal.invokers.TestMethodWorker.invokeTestMethods(TestMethodWorker.java:154)
	at org.testng@7.11.0/org.testng.internal.invokers.TestMethodWorker.run(TestMethodWorker.java:134)
	at java.base/java.util.ArrayList.forEach(ArrayList.java:1612)
	at org.testng@7.11.0/org.testng.TestRunner.privateRun(TestRunner.java:741)
	at org.testng@7.11.0/org.testng.TestRunner.run(TestRunner.java:616)
	at org.testng@7.11.0/org.testng.SuiteRunner.runTest(SuiteRunner.java:421)
	at org.testng@7.11.0/org.testng.SuiteRunner.runSequentially(SuiteRunner.java:413)
	at org.testng@7.11.0/org.testng.SuiteRunner.privateRun(SuiteRunner.java:373)
	at org.testng@7.11.0/org.testng.SuiteRunner.run(SuiteRunner.java:312)
	at org.testng@7.11.0/org.testng.SuiteRunnerWorker.runSuite(SuiteRunnerWorker.java:52)
	at org.testng@7.11.0/org.testng.SuiteRunnerWorker.run(SuiteRunnerWorker.java:95)
	at org.testng@7.11.0/org.testng.TestNG.runSuitesSequentially(TestNG.java:1274)
	at org.testng@7.11.0/org.testng.TestNG.runSuitesLocally(TestNG.java:1208)
	at org.testng@7.11.0/org.testng.TestNG.runSuites(TestNG.java:1112)
	at org.testng@7.11.0/org.testng.TestNG.run(TestNG.java:1079)
	at org.apache.maven.surefire.testng.TestNGExecutor.run(TestNGExecutor.java:308)
	at org.apache.maven.surefire.testng.TestNGXmlTestSuite.execute(TestNGXmlTestSuite.java:71)
	at org.apache.maven.surefire.testng.TestNGProvider.invoke(TestNGProvider.java:113)
	at org.apache.maven.surefire.booter.ForkedBooter.runSuitesInProcess(ForkedBooter.java:385)
	at org.apache.maven.surefire.booter.ForkedBooter.execute(ForkedBooter.java:162)
	at org.apache.maven.surefire.booter.ForkedBooter.run(ForkedBooter.java:507)
	at org.apache.maven.surefire.booter.ForkedBooter.main(ForkedBooter.java:495)
]]></failure>
    <system-err><![CDATA[Jul 03, 2026 4:41:32 PM org.openqa.selenium.devtools.CdpVersionFinder findNearestMatch
WARNING: Unable to find CDP implementation matching 149
Jul 03, 2026 4:41:32 PM org.openqa.selenium.chromium.ChromiumDriver lambda$new$4
WARNING: Unable to find version of CDP to use for 149.0.7827.199. You may need to include a dependency on a specific version of the CDP using something similar to `org.seleniumhq.selenium:selenium-devtools-v86:4.38.0` where the version ("v86") matches the version of the chromium-based browser you're using and the version number of the artifact is the same as Selenium's.
]]></system-err>
  </testcase>
  <testcase name="setandsaveprofile4" classname="test.streamprofiletest" time="3.744">
    <failure message="Cannot locate option with text: 1280x720&#10;For documentation on this error, please visit: https://www.selenium.dev/documentation/webdriver/troubleshooting/errors#nosuchelementexception&#10;Build info: version: &apos;4.38.0&apos;, revision: &apos;6b412e825c*&apos;&#10;System info: os.name: &apos;Windows 11&apos;, os.arch: &apos;amd64&apos;, os.version: &apos;10.0&apos;, java.version: &apos;26.0.1&apos;&#10;Driver info: driver.version: unknown" type="org.openqa.selenium.NoSuchElementException"><![CDATA[org.openqa.selenium.NoSuchElementException: 
Cannot locate option with text: 1280x720
For documentation on this error, please visit: https://www.selenium.dev/documentation/webdriver/troubleshooting/errors#nosuchelementexception
Build info: version: '4.38.0', revision: '6b412e825c*'
System info: os.name: 'Windows 11', os.arch: 'amd64', os.version: '10.0', java.version: '26.0.1'
Driver info: driver.version: unknown
	at org.seleniumhq.selenium.support/org.openqa.selenium.support.ui.Select.selectByVisibleText(Select.java:397)
	at org.seleniumhq.selenium.support/org.openqa.selenium.support.ui.Select.selectByVisibleText(Select.java:125)
	at Framework@0.0.1-SNAPSHOT/ipcamera.pageobject.streamprofileobject.setresolution(streamprofileobject.java:170)
	at Framework@0.0.1-SNAPSHOT/test.streamprofiletest.setandsaveprofile4(streamprofiletest.java:293)
	at java.base/jdk.internal.reflect.DirectMethodHandleAccessor.invoke(DirectMethodHandleAccessor.java:104)
	at java.base/java.lang.reflect.Method.invoke(Method.java:565)
	at org.testng@7.11.0/org.testng.internal.invokers.MethodInvocationHelper.invokeMethod(MethodInvocationHelper.java:141)
	at org.testng@7.11.0/org.testng.internal.invokers.TestInvoker.invokeMethod(TestInvoker.java:687)
	at org.testng@7.11.0/org.testng.internal.invokers.TestInvoker.invokeTestMethod(TestInvoker.java:230)
	at org.testng@7.11.0/org.testng.internal.invokers.MethodRunner.runInSequence(MethodRunner.java:63)
	at org.testng@7.11.0/org.testng.internal.invokers.TestInvoker$MethodInvocationAgent.invoke(TestInvoker.java:995)
	at org.testng@7.11.0/org.testng.internal.invokers.TestInvoker.invokeTestMethods(TestInvoker.java:203)
	at org.testng@7.11.0/org.testng.internal.invokers.TestMethodWorker.invokeTestMethods(TestMethodWorker.java:154)
	at org.testng@7.11.0/org.testng.internal.invokers.TestMethodWorker.run(TestMethodWorker.java:134)
	at java.base/java.util.ArrayList.forEach(ArrayList.java:1612)
	at org.testng@7.11.0/org.testng.TestRunner.privateRun(TestRunner.java:741)
	at org.testng@7.11.0/org.testng.TestRunner.run(TestRunner.java:616)
	at org.testng@7.11.0/org.testng.SuiteRunner.runTest(SuiteRunner.java:421)
	at org.testng@7.11.0/org.testng.SuiteRunner.runSequentially(SuiteRunner.java:413)
	at org.testng@7.11.0/org.testng.SuiteRunner.privateRun(SuiteRunner.java:373)
	at org.testng@7.11.0/org.testng.SuiteRunner.run(SuiteRunner.java:312)
	at org.testng@7.11.0/org.testng.SuiteRunnerWorker.runSuite(SuiteRunnerWorker.java:52)
	at org.testng@7.11.0/org.testng.SuiteRunnerWorker.run(SuiteRunnerWorker.java:95)
	at org.testng@7.11.0/org.testng.TestNG.runSuitesSequentially(TestNG.java:1274)
	at org.testng@7.11.0/org.testng.TestNG.runSuitesLocally(TestNG.java:1208)
	at org.testng@7.11.0/org.testng.TestNG.runSuites(TestNG.java:1112)
	at org.testng@7.11.0/org.testng.TestNG.run(TestNG.java:1079)
	at org.apache.maven.surefire.testng.TestNGExecutor.run(TestNGExecutor.java:308)
	at org.apache.maven.surefire.testng.TestNGXmlTestSuite.execute(TestNGXmlTestSuite.java:71)
	at org.apache.maven.surefire.testng.TestNGProvider.invoke(TestNGProvider.java:113)
	at org.apache.maven.surefire.booter.ForkedBooter.runSuitesInProcess(ForkedBooter.java:385)
	at org.apache.maven.surefire.booter.ForkedBooter.execute(ForkedBooter.java:162)
	at org.apache.maven.surefire.booter.ForkedBooter.run(ForkedBooter.java:507)
	at org.apache.maven.surefire.booter.ForkedBooter.main(ForkedBooter.java:495)
]]></failure>
    <system-err><![CDATA[Jul 03, 2026 4:41:37 PM org.openqa.selenium.devtools.CdpVersionFinder findNearestMatch
WARNING: Unable to find CDP implementation matching 149
Jul 03, 2026 4:41:37 PM org.openqa.selenium.chromium.ChromiumDriver lambda$new$4
WARNING: Unable to find version of CDP to use for 149.0.7827.199. You may need to include a dependency on a specific version of the CDP using something similar to `org.seleniumhq.selenium:selenium-devtools-v86:4.38.0` where the version ("v86") matches the version of the chromium-based browser you're using and the version number of the artifact is the same as Selenium's.
]]></system-err>
  </testcase>
  <testcase name="settimezone_india" classname="test.datetimetest" time="3.203">
    <failure message="Cannot locate option with text: (UTC+05:30) Chennai Kolkata Mumbai New Delhi&#10;For documentation on this error, please visit: https://www.selenium.dev/documentation/webdriver/troubleshooting/errors#nosuchelementexception&#10;Build info: version: &apos;4.38.0&apos;, revision: &apos;6b412e825c*&apos;&#10;System info: os.name: &apos;Windows 11&apos;, os.arch: &apos;amd64&apos;, os.version: &apos;10.0&apos;, java.version: &apos;26.0.1&apos;&#10;Driver info: driver.version: unknown" type="org.openqa.selenium.NoSuchElementException"><![CDATA[org.openqa.selenium.NoSuchElementException: 
Cannot locate option with text: (UTC+05:30) Chennai Kolkata Mumbai New Delhi
For documentation on this error, please visit: https://www.selenium.dev/documentation/webdriver/troubleshooting/errors#nosuchelementexception
Build info: version: '4.38.0', revision: '6b412e825c*'
System info: os.name: 'Windows 11', os.arch: 'amd64', os.version: '10.0', java.version: '26.0.1'
Driver info: driver.version: unknown
	at org.seleniumhq.selenium.support/org.openqa.selenium.support.ui.Select.selectByVisibleText(Select.java:397)
	at org.seleniumhq.selenium.support/org.openqa.selenium.support.ui.Select.selectByVisibleText(Select.java:125)
	at Framework@0.0.1-SNAPSHOT/ipcamera.pageobject.datetimepageobject.settimezone(datetimepageobject.java:132)
	at Framework@0.0.1-SNAPSHOT/test.datetimetest.settimezone_india(datetimetest.java:80)
	at java.base/jdk.internal.reflect.DirectMethodHandleAccessor.invoke(DirectMethodHandleAccessor.java:104)
	at java.base/java.lang.reflect.Method.invoke(Method.java:565)
	at org.testng@7.11.0/org.testng.internal.invokers.MethodInvocationHelper.invokeMethod(MethodInvocationHelper.java:141)
	at org.testng@7.11.0/org.testng.internal.invokers.TestInvoker.invokeMethod(TestInvoker.java:687)
	at org.testng@7.11.0/org.testng.internal.invokers.TestInvoker.invokeTestMethod(TestInvoker.java:230)
	at org.testng@7.11.0/org.testng.internal.invokers.MethodRunner.runInSequence(MethodRunner.java:63)
	at org.testng@7.11.0/org.testng.internal.invokers.TestInvoker$MethodInvocationAgent.invoke(TestInvoker.java:995)
	at org.testng@7.11.0/org.testng.internal.invokers.TestInvoker.invokeTestMethods(TestInvoker.java:203)
	at org.testng@7.11.0/org.testng.internal.invokers.TestMethodWorker.invokeTestMethods(TestMethodWorker.java:154)
	at org.testng@7.11.0/org.testng.internal.invokers.TestMethodWorker.run(TestMethodWorker.java:134)
	at java.base/java.util.ArrayList.forEach(ArrayList.java:1612)
	at org.testng@7.11.0/org.testng.TestRunner.privateRun(TestRunner.java:741)
	at org.testng@7.11.0/org.testng.TestRunner.run(TestRunner.java:616)
	at org.testng@7.11.0/org.testng.SuiteRunner.runTest(SuiteRunner.java:421)
	at org.testng@7.11.0/org.testng.SuiteRunner.runSequentially(SuiteRunner.java:413)
	at org.testng@7.11.0/org.testng.SuiteRunner.privateRun(SuiteRunner.java:373)
	at org.testng@7.11.0/org.testng.SuiteRunner.run(SuiteRunner.java:312)
	at org.testng@7.11.0/org.testng.SuiteRunnerWorker.runSuite(SuiteRunnerWorker.java:52)
	at org.testng@7.11.0/org.testng.SuiteRunnerWorker.run(SuiteRunnerWorker.java:95)
	at org.testng@7.11.0/org.testng.TestNG.runSuitesSequentially(TestNG.java:1274)
	at org.testng@7.11.0/org.testng.TestNG.runSuitesLocally(TestNG.java:1208)
	at org.testng@7.11.0/org.testng.TestNG.runSuites(TestNG.java:1112)
	at org.testng@7.11.0/org.testng.TestNG.run(TestNG.java:1079)
	at org.apache.maven.surefire.testng.TestNGExecutor.run(TestNGExecutor.java:308)
	at org.apache.maven.surefire.testng.TestNGXmlTestSuite.execute(TestNGXmlTestSuite.java:71)
	at org.apache.maven.surefire.testng.TestNGProvider.invoke(TestNGProvider.java:113)
	at org.apache.maven.surefire.booter.ForkedBooter.runSuitesInProcess(ForkedBooter.java:385)
	at org.apache.maven.surefire.booter.ForkedBooter.execute(ForkedBooter.java:162)
	at org.apache.maven.surefire.booter.ForkedBooter.run(ForkedBooter.java:507)
	at org.apache.maven.surefire.booter.ForkedBooter.main(ForkedBooter.java:495)
]]></failure>
    <system-err><![CDATA[Jul 03, 2026 4:41:42 PM org.openqa.selenium.devtools.CdpVersionFinder findNearestMatch
WARNING: Unable to find CDP implementation matching 149
Jul 03, 2026 4:41:42 PM org.openqa.selenium.chromium.ChromiumDriver lambda$new$4
WARNING: Unable to find version of CDP to use for 149.0.7827.199. You may need to include a dependency on a specific version of the CDP using something similar to `org.seleniumhq.selenium:selenium-devtools-v86:4.38.0` where the version ("v86") matches the version of the chromium-based browser you're using and the version number of the artifact is the same as Selenium's.
]]></system-err>
  </testcase>
  <testcase name="defaultaudio" classname="test.audiotest" time="3.995">
    <system-out><![CDATA[=== TC01 Default Audio ===
Input Encoder : G.711 u-law
Input Gain    : 5
Audio Out     : true
Output Gain   : 5
]]></system-out>
    <system-err><![CDATA[Jul 03, 2026 4:41:46 PM org.openqa.selenium.devtools.CdpVersionFinder findNearestMatch
WARNING: Unable to find CDP implementation matching 149
Jul 03, 2026 4:41:46 PM org.openqa.selenium.chromium.ChromiumDriver lambda$new$4
WARNING: Unable to find version of CDP to use for 149.0.7827.199. You may need to include a dependency on a specific version of the CDP using something similar to `org.seleniumhq.selenium:selenium-devtools-v86:4.38.0` where the version ("v86") matches the version of the chromium-based browser you're using and the version number of the artifact is the same as Selenium's.
]]></system-err>
  </testcase>
  <testcase name="tc02_ipchange_static" classname="test.networktest" time="13.014">
    <system-out><![CDATA[Reconnecting to new IP: http://192.168.101.214/html/index.html
=== TC02 IP Change Static ===
New IP     : 192.168.101.214
Subnet     : 255.255.255.0
Gateway    : 192.168.101.1
]]></system-out>
    <system-err><![CDATA[Jul 03, 2026 4:41:52 PM org.openqa.selenium.devtools.CdpVersionFinder findNearestMatch
WARNING: Unable to find CDP implementation matching 149
Jul 03, 2026 4:41:52 PM org.openqa.selenium.chromium.ChromiumDriver lambda$new$4
WARNING: Unable to find version of CDP to use for 149.0.7827.199. You may need to include a dependency on a specific version of the CDP using something similar to `org.seleniumhq.selenium:selenium-devtools-v86:4.38.0` where the version ("v86") matches the version of the chromium-based browser you're using and the version number of the artifact is the same as Selenium's.
]]></system-err>
  </testcase>
  <testcase name="tc15_nas_cifs" classname="test.networktest" time="7.429">
    <system-err><![CDATA[Jul 03, 2026 4:42:06 PM org.openqa.selenium.devtools.CdpVersionFinder findNearestMatch
WARNING: Unable to find CDP implementation matching 149
Jul 03, 2026 4:42:06 PM org.openqa.selenium.chromium.ChromiumDriver lambda$new$4
WARNING: Unable to find version of CDP to use for 149.0.7827.199. You may need to include a dependency on a specific version of the CDP using something similar to `org.seleniumhq.selenium:selenium-devtools-v86:4.38.0` where the version ("v86") matches the version of the chromium-based browser you're using and the version number of the artifact is the same as Selenium's.
]]></system-err>
  </testcase>
  <testcase name="tc16_nas_nfs" classname="test.networktest" time="10.966">
    <failure message="expected [] but found [Connection failed]" type="java.lang.AssertionError"><![CDATA[java.lang.AssertionError: expected [] but found [Connection failed]
	at org.testng@7.11.0/org.testng.Assert.fail(Assert.java:111)
	at org.testng@7.11.0/org.testng.Assert.failNotEquals(Assert.java:1590)
	at org.testng@7.11.0/org.testng.Assert.assertEqualsImpl(Assert.java:150)
	at org.testng@7.11.0/org.testng.Assert.assertEquals(Assert.java:132)
	at org.testng@7.11.0/org.testng.Assert.assertEquals(Assert.java:656)
	at org.testng@7.11.0/org.testng.Assert.assertEquals(Assert.java:666)
	at Framework@0.0.1-SNAPSHOT/test.networktest.tc16_nas_nfs(networktest.java:481)
	at java.base/jdk.internal.reflect.DirectMethodHandleAccessor.invoke(DirectMethodHandleAccessor.java:104)
	at java.base/java.lang.reflect.Method.invoke(Method.java:565)
	at org.testng@7.11.0/org.testng.internal.invokers.MethodInvocationHelper.invokeMethod(MethodInvocationHelper.java:141)
	at org.testng@7.11.0/org.testng.internal.invokers.TestInvoker.invokeMethod(TestInvoker.java:687)
	at org.testng@7.11.0/org.testng.internal.invokers.TestInvoker.invokeTestMethod(TestInvoker.java:230)
	at org.testng@7.11.0/org.testng.internal.invokers.MethodRunner.runInSequence(MethodRunner.java:63)
	at org.testng@7.11.0/org.testng.internal.invokers.TestInvoker$MethodInvocationAgent.invoke(TestInvoker.java:995)
	at org.testng@7.11.0/org.testng.internal.invokers.TestInvoker.invokeTestMethods(TestInvoker.java:203)
	at org.testng@7.11.0/org.testng.internal.invokers.TestMethodWorker.invokeTestMethods(TestMethodWorker.java:154)
	at org.testng@7.11.0/org.testng.internal.invokers.TestMethodWorker.run(TestMethodWorker.java:134)
	at java.base/java.util.ArrayList.forEach(ArrayList.java:1612)
	at org.testng@7.11.0/org.testng.TestRunner.privateRun(TestRunner.java:741)
	at org.testng@7.11.0/org.testng.TestRunner.run(TestRunner.java:616)
	at org.testng@7.11.0/org.testng.SuiteRunner.runTest(SuiteRunner.java:421)
	at org.testng@7.11.0/org.testng.SuiteRunner.runSequentially(SuiteRunner.java:413)
	at org.testng@7.11.0/org.testng.SuiteRunner.privateRun(SuiteRunner.java:373)
	at org.testng@7.11.0/org.testng.SuiteRunner.run(SuiteRunner.java:312)
	at org.testng@7.11.0/org.testng.SuiteRunnerWorker.runSuite(SuiteRunnerWorker.java:52)
	at org.testng@7.11.0/org.testng.SuiteRunnerWorker.run(SuiteRunnerWorker.java:95)
	at org.testng@7.11.0/org.testng.TestNG.runSuitesSequentially(TestNG.java:1274)
	at org.testng@7.11.0/org.testng.TestNG.runSuitesLocally(TestNG.java:1208)
	at org.testng@7.11.0/org.testng.TestNG.runSuites(TestNG.java:1112)
	at org.testng@7.11.0/org.testng.TestNG.run(TestNG.java:1079)
	at org.apache.maven.surefire.testng.TestNGExecutor.run(TestNGExecutor.java:308)
	at org.apache.maven.surefire.testng.TestNGXmlTestSuite.execute(TestNGXmlTestSuite.java:71)
	at org.apache.maven.surefire.testng.TestNGProvider.invoke(TestNGProvider.java:113)
	at org.apache.maven.surefire.booter.ForkedBooter.runSuitesInProcess(ForkedBooter.java:385)
	at org.apache.maven.surefire.booter.ForkedBooter.execute(ForkedBooter.java:162)
	at org.apache.maven.surefire.booter.ForkedBooter.run(ForkedBooter.java:507)
	at org.apache.maven.surefire.booter.ForkedBooter.main(ForkedBooter.java:495)
]]></failure>
    <system-err><![CDATA[Jul 03, 2026 4:42:15 PM org.openqa.selenium.devtools.CdpVersionFinder findNearestMatch
WARNING: Unable to find CDP implementation matching 149
Jul 03, 2026 4:42:15 PM org.openqa.selenium.chromium.ChromiumDriver lambda$new$4
WARNING: Unable to find version of CDP to use for 149.0.7827.199. You may need to include a dependency on a specific version of the CDP using something similar to `org.seleniumhq.selenium:selenium-devtools-v86:4.38.0` where the version ("v86") matches the version of the chromium-based browser you're using and the version number of the artifact is the same as Selenium's.
]]></system-err>
  </testcase>
  <testcase name="tc20_port_default" classname="test.networktest" time="3.765">
    <system-out><![CDATA[=== TC20 Default Ports ===
HTTP  : 80
RTSP  : 554
HTTPS : 443
RTP   : 5000
RTCP  : 5001
]]></system-out>
    <system-err><![CDATA[Jul 03, 2026 4:42:27 PM org.openqa.selenium.devtools.CdpVersionFinder findNearestMatch
WARNING: Unable to find CDP implementation matching 149
Jul 03, 2026 4:42:27 PM org.openqa.selenium.chromium.ChromiumDriver lambda$new$4
WARNING: Unable to find version of CDP to use for 149.0.7827.199. You may need to include a dependency on a specific version of the CDP using something similar to `org.seleniumhq.selenium:selenium-devtools-v86:4.38.0` where the version ("v86") matches the version of the chromium-based browser you're using and the version number of the artifact is the same as Selenium's.
]]></system-err>
  </testcase>
  <testcase name="tc21_port_changeall" classname="test.networktest" time="13.334">
    <system-out><![CDATA[Reconnecting to new port: http://192.168.101.213:7811/html/index.html
=== TC21 Change All Ports ===
HTTP  : 7811
RTSP  : 7822
HTTPS : 7834
RTP   : 7856
RTCP  : 7857
]]></system-out>
    <system-err><![CDATA[Jul 03, 2026 4:42:32 PM org.openqa.selenium.devtools.CdpVersionFinder findNearestMatch
WARNING: Unable to find CDP implementation matching 149
Jul 03, 2026 4:42:32 PM org.openqa.selenium.chromium.ChromiumDriver lambda$new$4
WARNING: Unable to find version of CDP to use for 149.0.7827.199. You may need to include a dependency on a specific version of the CDP using something similar to `org.seleniumhq.selenium:selenium-devtools-v86:4.38.0` where the version ("v86") matches the version of the chromium-based browser you're using and the version number of the artifact is the same as Selenium's.
]]></system-err>
  </testcase>
  <testcase name="tc01_ftp_testconnection" classname="test.eventservertest" time="19.489">
    <system-out><![CDATA[=== TC01 FTP Test Connection ===
Server  : 192.168.1.200
Message : Connection failed
]]></system-out>
    <system-err><![CDATA[Jul 03, 2026 4:42:49 PM org.openqa.selenium.devtools.CdpVersionFinder findNearestMatch
WARNING: Unable to find CDP implementation matching 149
Jul 03, 2026 4:42:49 PM org.openqa.selenium.chromium.ChromiumDriver lambda$new$4
WARNING: Unable to find version of CDP to use for 149.0.7827.199. You may need to include a dependency on a specific version of the CDP using something similar to `org.seleniumhq.selenium:selenium-devtools-v86:4.38.0` where the version ("v86") matches the version of the chromium-based browser you're using and the version number of the artifact is the same as Selenium's.
]]></system-err>
  </testcase>
  <testcase name="tc02_ftp_default" classname="test.eventservertest" time="3.651">
    <system-out><![CDATA[=== TC02 FTP Default ===
Enable  : false
Server  : 
Port    : 22
]]></system-out>
    <system-err><![CDATA[Jul 03, 2026 4:43:10 PM org.openqa.selenium.devtools.CdpVersionFinder findNearestMatch
WARNING: Unable to find CDP implementation matching 149
Jul 03, 2026 4:43:10 PM org.openqa.selenium.chromium.ChromiumDriver lambda$new$4
WARNING: Unable to find version of CDP to use for 149.0.7827.199. You may need to include a dependency on a specific version of the CDP using something similar to `org.seleniumhq.selenium:selenium-devtools-v86:4.38.0` where the version ("v86") matches the version of the chromium-based browser you're using and the version number of the artifact is the same as Selenium's.
]]></system-err>
  </testcase>
  <testcase name="tc03_email_testconnection" classname="test.eventservertest" time="15.001">
    <system-out><![CDATA[=== TC03 Email Test Connection ===
Server  : smtp.gmail.com
Message : Connection failed
Note    : Actual email receipt must be verified manually
]]></system-out>
    <system-err><![CDATA[Jul 03, 2026 4:43:15 PM org.openqa.selenium.devtools.CdpVersionFinder findNearestMatch
WARNING: Unable to find CDP implementation matching 149
Jul 03, 2026 4:43:15 PM org.openqa.selenium.chromium.ChromiumDriver lambda$new$4
WARNING: Unable to find version of CDP to use for 149.0.7827.199. You may need to include a dependency on a specific version of the CDP using something similar to `org.seleniumhq.selenium:selenium-devtools-v86:4.38.0` where the version ("v86") matches the version of the chromium-based browser you're using and the version number of the artifact is the same as Selenium's.
]]></system-err>
  </testcase>
  <testcase name="tc04_email_default" classname="test.eventservertest" time="3.606">
    <system-out><![CDATA[=== TC04 Email Default ===
Enable  : false
Server  : 
Port    : 25
]]></system-out>
    <system-err><![CDATA[Jul 03, 2026 4:43:31 PM org.openqa.selenium.devtools.CdpVersionFinder findNearestMatch
WARNING: Unable to find CDP implementation matching 149
Jul 03, 2026 4:43:31 PM org.openqa.selenium.chromium.ChromiumDriver lambda$new$4
WARNING: Unable to find version of CDP to use for 149.0.7827.199. You may need to include a dependency on a specific version of the CDP using something similar to `org.seleniumhq.selenium:selenium-devtools-v86:4.38.0` where the version ("v86") matches the version of the chromium-based browser you're using and the version number of the artifact is the same as Selenium's.
]]></system-err>
  </testcase>
  <testcase name="tc06_tcp_default" classname="test.eventservertest" time="3.463">
    <system-out><![CDATA[=== TC06 TCP Default ===
Enable : false
Server : 
Port   : 8000
]]></system-out>
    <system-err><![CDATA[Jul 03, 2026 4:43:36 PM org.openqa.selenium.devtools.CdpVersionFinder findNearestMatch
WARNING: Unable to find CDP implementation matching 149
Jul 03, 2026 4:43:36 PM org.openqa.selenium.chromium.ChromiumDriver lambda$new$4
WARNING: Unable to find version of CDP to use for 149.0.7827.199. You may need to include a dependency on a specific version of the CDP using something similar to `org.seleniumhq.selenium:selenium-devtools-v86:4.38.0` where the version ("v86") matches the version of the chromium-based browser you're using and the version number of the artifact is the same as Selenium's.
]]></system-err>
  </testcase>
  <testcase name="tc11_snmp_default" classname="test.eventservertest" time="3.959">
    <system-err><![CDATA[Jul 03, 2026 4:43:41 PM org.openqa.selenium.devtools.CdpVersionFinder findNearestMatch
WARNING: Unable to find CDP implementation matching 149
Jul 03, 2026 4:43:41 PM org.openqa.selenium.chromium.ChromiumDriver lambda$new$4
WARNING: Unable to find version of CDP to use for 149.0.7827.199. You may need to include a dependency on a specific version of the CDP using something similar to `org.seleniumhq.selenium:selenium-devtools-v86:4.38.0` where the version ("v86") matches the version of the chromium-based browser you're using and the version number of the artifact is the same as Selenium's.
]]></system-err>
  </testcase>
  <testcase name="tc02_upnp_default" classname="test.advancednetworktest" time="3.76">
    <failure message="The following asserts failed:&#10;	UPnP Friendly Name default mismatch! expected [GANZ-CAMERA] but found [Matrix IP Camera],&#10;	External HTTPS Port default mismatch! expected [443] but found [0],&#10;	External RTSP Port default mismatch! expected [554] but found [0],&#10;	Bonjour default mismatch! expected [true] but found [false],&#10;	Bonjour Friendly Name default mismatch! expected [GANZ-CAMERA] but found [Matrix IP Camera]" type="java.lang.AssertionError"><![CDATA[java.lang.AssertionError: 
The following asserts failed:
	UPnP Friendly Name default mismatch! expected [GANZ-CAMERA] but found [Matrix IP Camera],
	External HTTPS Port default mismatch! expected [443] but found [0],
	External RTSP Port default mismatch! expected [554] but found [0],
	Bonjour default mismatch! expected [true] but found [false],
	Bonjour Friendly Name default mismatch! expected [GANZ-CAMERA] but found [Matrix IP Camera]
	at org.testng@7.11.0/org.testng.asserts.SoftAssert.assertAll(SoftAssert.java:46)
	at org.testng@7.11.0/org.testng.asserts.SoftAssert.assertAll(SoftAssert.java:30)
	at Framework@0.0.1-SNAPSHOT/test.advancednetworktest.tc02_upnp_default(advancednetworktest.java:79)
	at java.base/jdk.internal.reflect.DirectMethodHandleAccessor.invoke(DirectMethodHandleAccessor.java:104)
	at java.base/java.lang.reflect.Method.invoke(Method.java:565)
	at org.testng@7.11.0/org.testng.internal.invokers.MethodInvocationHelper.invokeMethod(MethodInvocationHelper.java:141)
	at org.testng@7.11.0/org.testng.internal.invokers.TestInvoker.invokeMethod(TestInvoker.java:687)
	at org.testng@7.11.0/org.testng.internal.invokers.TestInvoker.invokeTestMethod(TestInvoker.java:230)
	at org.testng@7.11.0/org.testng.internal.invokers.MethodRunner.runInSequence(MethodRunner.java:63)
	at org.testng@7.11.0/org.testng.internal.invokers.TestInvoker$MethodInvocationAgent.invoke(TestInvoker.java:995)
	at org.testng@7.11.0/org.testng.internal.invokers.TestInvoker.invokeTestMethods(TestInvoker.java:203)
	at org.testng@7.11.0/org.testng.internal.invokers.TestMethodWorker.invokeTestMethods(TestMethodWorker.java:154)
	at org.testng@7.11.0/org.testng.internal.invokers.TestMethodWorker.run(TestMethodWorker.java:134)
	at java.base/java.util.ArrayList.forEach(ArrayList.java:1612)
	at org.testng@7.11.0/org.testng.TestRunner.privateRun(TestRunner.java:741)
	at org.testng@7.11.0/org.testng.TestRunner.run(TestRunner.java:616)
	at org.testng@7.11.0/org.testng.SuiteRunner.runTest(SuiteRunner.java:421)
	at org.testng@7.11.0/org.testng.SuiteRunner.runSequentially(SuiteRunner.java:413)
	at org.testng@7.11.0/org.testng.SuiteRunner.privateRun(SuiteRunner.java:373)
	at org.testng@7.11.0/org.testng.SuiteRunner.run(SuiteRunner.java:312)
	at org.testng@7.11.0/org.testng.SuiteRunnerWorker.runSuite(SuiteRunnerWorker.java:52)
	at org.testng@7.11.0/org.testng.SuiteRunnerWorker.run(SuiteRunnerWorker.java:95)
	at org.testng@7.11.0/org.testng.TestNG.runSuitesSequentially(TestNG.java:1274)
	at org.testng@7.11.0/org.testng.TestNG.runSuitesLocally(TestNG.java:1208)
	at org.testng@7.11.0/org.testng.TestNG.runSuites(TestNG.java:1112)
	at org.testng@7.11.0/org.testng.TestNG.run(TestNG.java:1079)
	at org.apache.maven.surefire.testng.TestNGExecutor.run(TestNGExecutor.java:308)
	at org.apache.maven.surefire.testng.TestNGXmlTestSuite.execute(TestNGXmlTestSuite.java:71)
	at org.apache.maven.surefire.testng.TestNGProvider.invoke(TestNGProvider.java:113)
	at org.apache.maven.surefire.booter.ForkedBooter.runSuitesInProcess(ForkedBooter.java:385)
	at org.apache.maven.surefire.booter.ForkedBooter.execute(ForkedBooter.java:162)
	at org.apache.maven.surefire.booter.ForkedBooter.run(ForkedBooter.java:507)
	at org.apache.maven.surefire.booter.ForkedBooter.main(ForkedBooter.java:495)
]]></failure>
    <system-out><![CDATA[=== TC02 UPnP and Bonjour Default ===
UPnP             : true
UPnP Name        : Matrix IP Camera
UPnP Forwarding  : false
External HTTPS   : 0
External RTSP    : 0
Bonjour          : false
Bonjour Name     : Matrix IP Camera
]]></system-out>
    <system-err><![CDATA[Jul 03, 2026 4:43:46 PM org.openqa.selenium.devtools.CdpVersionFinder findNearestMatch
WARNING: Unable to find CDP implementation matching 149
Jul 03, 2026 4:43:46 PM org.openqa.selenium.chromium.ChromiumDriver lambda$new$4
WARNING: Unable to find version of CDP to use for 149.0.7827.199. You may need to include a dependency on a specific version of the CDP using something similar to `org.seleniumhq.selenium:selenium-devtools-v86:4.38.0` where the version ("v86") matches the version of the chromium-based browser you're using and the version number of the artifact is the same as Selenium's.
]]></system-err>
  </testcase>
  <testcase name="tc05_ddns_default" classname="test.advancednetworktest" time="3.775">
    <failure message="The following asserts failed:&#10;	DDNS Update Interval default mismatch! expected [60] but found [5]" type="java.lang.AssertionError"><![CDATA[java.lang.AssertionError: 
The following asserts failed:
	DDNS Update Interval default mismatch! expected [60] but found [5]
	at org.testng@7.11.0/org.testng.asserts.SoftAssert.assertAll(SoftAssert.java:46)
	at org.testng@7.11.0/org.testng.asserts.SoftAssert.assertAll(SoftAssert.java:30)
	at Framework@0.0.1-SNAPSHOT/test.advancednetworktest.tc05_ddns_default(advancednetworktest.java:110)
	at java.base/jdk.internal.reflect.DirectMethodHandleAccessor.invoke(DirectMethodHandleAccessor.java:104)
	at java.base/java.lang.reflect.Method.invoke(Method.java:565)
	at org.testng@7.11.0/org.testng.internal.invokers.MethodInvocationHelper.invokeMethod(MethodInvocationHelper.java:141)
	at org.testng@7.11.0/org.testng.internal.invokers.TestInvoker.invokeMethod(TestInvoker.java:687)
	at org.testng@7.11.0/org.testng.internal.invokers.TestInvoker.invokeTestMethod(TestInvoker.java:230)
	at org.testng@7.11.0/org.testng.internal.invokers.MethodRunner.runInSequence(MethodRunner.java:63)
	at org.testng@7.11.0/org.testng.internal.invokers.TestInvoker$MethodInvocationAgent.invoke(TestInvoker.java:995)
	at org.testng@7.11.0/org.testng.internal.invokers.TestInvoker.invokeTestMethods(TestInvoker.java:203)
	at org.testng@7.11.0/org.testng.internal.invokers.TestMethodWorker.invokeTestMethods(TestMethodWorker.java:154)
	at org.testng@7.11.0/org.testng.internal.invokers.TestMethodWorker.run(TestMethodWorker.java:134)
	at java.base/java.util.ArrayList.forEach(ArrayList.java:1612)
	at org.testng@7.11.0/org.testng.TestRunner.privateRun(TestRunner.java:741)
	at org.testng@7.11.0/org.testng.TestRunner.run(TestRunner.java:616)
	at org.testng@7.11.0/org.testng.SuiteRunner.runTest(SuiteRunner.java:421)
	at org.testng@7.11.0/org.testng.SuiteRunner.runSequentially(SuiteRunner.java:413)
	at org.testng@7.11.0/org.testng.SuiteRunner.privateRun(SuiteRunner.java:373)
	at org.testng@7.11.0/org.testng.SuiteRunner.run(SuiteRunner.java:312)
	at org.testng@7.11.0/org.testng.SuiteRunnerWorker.runSuite(SuiteRunnerWorker.java:52)
	at org.testng@7.11.0/org.testng.SuiteRunnerWorker.run(SuiteRunnerWorker.java:95)
	at org.testng@7.11.0/org.testng.TestNG.runSuitesSequentially(TestNG.java:1274)
	at org.testng@7.11.0/org.testng.TestNG.runSuitesLocally(TestNG.java:1208)
	at org.testng@7.11.0/org.testng.TestNG.runSuites(TestNG.java:1112)
	at org.testng@7.11.0/org.testng.TestNG.run(TestNG.java:1079)
	at org.apache.maven.surefire.testng.TestNGExecutor.run(TestNGExecutor.java:308)
	at org.apache.maven.surefire.testng.TestNGXmlTestSuite.execute(TestNGXmlTestSuite.java:71)
	at org.apache.maven.surefire.testng.TestNGProvider.invoke(TestNGProvider.java:113)
	at org.apache.maven.surefire.booter.ForkedBooter.runSuitesInProcess(ForkedBooter.java:385)
	at org.apache.maven.surefire.booter.ForkedBooter.execute(ForkedBooter.java:162)
	at org.apache.maven.surefire.booter.ForkedBooter.run(ForkedBooter.java:507)
	at org.apache.maven.surefire.booter.ForkedBooter.main(ForkedBooter.java:495)
]]></failure>
    <system-out><![CDATA[=== TC05 DDNS Default ===
DDNS Enable     : false
DDNS Username   : 
DDNS Hostname   : 
Update Interval : 5
]]></system-out>
    <system-err><![CDATA[Jul 03, 2026 4:43:51 PM org.openqa.selenium.devtools.CdpVersionFinder findNearestMatch
WARNING: Unable to find CDP implementation matching 149
Jul 03, 2026 4:43:51 PM org.openqa.selenium.chromium.ChromiumDriver lambda$new$4
WARNING: Unable to find version of CDP to use for 149.0.7827.199. You may need to include a dependency on a specific version of the CDP using something similar to `org.seleniumhq.selenium:selenium-devtools-v86:4.38.0` where the version ("v86") matches the version of the chromium-based browser you're using and the version number of the artifact is the same as Selenium's.
]]></system-err>
  </testcase>
  <testcase name="tc08_mxdns_default" classname="test.advancednetworktest" time="3.433">
    <failure message="The following asserts failed:&#10;	Matrix DNS Forwarded Port default mismatch! expected [] but found [80]" type="java.lang.AssertionError"><![CDATA[java.lang.AssertionError: 
The following asserts failed:
	Matrix DNS Forwarded Port default mismatch! expected [] but found [80]
	at org.testng@7.11.0/org.testng.asserts.SoftAssert.assertAll(SoftAssert.java:46)
	at org.testng@7.11.0/org.testng.asserts.SoftAssert.assertAll(SoftAssert.java:30)
	at Framework@0.0.1-SNAPSHOT/test.advancednetworktest.tc08_mxdns_default(advancednetworktest.java:137)
	at java.base/jdk.internal.reflect.DirectMethodHandleAccessor.invoke(DirectMethodHandleAccessor.java:104)
	at java.base/java.lang.reflect.Method.invoke(Method.java:565)
	at org.testng@7.11.0/org.testng.internal.invokers.MethodInvocationHelper.invokeMethod(MethodInvocationHelper.java:141)
	at org.testng@7.11.0/org.testng.internal.invokers.TestInvoker.invokeMethod(TestInvoker.java:687)
	at org.testng@7.11.0/org.testng.internal.invokers.TestInvoker.invokeTestMethod(TestInvoker.java:230)
	at org.testng@7.11.0/org.testng.internal.invokers.MethodRunner.runInSequence(MethodRunner.java:63)
	at org.testng@7.11.0/org.testng.internal.invokers.TestInvoker$MethodInvocationAgent.invoke(TestInvoker.java:995)
	at org.testng@7.11.0/org.testng.internal.invokers.TestInvoker.invokeTestMethods(TestInvoker.java:203)
	at org.testng@7.11.0/org.testng.internal.invokers.TestMethodWorker.invokeTestMethods(TestMethodWorker.java:154)
	at org.testng@7.11.0/org.testng.internal.invokers.TestMethodWorker.run(TestMethodWorker.java:134)
	at java.base/java.util.ArrayList.forEach(ArrayList.java:1612)
	at org.testng@7.11.0/org.testng.TestRunner.privateRun(TestRunner.java:741)
	at org.testng@7.11.0/org.testng.TestRunner.run(TestRunner.java:616)
	at org.testng@7.11.0/org.testng.SuiteRunner.runTest(SuiteRunner.java:421)
	at org.testng@7.11.0/org.testng.SuiteRunner.runSequentially(SuiteRunner.java:413)
	at org.testng@7.11.0/org.testng.SuiteRunner.privateRun(SuiteRunner.java:373)
	at org.testng@7.11.0/org.testng.SuiteRunner.run(SuiteRunner.java:312)
	at org.testng@7.11.0/org.testng.SuiteRunnerWorker.runSuite(SuiteRunnerWorker.java:52)
	at org.testng@7.11.0/org.testng.SuiteRunnerWorker.run(SuiteRunnerWorker.java:95)
	at org.testng@7.11.0/org.testng.TestNG.runSuitesSequentially(TestNG.java:1274)
	at org.testng@7.11.0/org.testng.TestNG.runSuitesLocally(TestNG.java:1208)
	at org.testng@7.11.0/org.testng.TestNG.runSuites(TestNG.java:1112)
	at org.testng@7.11.0/org.testng.TestNG.run(TestNG.java:1079)
	at org.apache.maven.surefire.testng.TestNGExecutor.run(TestNGExecutor.java:308)
	at org.apache.maven.surefire.testng.TestNGXmlTestSuite.execute(TestNGXmlTestSuite.java:71)
	at org.apache.maven.surefire.testng.TestNGProvider.invoke(TestNGProvider.java:113)
	at org.apache.maven.surefire.booter.ForkedBooter.runSuitesInProcess(ForkedBooter.java:385)
	at org.apache.maven.surefire.booter.ForkedBooter.execute(ForkedBooter.java:162)
	at org.apache.maven.surefire.booter.ForkedBooter.run(ForkedBooter.java:507)
	at org.apache.maven.surefire.booter.ForkedBooter.main(ForkedBooter.java:495)
]]></failure>
    <system-out><![CDATA[=== TC08 Matrix DNS Default ===
Matrix DNS Enable : false
Hostname          : 
Forwarded Port    : 80
]]></system-out>
    <system-err><![CDATA[Jul 03, 2026 4:43:56 PM org.openqa.selenium.devtools.CdpVersionFinder findNearestMatch
WARNING: Unable to find CDP implementation matching 149
Jul 03, 2026 4:43:56 PM org.openqa.selenium.chromium.ChromiumDriver lambda$new$4
WARNING: Unable to find version of CDP to use for 149.0.7827.199. You may need to include a dependency on a specific version of the CDP using something similar to `org.seleniumhq.selenium:selenium-devtools-v86:4.38.0` where the version ("v86") matches the version of the chromium-based browser you're using and the version number of the artifact is the same as Selenium's.
]]></system-err>
  </testcase>
  <testcase name="tc10_dot1x_default" classname="test.advancednetworktest" time="3.424">
    <failure message="no such element: Unable to locate element: {&quot;method&quot;:&quot;css selector&quot;,&quot;selector&quot;:&quot;#enable&quot;}&#10;  (Session info: chrome=149.0.7827.199)&#10;For documentation on this error, please visit: https://www.selenium.dev/documentation/webdriver/troubleshooting/errors#nosuchelementexception&#10;Build info: version: &apos;4.38.0&apos;, revision: &apos;6b412e825c*&apos;&#10;System info: os.name: &apos;Windows 11&apos;, os.arch: &apos;amd64&apos;, os.version: &apos;10.0&apos;, java.version: &apos;26.0.1&apos;&#10;Driver info: org.openqa.selenium.chrome.ChromeDriver&#10;Command: [4fec0f1ce418f94725aa32f1d1c5c994, findElement {using=css selector, value=#enable}]&#10;Capabilities {acceptInsecureCerts: false, browserName: chrome, browserVersion: 149.0.7827.199, chrome: {chromedriverVersion: 149.0.7827.155 (07b52360cc1..., userDataDir: C:\Users\CHIRAG~1.SOM\AppDa...}, fedcm:accounts: true, goog:chromeOptions: {debuggerAddress: localhost:60463}, goog:processID: 4460, networkConnectionEnabled: false, pageLoadStrategy: normal, platformName: windows, proxy: Proxy(), se:cdp: ws://localhost:60463/devtoo..., se:cdpVersion: 149.0.7827.199, setWindowRect: true, strictFileInteractability: false, timeouts: {implicit: 0, pageLoad: 300000, script: 30000}, unhandledPromptBehavior: dismiss and notify, webauthn:extension:credBlob: true, webauthn:extension:largeBlob: true, webauthn:extension:minPinLength: true, webauthn:extension:prf: true, webauthn:virtualAuthenticators: true}&#10;Session ID: 4fec0f1ce418f94725aa32f1d1c5c994" type="org.openqa.selenium.NoSuchElementException"><![CDATA[org.openqa.selenium.NoSuchElementException: 
no such element: Unable to locate element: {"method":"css selector","selector":"#enable"}
  (Session info: chrome=149.0.7827.199)
For documentation on this error, please visit: https://www.selenium.dev/documentation/webdriver/troubleshooting/errors#nosuchelementexception
Build info: version: '4.38.0', revision: '6b412e825c*'
System info: os.name: 'Windows 11', os.arch: 'amd64', os.version: '10.0', java.version: '26.0.1'
Driver info: org.openqa.selenium.chrome.ChromeDriver
Command: [4fec0f1ce418f94725aa32f1d1c5c994, findElement {using=css selector, value=#enable}]
Capabilities {acceptInsecureCerts: false, browserName: chrome, browserVersion: 149.0.7827.199, chrome: {chromedriverVersion: 149.0.7827.155 (07b52360cc1..., userDataDir: C:\Users\CHIRAG~1.SOM\AppDa...}, fedcm:accounts: true, goog:chromeOptions: {debuggerAddress: localhost:60463}, goog:processID: 4460, networkConnectionEnabled: false, pageLoadStrategy: normal, platformName: windows, proxy: Proxy(), se:cdp: ws://localhost:60463/devtoo..., se:cdpVersion: 149.0.7827.199, setWindowRect: true, strictFileInteractability: false, timeouts: {implicit: 0, pageLoad: 300000, script: 30000}, unhandledPromptBehavior: dismiss and notify, webauthn:extension:credBlob: true, webauthn:extension:largeBlob: true, webauthn:extension:minPinLength: true, webauthn:extension:prf: true, webauthn:virtualAuthenticators: true}
Session ID: 4fec0f1ce418f94725aa32f1d1c5c994
	at java.base/jdk.internal.reflect.DirectConstructorHandleAccessor.newInstance(DirectConstructorHandleAccessor.java:62)
	at java.base/java.lang.reflect.Constructor.newInstanceWithCaller(Constructor.java:499)
	at java.base/java.lang.reflect.Constructor.newInstance(Constructor.java:483)
	at org.seleniumhq.selenium.remote_driver/org.openqa.selenium.remote.ErrorCodec.decode(ErrorCodec.java:167)
	at org.seleniumhq.selenium.remote_driver/org.openqa.selenium.remote.codec.w3c.W3CHttpResponseCodec.decode(W3CHttpResponseCodec.java:138)
	at org.seleniumhq.selenium.remote_driver/org.openqa.selenium.remote.codec.w3c.W3CHttpResponseCodec.decode(W3CHttpResponseCodec.java:50)
	at org.seleniumhq.selenium.remote_driver/org.openqa.selenium.remote.HttpCommandExecutor.execute(HttpCommandExecutor.java:215)
	at org.seleniumhq.selenium.remote_driver/org.openqa.selenium.remote.service.DriverCommandExecutor.invokeExecute(DriverCommandExecutor.java:216)
	at org.seleniumhq.selenium.remote_driver/org.openqa.selenium.remote.service.DriverCommandExecutor.execute(DriverCommandExecutor.java:174)
	at org.seleniumhq.selenium.remote_driver/org.openqa.selenium.remote.RemoteWebDriver.execute(RemoteWebDriver.java:557)
	at org.seleniumhq.selenium.remote_driver/org.openqa.selenium.remote.ElementLocation$ElementFinder$2.findElement(ElementLocation.java:165)
	at org.seleniumhq.selenium.remote_driver/org.openqa.selenium.remote.ElementLocation.findElement(ElementLocation.java:59)
	at org.seleniumhq.selenium.remote_driver/org.openqa.selenium.remote.RemoteWebDriver.findElement(RemoteWebDriver.java:380)
	at org.seleniumhq.selenium.remote_driver/org.openqa.selenium.remote.RemoteWebDriver.findElement(RemoteWebDriver.java:374)
	at org.seleniumhq.selenium.support/org.openqa.selenium.support.pagefactory.DefaultElementLocator.findElement(DefaultElementLocator.java:68)
	at org.seleniumhq.selenium.support/org.openqa.selenium.support.pagefactory.internal.LocatingElementHandler.invoke(LocatingElementHandler.java:38)
	at jdk.proxy2/jdk.proxy2.$Proxy11.isSelected(Unknown Source)
	at Framework@0.0.1-SNAPSHOT/ipcamera.pageobject.advancednetworkpageobject.isdot1xenabled(advancednetworkpageobject.java:160)
	at Framework@0.0.1-SNAPSHOT/test.advancednetworktest.tc10_dot1x_default(advancednetworktest.java:151)
	at java.base/jdk.internal.reflect.DirectMethodHandleAccessor.invoke(DirectMethodHandleAccessor.java:104)
	at java.base/java.lang.reflect.Method.invoke(Method.java:565)
	at org.testng@7.11.0/org.testng.internal.invokers.MethodInvocationHelper.invokeMethod(MethodInvocationHelper.java:141)
	at org.testng@7.11.0/org.testng.internal.invokers.TestInvoker.invokeMethod(TestInvoker.java:687)
	at org.testng@7.11.0/org.testng.internal.invokers.TestInvoker.invokeTestMethod(TestInvoker.java:230)
	at org.testng@7.11.0/org.testng.internal.invokers.MethodRunner.runInSequence(MethodRunner.java:63)
	at org.testng@7.11.0/org.testng.internal.invokers.TestInvoker$MethodInvocationAgent.invoke(TestInvoker.java:995)
	at org.testng@7.11.0/org.testng.internal.invokers.TestInvoker.invokeTestMethods(TestInvoker.java:203)
	at org.testng@7.11.0/org.testng.internal.invokers.TestMethodWorker.invokeTestMethods(TestMethodWorker.java:154)
	at org.testng@7.11.0/org.testng.internal.invokers.TestMethodWorker.run(TestMethodWorker.java:134)
	at java.base/java.util.ArrayList.forEach(ArrayList.java:1612)
	at org.testng@7.11.0/org.testng.TestRunner.privateRun(TestRunner.java:741)
	at org.testng@7.11.0/org.testng.TestRunner.run(TestRunner.java:616)
	at org.testng@7.11.0/org.testng.SuiteRunner.runTest(SuiteRunner.java:421)
	at org.testng@7.11.0/org.testng.SuiteRunner.runSequentially(SuiteRunner.java:413)
	at org.testng@7.11.0/org.testng.SuiteRunner.privateRun(SuiteRunner.java:373)
	at org.testng@7.11.0/org.testng.SuiteRunner.run(SuiteRunner.java:312)
	at org.testng@7.11.0/org.testng.SuiteRunnerWorker.runSuite(SuiteRunnerWorker.java:52)
	at org.testng@7.11.0/org.testng.SuiteRunnerWorker.run(SuiteRunnerWorker.java:95)
	at org.testng@7.11.0/org.testng.TestNG.runSuitesSequentially(TestNG.java:1274)
	at org.testng@7.11.0/org.testng.TestNG.runSuitesLocally(TestNG.java:1208)
	at org.testng@7.11.0/org.testng.TestNG.runSuites(TestNG.java:1112)
	at org.testng@7.11.0/org.testng.TestNG.run(TestNG.java:1079)
	at org.apache.maven.surefire.testng.TestNGExecutor.run(TestNGExecutor.java:308)
	at org.apache.maven.surefire.testng.TestNGXmlTestSuite.execute(TestNGXmlTestSuite.java:71)
	at org.apache.maven.surefire.testng.TestNGProvider.invoke(TestNGProvider.java:113)
	at org.apache.maven.surefire.booter.ForkedBooter.runSuitesInProcess(ForkedBooter.java:385)
	at org.apache.maven.surefire.booter.ForkedBooter.execute(ForkedBooter.java:162)
	at org.apache.maven.surefire.booter.ForkedBooter.run(ForkedBooter.java:507)
	at org.apache.maven.surefire.booter.ForkedBooter.main(ForkedBooter.java:495)
]]></failure>
    <system-err><![CDATA[Jul 03, 2026 4:44:01 PM org.openqa.selenium.devtools.CdpVersionFinder findNearestMatch
WARNING: Unable to find CDP implementation matching 149
Jul 03, 2026 4:44:01 PM org.openqa.selenium.chromium.ChromiumDriver lambda$new$4
WARNING: Unable to find version of CDP to use for 149.0.7827.199. You may need to include a dependency on a specific version of the CDP using something similar to `org.seleniumhq.selenium:selenium-devtools-v86:4.38.0` where the version ("v86") matches the version of the chromium-based browser you're using and the version number of the artifact is the same as Selenium's.
]]></system-err>
  </testcase>
</testsuite>