<?xml version="1.0" encoding="UTF-8"?>
<testsuite xmlns:xsi="http://www.w3.org/2001/XMLSchema-instance" xsi:noNamespaceSchemaLocation="https://maven.apache.org/surefire/maven-surefire-plugin/xsd/surefire-test-report.xsd" version="3.0.2" name="TestSuite" time="378.7" tests="46" errors="0" skipped="0" failures="30" flakes="0">
  <properties>
[...]
</properties>
  <testcase name="attempts[{password=Admin@12, username=admin}](1)" classname="test.login" time="1.866">
    <system-err><![CDATA[SLF4J(W): No SLF4J providers were found.
SLF4J(W): Defaulting to no-operation (NOP) logger implementation
SLF4J(W): See https://www.slf4j.org/codes.html#noProviders for further details.
May 07, 2026 12:17:20 PM org.openqa.selenium.devtools.CdpVersionFinder findNearestMatch
WARNING: Unable to find CDP implementation matching 147
May 07, 2026 12:17:20 PM org.openqa.selenium.chromium.ChromiumDriver lambda$new$4
WARNING: Unable to find version of CDP to use for 147.0.7727.138. You may need to include a dependency on a specific version of the CDP using something similar to `org.seleniumhq.selenium:selenium-devtools-v86:4.38.0` where the version ("v86") matches the version of the chromium-based browser you're using and the version number of the artifact is the same as Selenium's.
]]></system-err>
  </testcase>
  <testcase name="attempts[{password=Admin@12, username=admin}](2)" classname="test.login" time="0.443">
    <system-err><![CDATA[May 07, 2026 12:17:32 PM org.openqa.selenium.devtools.CdpVersionFinder findNearestMatch
WARNING: Unable to find CDP implementation matching 147
May 07, 2026 12:17:32 PM org.openqa.selenium.chromium.ChromiumDriver lambda$new$4
WARNING: Unable to find version of CDP to use for 147.0.7727.138. You may need to include a dependency on a specific version of the CDP using something similar to `org.seleniumhq.selenium:selenium-devtools-v86:4.38.0` where the version ("v86") matches the version of the chromium-based browser you're using and the version number of the artifact is the same as Selenium's.
]]></system-err>
  </testcase>
  <testcase name="attempts[{password=Admin@12, username=admin}](3)" classname="test.login" time="0.595">
    <system-err><![CDATA[May 07, 2026 12:17:37 PM org.openqa.selenium.devtools.CdpVersionFinder findNearestMatch
WARNING: Unable to find CDP implementation matching 147
May 07, 2026 12:17:37 PM org.openqa.selenium.chromium.ChromiumDriver lambda$new$4
WARNING: Unable to find version of CDP to use for 147.0.7727.138. You may need to include a dependency on a specific version of the CDP using something similar to `org.seleniumhq.selenium:selenium-devtools-v86:4.38.0` where the version ("v86") matches the version of the chromium-based browser you're using and the version number of the artifact is the same as Selenium's.
]]></system-err>
  </testcase>
  <testcase name="attempts[{password=Admin@12, username=admin}](4)" classname="test.login" time="0.733">
    <system-err><![CDATA[May 07, 2026 12:17:41 PM org.openqa.selenium.devtools.CdpVersionFinder findNearestMatch
WARNING: Unable to find CDP implementation matching 147
May 07, 2026 12:17:41 PM org.openqa.selenium.chromium.ChromiumDriver lambda$new$4
WARNING: Unable to find version of CDP to use for 147.0.7727.138. You may need to include a dependency on a specific version of the CDP using something similar to `org.seleniumhq.selenium:selenium-devtools-v86:4.38.0` where the version ("v86") matches the version of the chromium-based browser you're using and the version number of the artifact is the same as Selenium's.
]]></system-err>
  </testcase>
  <testcase name="validlogin" classname="test.login" time="2.198">
    <system-err><![CDATA[May 07, 2026 12:17:46 PM org.openqa.selenium.devtools.CdpVersionFinder findNearestMatch
WARNING: Unable to find CDP implementation matching 147
May 07, 2026 12:17:46 PM org.openqa.selenium.chromium.ChromiumDriver lambda$new$4
WARNING: Unable to find version of CDP to use for 147.0.7727.138. You may need to include a dependency on a specific version of the CDP using something similar to `org.seleniumhq.selenium:selenium-devtools-v86:4.38.0` where the version ("v86") matches the version of the chromium-based browser you're using and the version number of the artifact is the same as Selenium's.
]]></system-err>
  </testcase>
  <testcase name="withoutpassword" classname="test.login" time="0.826">
    <system-err><![CDATA[May 07, 2026 12:17:52 PM org.openqa.selenium.devtools.CdpVersionFinder findNearestMatch
WARNING: Unable to find CDP implementation matching 147
May 07, 2026 12:17:52 PM org.openqa.selenium.chromium.ChromiumDriver lambda$new$4
WARNING: Unable to find version of CDP to use for 147.0.7727.138. You may need to include a dependency on a specific version of the CDP using something similar to `org.seleniumhq.selenium:selenium-devtools-v86:4.38.0` where the version ("v86") matches the version of the chromium-based browser you're using and the version number of the artifact is the same as Selenium's.
]]></system-err>
  </testcase>
  <testcase name="withoutusername" classname="test.login" time="0.333">
    <system-err><![CDATA[May 07, 2026 12:17:56 PM org.openqa.selenium.devtools.CdpVersionFinder findNearestMatch
WARNING: Unable to find CDP implementation matching 147
May 07, 2026 12:17:56 PM org.openqa.selenium.chromium.ChromiumDriver lambda$new$4
WARNING: Unable to find version of CDP to use for 147.0.7727.138. You may need to include a dependency on a specific version of the CDP using something similar to `org.seleniumhq.selenium:selenium-devtools-v86:4.38.0` where the version ("v86") matches the version of the chromium-based browser you're using and the version number of the artifact is the same as Selenium's.
]]></system-err>
  </testcase>
  <testcase name="maxvalue" classname="test.home" time="3.025">
    <system-out><![CDATA[Brightness  : 100
Contrast    : 100
Saturation  : 100
Hue         : 100
]]></system-out>
    <system-err><![CDATA[May 07, 2026 12:18:02 PM org.openqa.selenium.devtools.CdpVersionFinder findNearestMatch
WARNING: Unable to find CDP implementation matching 147
May 07, 2026 12:18:02 PM org.openqa.selenium.chromium.ChromiumDriver lambda$new$4
WARNING: Unable to find version of CDP to use for 147.0.7727.138. You may need to include a dependency on a specific version of the CDP using something similar to `org.seleniumhq.selenium:selenium-devtools-v86:4.38.0` where the version ("v86") matches the version of the chromium-based browser you're using and the version number of the artifact is the same as Selenium's.
]]></system-err>
  </testcase>
  <testcase name="minvalue" classname="test.home" time="3.326">
    <system-out><![CDATA[Brightness  : 0
Contrast    : 0
Saturation  : 0
Hue         : 0
]]></system-out>
    <system-err><![CDATA[May 07, 2026 12:18:10 PM org.openqa.selenium.devtools.CdpVersionFinder findNearestMatch
WARNING: Unable to find CDP implementation matching 147
May 07, 2026 12:18:10 PM org.openqa.selenium.chromium.ChromiumDriver lambda$new$4
WARNING: Unable to find version of CDP to use for 147.0.7727.138. You may need to include a dependency on a specific version of the CDP using something similar to `org.seleniumhq.selenium:selenium-devtools-v86:4.38.0` where the version ("v86") matches the version of the chromium-based browser you're using and the version number of the artifact is the same as Selenium's.
]]></system-err>
  </testcase>
  <testcase name="resetvalue" classname="test.home" time="3.192">
    <system-out><![CDATA[Brightness  : 50
Contrast    : 50
Saturation  : 50
Hue         : 50
]]></system-out>
    <system-err><![CDATA[May 07, 2026 12:18:19 PM org.openqa.selenium.devtools.CdpVersionFinder findNearestMatch
WARNING: Unable to find CDP implementation matching 147
May 07, 2026 12:18:19 PM org.openqa.selenium.chromium.ChromiumDriver lambda$new$4
WARNING: Unable to find version of CDP to use for 147.0.7727.138. You may need to include a dependency on a specific version of the CDP using something similar to `org.seleniumhq.selenium:selenium-devtools-v86:4.38.0` where the version ("v86") matches the version of the chromium-based browser you're using and the version number of the artifact is the same as Selenium's.
]]></system-err>
  </testcase>
  <testcase name="setvalue" classname="test.home" time="2.573">
    <system-out><![CDATA[Brightness  : 80
Contrast    : 60
Saturation  : 40
Hue         : 70
]]></system-out>
    <system-err><![CDATA[May 07, 2026 12:18:27 PM org.openqa.selenium.devtools.CdpVersionFinder findNearestMatch
WARNING: Unable to find CDP implementation matching 147
May 07, 2026 12:18:27 PM org.openqa.selenium.chromium.ChromiumDriver lambda$new$4
WARNING: Unable to find version of CDP to use for 147.0.7727.138. You may need to include a dependency on a specific version of the CDP using something similar to `org.seleniumhq.selenium:selenium-devtools-v86:4.38.0` where the version ("v86") matches the version of the chromium-based browser you're using and the version number of the artifact is the same as Selenium's.
]]></system-err>
  </testcase>
  <testcase name="cancelprofile1" classname="test.streamprofiletest" time="4.918">
    <system-out><![CDATA[=== TC09 Cancel Profile 1 ===
Codec after cancel : H.264
FPS after cancel   : 25
]]></system-out>
    <system-err><![CDATA[May 07, 2026 12:18:33 PM org.openqa.selenium.devtools.CdpVersionFinder findNearestMatch
WARNING: Unable to find CDP implementation matching 147
May 07, 2026 12:18:33 PM org.openqa.selenium.chromium.ChromiumDriver lambda$new$4
WARNING: Unable to find version of CDP to use for 147.0.7727.138. You may need to include a dependency on a specific version of the CDP using something similar to `org.seleniumhq.selenium:selenium-devtools-v86:4.38.0` where the version ("v86") matches the version of the chromium-based browser you're using and the version number of the artifact is the same as Selenium's.
]]></system-err>
  </testcase>
  <testcase name="defaultvalueprofile1" classname="test.streamprofiletest" time="7.299">
    <failure message="The following asserts failed:&#10;	Audio mismatch! expected [false] but found [true]" type="java.lang.AssertionError"><![CDATA[java.lang.AssertionError: 
The following asserts failed:
	Audio mismatch! expected [false] but found [true]
	at org.testng@7.11.0/org.testng.asserts.SoftAssert.assertAll(SoftAssert.java:46)
	at org.testng@7.11.0/org.testng.asserts.SoftAssert.assertAll(SoftAssert.java:30)
	at Framework/test.streamprofiletest.defaultvalueprofile1(streamprofiletest.java:64)
	at java.base/jdk.internal.reflect.DirectMethodHandleAccessor.invoke(DirectMethodHandleAccessor.java:104)
	at java.base/java.lang.reflect.Method.invoke(Method.java:565)
	at org.testng@7.11.0/org.testng.internal.invokers.MethodInvocationHelper.invokeMethod(MethodInvocationHelper.java:141)
	at org.testng@7.11.0/org.testng.internal.invokers.TestInvoker.invokeMethod(TestInvoker.java:687)
	at org.testng@7.11.0/org.testng.internal.invokers.TestInvoker.invokeTestMethod(TestInvoker.java:230)
	at org.testng@7.11.0/org.testng.internal.invokers.MethodRunner.runInSequence(MethodRunner.java:63)
	at org.testng@7.11.0/org.testng.internal.invokers.TestInvoker$MethodInvocationAgent.invoke(TestInvoker.java:995)
	at org.testng@7.11.0/org.testng.internal.invokers.TestInvoker.invokeTestMethods(TestInvoker.java:203)
	at org.testng@7.11.0/org.testng.internal.invokers.TestMethodWorker.invokeTestMethods(TestMethodWorker.java:154)
	at org.testng@7.11.0/org.testng.internal.invokers.TestMethodWorker.run(TestMethodWorker.java:134)
	at java.base/java.util.ArrayList.forEach(ArrayList.java:1604)
	at org.testng@7.11.0/org.testng.TestRunner.privateRun(TestRunner.java:741)
	at org.testng@7.11.0/org.testng.TestRunner.run(TestRunner.java:616)
	at org.testng@7.11.0/org.testng.SuiteRunner.runTest(SuiteRunner.java:421)
	at org.testng@7.11.0/org.testng.SuiteRunner.runSequentially(SuiteRunner.java:413)
	at org.testng@7.11.0/org.testng.SuiteRunner.privateRun(SuiteRunner.java:373)
	at org.testng@7.11.0/org.testng.SuiteRunner.run(SuiteRunner.java:312)
	at org.testng@7.11.0/org.testng.SuiteRunnerWorker.runSuite(SuiteRunnerWorker.java:52)
	at org.testng@7.11.0/org.testng.SuiteRunnerWorker.run(SuiteRunnerWorker.java:95)
	at org.testng@7.11.0/org.testng.TestNG.runSuitesSequentially(TestNG.java:1274)
	at org.testng@7.11.0/org.testng.TestNG.runSuitesLocally(TestNG.java:1208)
	at org.testng@7.11.0/org.testng.TestNG.runSuites(TestNG.java:1112)
	at org.testng@7.11.0/org.testng.TestNG.run(TestNG.java:1079)
	at org.apache.maven.surefire.testng.TestNGExecutor.run(TestNGExecutor.java:308)
	at org.apache.maven.surefire.testng.TestNGXmlTestSuite.execute(TestNGXmlTestSuite.java:71)
	at org.apache.maven.surefire.testng.TestNGProvider.invoke(TestNGProvider.java:113)
	at org.apache.maven.surefire.booter.ForkedBooter.runSuitesInProcess(ForkedBooter.java:385)
	at org.apache.maven.surefire.booter.ForkedBooter.execute(ForkedBooter.java:162)
	at org.apache.maven.surefire.booter.ForkedBooter.run(ForkedBooter.java:507)
	at org.apache.maven.surefire.booter.ForkedBooter.main(ForkedBooter.java:495)
]]></failure>
    <system-out><![CDATA[=== TC01 Default Button Profile 1 ===
Camera Type  : 2mp
Profile No   : 1
Name         : Main Stream
Codec        : H.264
Resolution   : 1920x1080
Bitrate      : 4096 kbps
FPS          : 25
GOP          : 50
]]></system-out>
    <system-err><![CDATA[May 07, 2026 12:18:43 PM org.openqa.selenium.devtools.CdpVersionFinder findNearestMatch
WARNING: Unable to find CDP implementation matching 147
May 07, 2026 12:18:43 PM org.openqa.selenium.chromium.ChromiumDriver lambda$new$4
WARNING: Unable to find version of CDP to use for 147.0.7727.138. You may need to include a dependency on a specific version of the CDP using something similar to `org.seleniumhq.selenium:selenium-devtools-v86:4.38.0` where the version ("v86") matches the version of the chromium-based browser you're using and the version number of the artifact is the same as Selenium's.
]]></system-err>
  </testcase>
  <testcase name="defaultvalueprofile2" classname="test.streamprofiletest" time="5.566">
    <failure message="The following asserts failed:&#10;	Resolution mismatch! expected [640x480] but found [D1],&#10;	Audio mismatch! expected [TRUE] but found [true]" type="java.lang.AssertionError"><![CDATA[java.lang.AssertionError: 
The following asserts failed:
	Resolution mismatch! expected [640x480] but found [D1],
	Audio mismatch! expected [TRUE] but found [true]
	at org.testng@7.11.0/org.testng.asserts.SoftAssert.assertAll(SoftAssert.java:46)
	at org.testng@7.11.0/org.testng.asserts.SoftAssert.assertAll(SoftAssert.java:30)
	at Framework/test.streamprofiletest.defaultvalueprofile2(streamprofiletest.java:99)
	at java.base/jdk.internal.reflect.DirectMethodHandleAccessor.invoke(DirectMethodHandleAccessor.java:104)
	at java.base/java.lang.reflect.Method.invoke(Method.java:565)
	at org.testng@7.11.0/org.testng.internal.invokers.MethodInvocationHelper.invokeMethod(MethodInvocationHelper.java:141)
	at org.testng@7.11.0/org.testng.internal.invokers.TestInvoker.invokeMethod(TestInvoker.java:687)
	at org.testng@7.11.0/org.testng.internal.invokers.TestInvoker.invokeTestMethod(TestInvoker.java:230)
	at org.testng@7.11.0/org.testng.internal.invokers.MethodRunner.runInSequence(MethodRunner.java:63)
	at org.testng@7.11.0/org.testng.internal.invokers.TestInvoker$MethodInvocationAgent.invoke(TestInvoker.java:995)
	at org.testng@7.11.0/org.testng.internal.invokers.TestInvoker.invokeTestMethods(TestInvoker.java:203)
	at org.testng@7.11.0/org.testng.internal.invokers.TestMethodWorker.invokeTestMethods(TestMethodWorker.java:154)
	at org.testng@7.11.0/org.testng.internal.invokers.TestMethodWorker.run(TestMethodWorker.java:134)
	at java.base/java.util.ArrayList.forEach(ArrayList.java:1604)
	at org.testng@7.11.0/org.testng.TestRunner.privateRun(TestRunner.java:741)
	at org.testng@7.11.0/org.testng.TestRunner.run(TestRunner.java:616)
	at org.testng@7.11.0/org.testng.SuiteRunner.runTest(SuiteRunner.java:421)
	at org.testng@7.11.0/org.testng.SuiteRunner.runSequentially(SuiteRunner.java:413)
	at org.testng@7.11.0/org.testng.SuiteRunner.privateRun(SuiteRunner.java:373)
	at org.testng@7.11.0/org.testng.SuiteRunner.run(SuiteRunner.java:312)
	at org.testng@7.11.0/org.testng.SuiteRunnerWorker.runSuite(SuiteRunnerWorker.java:52)
	at org.testng@7.11.0/org.testng.SuiteRunnerWorker.run(SuiteRunnerWorker.java:95)
	at org.testng@7.11.0/org.testng.TestNG.runSuitesSequentially(TestNG.java:1274)
	at org.testng@7.11.0/org.testng.TestNG.runSuitesLocally(TestNG.java:1208)
	at org.testng@7.11.0/org.testng.TestNG.runSuites(TestNG.java:1112)
	at org.testng@7.11.0/org.testng.TestNG.run(TestNG.java:1079)
	at org.apache.maven.surefire.testng.TestNGExecutor.run(TestNGExecutor.java:308)
	at org.apache.maven.surefire.testng.TestNGXmlTestSuite.execute(TestNGXmlTestSuite.java:71)
	at org.apache.maven.surefire.testng.TestNGProvider.invoke(TestNGProvider.java:113)
	at org.apache.maven.surefire.booter.ForkedBooter.runSuitesInProcess(ForkedBooter.java:385)
	at org.apache.maven.surefire.booter.ForkedBooter.execute(ForkedBooter.java:162)
	at org.apache.maven.surefire.booter.ForkedBooter.run(ForkedBooter.java:507)
	at org.apache.maven.surefire.booter.ForkedBooter.main(ForkedBooter.java:495)
]]></failure>
    <system-out><![CDATA[=== TC02 Default Button Profile 2 ===
Camera Type  : 2mp
Profile No   : 2
Name         : Sub Stream
Codec        : H.264
Resolution   : D1
Bitrate      : 1024 kbps
FPS          : 25
GOP          : 50
]]></system-out>
    <system-err><![CDATA[May 07, 2026 12:18:53 PM org.openqa.selenium.devtools.CdpVersionFinder findNearestMatch
WARNING: Unable to find CDP implementation matching 147
May 07, 2026 12:18:53 PM org.openqa.selenium.chromium.ChromiumDriver lambda$new$4
WARNING: Unable to find version of CDP to use for 147.0.7727.138. You may need to include a dependency on a specific version of the CDP using something similar to `org.seleniumhq.selenium:selenium-devtools-v86:4.38.0` where the version ("v86") matches the version of the chromium-based browser you're using and the version number of the artifact is the same as Selenium's.
]]></system-err>
  </testcase>
  <testcase name="defaultvalueprofile3" classname="test.streamprofiletest" time="4.834">
    <failure message="The following asserts failed:&#10;	Bitrate mismatch! expected [4096 kbps] but found [2048 kbps],&#10;	FPS mismatch! expected [25] but found [2],&#10;	Audio mismatch! expected [TRUE] but found [true]" type="java.lang.AssertionError"><![CDATA[java.lang.AssertionError: 
The following asserts failed:
	Bitrate mismatch! expected [4096 kbps] but found [2048 kbps],
	FPS mismatch! expected [25] but found [2],
	Audio mismatch! expected [TRUE] but found [true]
	at org.testng@7.11.0/org.testng.asserts.SoftAssert.assertAll(SoftAssert.java:46)
	at org.testng@7.11.0/org.testng.asserts.SoftAssert.assertAll(SoftAssert.java:30)
	at Framework/test.streamprofiletest.defaultvalueprofile3(streamprofiletest.java:129)
	at java.base/jdk.internal.reflect.DirectMethodHandleAccessor.invoke(DirectMethodHandleAccessor.java:104)
	at java.base/java.lang.reflect.Method.invoke(Method.java:565)
	at org.testng@7.11.0/org.testng.internal.invokers.MethodInvocationHelper.invokeMethod(MethodInvocationHelper.java:141)
	at org.testng@7.11.0/org.testng.internal.invokers.TestInvoker.invokeMethod(TestInvoker.java:687)
	at org.testng@7.11.0/org.testng.internal.invokers.TestInvoker.invokeTestMethod(TestInvoker.java:230)
	at org.testng@7.11.0/org.testng.internal.invokers.MethodRunner.runInSequence(MethodRunner.java:63)
	at org.testng@7.11.0/org.testng.internal.invokers.TestInvoker$MethodInvocationAgent.invoke(TestInvoker.java:995)
	at org.testng@7.11.0/org.testng.internal.invokers.TestInvoker.invokeTestMethods(TestInvoker.java:203)
	at org.testng@7.11.0/org.testng.internal.invokers.TestMethodWorker.invokeTestMethods(TestMethodWorker.java:154)
	at org.testng@7.11.0/org.testng.internal.invokers.TestMethodWorker.run(TestMethodWorker.java:134)
	at java.base/java.util.ArrayList.forEach(ArrayList.java:1604)
	at org.testng@7.11.0/org.testng.TestRunner.privateRun(TestRunner.java:741)
	at org.testng@7.11.0/org.testng.TestRunner.run(TestRunner.java:616)
	at org.testng@7.11.0/org.testng.SuiteRunner.runTest(SuiteRunner.java:421)
	at org.testng@7.11.0/org.testng.SuiteRunner.runSequentially(SuiteRunner.java:413)
	at org.testng@7.11.0/org.testng.SuiteRunner.privateRun(SuiteRunner.java:373)
	at org.testng@7.11.0/org.testng.SuiteRunner.run(SuiteRunner.java:312)
	at org.testng@7.11.0/org.testng.SuiteRunnerWorker.runSuite(SuiteRunnerWorker.java:52)
	at org.testng@7.11.0/org.testng.SuiteRunnerWorker.run(SuiteRunnerWorker.java:95)
	at org.testng@7.11.0/org.testng.TestNG.runSuitesSequentially(TestNG.java:1274)
	at org.testng@7.11.0/org.testng.TestNG.runSuitesLocally(TestNG.java:1208)
	at org.testng@7.11.0/org.testng.TestNG.runSuites(TestNG.java:1112)
	at org.testng@7.11.0/org.testng.TestNG.run(TestNG.java:1079)
	at org.apache.maven.surefire.testng.TestNGExecutor.run(TestNGExecutor.java:308)
	at org.apache.maven.surefire.testng.TestNGXmlTestSuite.execute(TestNGXmlTestSuite.java:71)
	at org.apache.maven.surefire.testng.TestNGProvider.invoke(TestNGProvider.java:113)
	at org.apache.maven.surefire.booter.ForkedBooter.runSuitesInProcess(ForkedBooter.java:385)
	at org.apache.maven.surefire.booter.ForkedBooter.execute(ForkedBooter.java:162)
	at org.apache.maven.surefire.booter.ForkedBooter.run(ForkedBooter.java:507)
	at org.apache.maven.surefire.booter.ForkedBooter.main(ForkedBooter.java:495)
]]></failure>
    <system-out><![CDATA[=== TC03 Default Button Profile 3 ===
Camera Type  : 2mp
Profile No   : 3
Name         : Profile 3
Resolution   : 1920x1080
Bitrate      : 2048 kbps
FPS          : 2
]]></system-out>
    <system-err><![CDATA[May 07, 2026 12:19:03 PM org.openqa.selenium.devtools.CdpVersionFinder findNearestMatch
WARNING: Unable to find CDP implementation matching 147
May 07, 2026 12:19:03 PM org.openqa.selenium.chromium.ChromiumDriver lambda$new$4
WARNING: Unable to find version of CDP to use for 147.0.7727.138. You may need to include a dependency on a specific version of the CDP using something similar to `org.seleniumhq.selenium:selenium-devtools-v86:4.38.0` where the version ("v86") matches the version of the chromium-based browser you're using and the version number of the artifact is the same as Selenium's.
]]></system-err>
  </testcase>
  <testcase name="defaultvalueprofile4" classname="test.streamprofiletest" time="5.291">
    <failure message="The following asserts failed:&#10;	Codec mismatch! expected [H.264] but found [MJPEG],&#10;	Resolution mismatch! expected [1920x1080] but found [D1],&#10;	Bitrate mismatch! expected [4096 kbps] but found [1024 kbps],&#10;	FPS mismatch! expected [25] but found [5],&#10;	Audio mismatch! expected [TRUE] but found [true],&#10;	ROI mismatch! expected [FALSE] but found [false]" type="java.lang.AssertionError"><![CDATA[java.lang.AssertionError: 
The following asserts failed:
	Codec mismatch! expected [H.264] but found [MJPEG],
	Resolution mismatch! expected [1920x1080] but found [D1],
	Bitrate mismatch! expected [4096 kbps] but found [1024 kbps],
	FPS mismatch! expected [25] but found [5],
	Audio mismatch! expected [TRUE] but found [true],
	ROI mismatch! expected [FALSE] but found [false]
	at org.testng@7.11.0/org.testng.asserts.SoftAssert.assertAll(SoftAssert.java:46)
	at org.testng@7.11.0/org.testng.asserts.SoftAssert.assertAll(SoftAssert.java:30)
	at Framework/test.streamprofiletest.defaultvalueprofile4(streamprofiletest.java:162)
	at java.base/jdk.internal.reflect.DirectMethodHandleAccessor.invoke(DirectMethodHandleAccessor.java:104)
	at java.base/java.lang.reflect.Method.invoke(Method.java:565)
	at org.testng@7.11.0/org.testng.internal.invokers.MethodInvocationHelper.invokeMethod(MethodInvocationHelper.java:141)
	at org.testng@7.11.0/org.testng.internal.invokers.TestInvoker.invokeMethod(TestInvoker.java:687)
	at org.testng@7.11.0/org.testng.internal.invokers.TestInvoker.invokeTestMethod(TestInvoker.java:230)
	at org.testng@7.11.0/org.testng.internal.invokers.MethodRunner.runInSequence(MethodRunner.java:63)
	at org.testng@7.11.0/org.testng.internal.invokers.TestInvoker$MethodInvocationAgent.invoke(TestInvoker.java:995)
	at org.testng@7.11.0/org.testng.internal.invokers.TestInvoker.invokeTestMethods(TestInvoker.java:203)
	at org.testng@7.11.0/org.testng.internal.invokers.TestMethodWorker.invokeTestMethods(TestMethodWorker.java:154)
	at org.testng@7.11.0/org.testng.internal.invokers.TestMethodWorker.run(TestMethodWorker.java:134)
	at java.base/java.util.ArrayList.forEach(ArrayList.java:1604)
	at org.testng@7.11.0/org.testng.TestRunner.privateRun(TestRunner.java:741)
	at org.testng@7.11.0/org.testng.TestRunner.run(TestRunner.java:616)
	at org.testng@7.11.0/org.testng.SuiteRunner.runTest(SuiteRunner.java:421)
	at org.testng@7.11.0/org.testng.SuiteRunner.runSequentially(SuiteRunner.java:413)
	at org.testng@7.11.0/org.testng.SuiteRunner.privateRun(SuiteRunner.java:373)
	at org.testng@7.11.0/org.testng.SuiteRunner.run(SuiteRunner.java:312)
	at org.testng@7.11.0/org.testng.SuiteRunnerWorker.runSuite(SuiteRunnerWorker.java:52)
	at org.testng@7.11.0/org.testng.SuiteRunnerWorker.run(SuiteRunnerWorker.java:95)
	at org.testng@7.11.0/org.testng.TestNG.runSuitesSequentially(TestNG.java:1274)
	at org.testng@7.11.0/org.testng.TestNG.runSuitesLocally(TestNG.java:1208)
	at org.testng@7.11.0/org.testng.TestNG.runSuites(TestNG.java:1112)
	at org.testng@7.11.0/org.testng.TestNG.run(TestNG.java:1079)
	at org.apache.maven.surefire.testng.TestNGExecutor.run(TestNGExecutor.java:308)
	at org.apache.maven.surefire.testng.TestNGXmlTestSuite.execute(TestNGXmlTestSuite.java:71)
	at org.apache.maven.surefire.testng.TestNGProvider.invoke(TestNGProvider.java:113)
	at org.apache.maven.surefire.booter.ForkedBooter.runSuitesInProcess(ForkedBooter.java:385)
	at org.apache.maven.surefire.booter.ForkedBooter.execute(ForkedBooter.java:162)
	at org.apache.maven.surefire.booter.ForkedBooter.run(ForkedBooter.java:507)
	at org.apache.maven.surefire.booter.ForkedBooter.main(ForkedBooter.java:495)
]]></failure>
    <system-out><![CDATA[=== TC04 Default Button Profile 4 ===
Camera Type  : 2mp
Profile No   : 4
Name         : Profile 4
Codec        : MJPEG
Resolution   : D1
Bitrate      : 1024 kbps
FPS          : 5
]]></system-out>
    <system-err><![CDATA[May 07, 2026 12:19:12 PM org.openqa.selenium.devtools.CdpVersionFinder findNearestMatch
WARNING: Unable to find CDP implementation matching 147
May 07, 2026 12:19:12 PM org.openqa.selenium.chromium.ChromiumDriver lambda$new$4
WARNING: Unable to find version of CDP to use for 147.0.7727.138. You may need to include a dependency on a specific version of the CDP using something similar to `org.seleniumhq.selenium:selenium-devtools-v86:4.38.0` where the version ("v86") matches the version of the chromium-based browser you're using and the version number of the artifact is the same as Selenium's.
]]></system-err>
  </testcase>
  <testcase name="setandsaveprofile1" classname="test.streamprofiletest" time="4.822">
    <failure message="Cannot locate option with text: 1280x720&#10;For documentation on this error, please visit: https://www.selenium.dev/documentation/webdriver/troubleshooting/errors#nosuchelementexception&#10;Build info: version: &apos;4.38.0&apos;, revision: &apos;6b412e825c*&apos;&#10;System info: os.name: &apos;Windows 10&apos;, os.arch: &apos;amd64&apos;, os.version: &apos;10.0&apos;, java.version: &apos;25.0.1&apos;&#10;Driver info: driver.version: unknown" type="org.openqa.selenium.NoSuchElementException"><![CDATA[org.openqa.selenium.NoSuchElementException: 
Cannot locate option with text: 1280x720
For documentation on this error, please visit: https://www.selenium.dev/documentation/webdriver/troubleshooting/errors#nosuchelementexception
Build info: version: '4.38.0', revision: '6b412e825c*'
System info: os.name: 'Windows 10', os.arch: 'amd64', os.version: '10.0', java.version: '25.0.1'
Driver info: driver.version: unknown
	at org.seleniumhq.selenium.support/org.openqa.selenium.support.ui.Select.selectByVisibleText(Select.java:397)
	at org.seleniumhq.selenium.support/org.openqa.selenium.support.ui.Select.selectByVisibleText(Select.java:125)
	at Framework/ipcamera.pageobject.streamprofileobject.setresolution(streamprofileobject.java:170)
	at Framework/test.streamprofiletest.setandsaveprofile1(streamprofiletest.java:177)
	at java.base/jdk.internal.reflect.DirectMethodHandleAccessor.invoke(DirectMethodHandleAccessor.java:104)
	at java.base/java.lang.reflect.Method.invoke(Method.java:565)
	at org.testng@7.11.0/org.testng.internal.invokers.MethodInvocationHelper.invokeMethod(MethodInvocationHelper.java:141)
	at org.testng@7.11.0/org.testng.internal.invokers.TestInvoker.invokeMethod(TestInvoker.java:687)
	at org.testng@7.11.0/org.testng.internal.invokers.TestInvoker.invokeTestMethod(TestInvoker.java:230)
	at org.testng@7.11.0/org.testng.internal.invokers.MethodRunner.runInSequence(MethodRunner.java:63)
	at org.testng@7.11.0/org.testng.internal.invokers.TestInvoker$MethodInvocationAgent.invoke(TestInvoker.java:995)
	at org.testng@7.11.0/org.testng.internal.invokers.TestInvoker.invokeTestMethods(TestInvoker.java:203)
	at org.testng@7.11.0/org.testng.internal.invokers.TestMethodWorker.invokeTestMethods(TestMethodWorker.java:154)
	at org.testng@7.11.0/org.testng.internal.invokers.TestMethodWorker.run(TestMethodWorker.java:134)
	at java.base/java.util.ArrayList.forEach(ArrayList.java:1604)
	at org.testng@7.11.0/org.testng.TestRunner.privateRun(TestRunner.java:741)
	at org.testng@7.11.0/org.testng.TestRunner.run(TestRunner.java:616)
	at org.testng@7.11.0/org.testng.SuiteRunner.runTest(SuiteRunner.java:421)
	at org.testng@7.11.0/org.testng.SuiteRunner.runSequentially(SuiteRunner.java:413)
	at org.testng@7.11.0/org.testng.SuiteRunner.privateRun(SuiteRunner.java:373)
	at org.testng@7.11.0/org.testng.SuiteRunner.run(SuiteRunner.java:312)
	at org.testng@7.11.0/org.testng.SuiteRunnerWorker.runSuite(SuiteRunnerWorker.java:52)
	at org.testng@7.11.0/org.testng.SuiteRunnerWorker.run(SuiteRunnerWorker.java:95)
	at org.testng@7.11.0/org.testng.TestNG.runSuitesSequentially(TestNG.java:1274)
	at org.testng@7.11.0/org.testng.TestNG.runSuitesLocally(TestNG.java:1208)
	at org.testng@7.11.0/org.testng.TestNG.runSuites(TestNG.java:1112)
	at org.testng@7.11.0/org.testng.TestNG.run(TestNG.java:1079)
	at org.apache.maven.surefire.testng.TestNGExecutor.run(TestNGExecutor.java:308)
	at org.apache.maven.surefire.testng.TestNGXmlTestSuite.execute(TestNGXmlTestSuite.java:71)
	at org.apache.maven.surefire.testng.TestNGProvider.invoke(TestNGProvider.java:113)
	at org.apache.maven.surefire.booter.ForkedBooter.runSuitesInProcess(ForkedBooter.java:385)
	at org.apache.maven.surefire.booter.ForkedBooter.execute(ForkedBooter.java:162)
	at org.apache.maven.surefire.booter.ForkedBooter.run(ForkedBooter.java:507)
	at org.apache.maven.surefire.booter.ForkedBooter.main(ForkedBooter.java:495)
]]></failure>
    <system-err><![CDATA[May 07, 2026 12:19:21 PM org.openqa.selenium.devtools.CdpVersionFinder findNearestMatch
WARNING: Unable to find CDP implementation matching 147
May 07, 2026 12:19:21 PM org.openqa.selenium.chromium.ChromiumDriver lambda$new$4
WARNING: Unable to find version of CDP to use for 147.0.7727.138. You may need to include a dependency on a specific version of the CDP using something similar to `org.seleniumhq.selenium:selenium-devtools-v86:4.38.0` where the version ("v86") matches the version of the chromium-based browser you're using and the version number of the artifact is the same as Selenium's.
]]></system-err>
  </testcase>
  <testcase name="setandsaveprofile2" classname="test.streamprofiletest" time="4.091">
    <failure message="Cannot locate option with text: 640x360&#10;For documentation on this error, please visit: https://www.selenium.dev/documentation/webdriver/troubleshooting/errors#nosuchelementexception&#10;Build info: version: &apos;4.38.0&apos;, revision: &apos;6b412e825c*&apos;&#10;System info: os.name: &apos;Windows 10&apos;, os.arch: &apos;amd64&apos;, os.version: &apos;10.0&apos;, java.version: &apos;25.0.1&apos;&#10;Driver info: driver.version: unknown" type="org.openqa.selenium.NoSuchElementException"><![CDATA[org.openqa.selenium.NoSuchElementException: 
Cannot locate option with text: 640x360
For documentation on this error, please visit: https://www.selenium.dev/documentation/webdriver/troubleshooting/errors#nosuchelementexception
Build info: version: '4.38.0', revision: '6b412e825c*'
System info: os.name: 'Windows 10', os.arch: 'amd64', os.version: '10.0', java.version: '25.0.1'
Driver info: driver.version: unknown
	at org.seleniumhq.selenium.support/org.openqa.selenium.support.ui.Select.selectByVisibleText(Select.java:397)
	at org.seleniumhq.selenium.support/org.openqa.selenium.support.ui.Select.selectByVisibleText(Select.java:125)
	at Framework/ipcamera.pageobject.streamprofileobject.setresolution(streamprofileobject.java:170)
	at Framework/test.streamprofiletest.setandsaveprofile2(streamprofiletest.java:220)
	at java.base/jdk.internal.reflect.DirectMethodHandleAccessor.invoke(DirectMethodHandleAccessor.java:104)
	at java.base/java.lang.reflect.Method.invoke(Method.java:565)
	at org.testng@7.11.0/org.testng.internal.invokers.MethodInvocationHelper.invokeMethod(MethodInvocationHelper.java:141)
	at org.testng@7.11.0/org.testng.internal.invokers.TestInvoker.invokeMethod(TestInvoker.java:687)
	at org.testng@7.11.0/org.testng.internal.invokers.TestInvoker.invokeTestMethod(TestInvoker.java:230)
	at org.testng@7.11.0/org.testng.internal.invokers.MethodRunner.runInSequence(MethodRunner.java:63)
	at org.testng@7.11.0/org.testng.internal.invokers.TestInvoker$MethodInvocationAgent.invoke(TestInvoker.java:995)
	at org.testng@7.11.0/org.testng.internal.invokers.TestInvoker.invokeTestMethods(TestInvoker.java:203)
	at org.testng@7.11.0/org.testng.internal.invokers.TestMethodWorker.invokeTestMethods(TestMethodWorker.java:154)
	at org.testng@7.11.0/org.testng.internal.invokers.TestMethodWorker.run(TestMethodWorker.java:134)
	at java.base/java.util.ArrayList.forEach(ArrayList.java:1604)
	at org.testng@7.11.0/org.testng.TestRunner.privateRun(TestRunner.java:741)
	at org.testng@7.11.0/org.testng.TestRunner.run(TestRunner.java:616)
	at org.testng@7.11.0/org.testng.SuiteRunner.runTest(SuiteRunner.java:421)
	at org.testng@7.11.0/org.testng.SuiteRunner.runSequentially(SuiteRunner.java:413)
	at org.testng@7.11.0/org.testng.SuiteRunner.privateRun(SuiteRunner.java:373)
	at org.testng@7.11.0/org.testng.SuiteRunner.run(SuiteRunner.java:312)
	at org.testng@7.11.0/org.testng.SuiteRunnerWorker.runSuite(SuiteRunnerWorker.java:52)
	at org.testng@7.11.0/org.testng.SuiteRunnerWorker.run(SuiteRunnerWorker.java:95)
	at org.testng@7.11.0/org.testng.TestNG.runSuitesSequentially(TestNG.java:1274)
	at org.testng@7.11.0/org.testng.TestNG.runSuitesLocally(TestNG.java:1208)
	at org.testng@7.11.0/org.testng.TestNG.runSuites(TestNG.java:1112)
	at org.testng@7.11.0/org.testng.TestNG.run(TestNG.java:1079)
	at org.apache.maven.surefire.testng.TestNGExecutor.run(TestNGExecutor.java:308)
	at org.apache.maven.surefire.testng.TestNGXmlTestSuite.execute(TestNGXmlTestSuite.java:71)
	at org.apache.maven.surefire.testng.TestNGProvider.invoke(TestNGProvider.java:113)
	at org.apache.maven.surefire.booter.ForkedBooter.runSuitesInProcess(ForkedBooter.java:385)
	at org.apache.maven.surefire.booter.ForkedBooter.execute(ForkedBooter.java:162)
	at org.apache.maven.surefire.booter.ForkedBooter.run(ForkedBooter.java:507)
	at org.apache.maven.surefire.booter.ForkedBooter.main(ForkedBooter.java:495)
]]></failure>
    <system-err><![CDATA[May 07, 2026 12:19:30 PM org.openqa.selenium.devtools.CdpVersionFinder findNearestMatch
WARNING: Unable to find CDP implementation matching 147
May 07, 2026 12:19:30 PM org.openqa.selenium.chromium.ChromiumDriver lambda$new$4
WARNING: Unable to find version of CDP to use for 147.0.7727.138. You may need to include a dependency on a specific version of the CDP using something similar to `org.seleniumhq.selenium:selenium-devtools-v86:4.38.0` where the version ("v86") matches the version of the chromium-based browser you're using and the version number of the artifact is the same as Selenium's.
]]></system-err>
  </testcase>
  <testcase name="setandsaveprofile3" classname="test.streamprofiletest" time="4.541">
    <failure message="Cannot locate option with text: 1280x720&#10;For documentation on this error, please visit: https://www.selenium.dev/documentation/webdriver/troubleshooting/errors#nosuchelementexception&#10;Build info: version: &apos;4.38.0&apos;, revision: &apos;6b412e825c*&apos;&#10;System info: os.name: &apos;Windows 10&apos;, os.arch: &apos;amd64&apos;, os.version: &apos;10.0&apos;, java.version: &apos;25.0.1&apos;&#10;Driver info: driver.version: unknown" type="org.openqa.selenium.NoSuchElementException"><![CDATA[org.openqa.selenium.NoSuchElementException: 
Cannot locate option with text: 1280x720
For documentation on this error, please visit: https://www.selenium.dev/documentation/webdriver/troubleshooting/errors#nosuchelementexception
Build info: version: '4.38.0', revision: '6b412e825c*'
System info: os.name: 'Windows 10', os.arch: 'amd64', os.version: '10.0', java.version: '25.0.1'
Driver info: driver.version: unknown
	at org.seleniumhq.selenium.support/org.openqa.selenium.support.ui.Select.selectByVisibleText(Select.java:397)
	at org.seleniumhq.selenium.support/org.openqa.selenium.support.ui.Select.selectByVisibleText(Select.java:125)
	at Framework/ipcamera.pageobject.streamprofileobject.setresolution(streamprofileobject.java:170)
	at Framework/test.streamprofiletest.setandsaveprofile3(streamprofiletest.java:260)
	at java.base/jdk.internal.reflect.DirectMethodHandleAccessor.invoke(DirectMethodHandleAccessor.java:104)
	at java.base/java.lang.reflect.Method.invoke(Method.java:565)
	at org.testng@7.11.0/org.testng.internal.invokers.MethodInvocationHelper.invokeMethod(MethodInvocationHelper.java:141)
	at org.testng@7.11.0/org.testng.internal.invokers.TestInvoker.invokeMethod(TestInvoker.java:687)
	at org.testng@7.11.0/org.testng.internal.invokers.TestInvoker.invokeTestMethod(TestInvoker.java:230)
	at org.testng@7.11.0/org.testng.internal.invokers.MethodRunner.runInSequence(MethodRunner.java:63)
	at org.testng@7.11.0/org.testng.internal.invokers.TestInvoker$MethodInvocationAgent.invoke(TestInvoker.java:995)
	at org.testng@7.11.0/org.testng.internal.invokers.TestInvoker.invokeTestMethods(TestInvoker.java:203)
	at org.testng@7.11.0/org.testng.internal.invokers.TestMethodWorker.invokeTestMethods(TestMethodWorker.java:154)
	at org.testng@7.11.0/org.testng.internal.invokers.TestMethodWorker.run(TestMethodWorker.java:134)
	at java.base/java.util.ArrayList.forEach(ArrayList.java:1604)
	at org.testng@7.11.0/org.testng.TestRunner.privateRun(TestRunner.java:741)
	at org.testng@7.11.0/org.testng.TestRunner.run(TestRunner.java:616)
	at org.testng@7.11.0/org.testng.SuiteRunner.runTest(SuiteRunner.java:421)
	at org.testng@7.11.0/org.testng.SuiteRunner.runSequentially(SuiteRunner.java:413)
	at org.testng@7.11.0/org.testng.SuiteRunner.privateRun(SuiteRunner.java:373)
	at org.testng@7.11.0/org.testng.SuiteRunner.run(SuiteRunner.java:312)
	at org.testng@7.11.0/org.testng.SuiteRunnerWorker.runSuite(SuiteRunnerWorker.java:52)
	at org.testng@7.11.0/org.testng.SuiteRunnerWorker.run(SuiteRunnerWorker.java:95)
	at org.testng@7.11.0/org.testng.TestNG.runSuitesSequentially(TestNG.java:1274)
	at org.testng@7.11.0/org.testng.TestNG.runSuitesLocally(TestNG.java:1208)
	at org.testng@7.11.0/org.testng.TestNG.runSuites(TestNG.java:1112)
	at org.testng@7.11.0/org.testng.TestNG.run(TestNG.java:1079)
	at org.apache.maven.surefire.testng.TestNGExecutor.run(TestNGExecutor.java:308)
	at org.apache.maven.surefire.testng.TestNGXmlTestSuite.execute(TestNGXmlTestSuite.java:71)
	at org.apache.maven.surefire.testng.TestNGProvider.invoke(TestNGProvider.java:113)
	at org.apache.maven.surefire.booter.ForkedBooter.runSuitesInProcess(ForkedBooter.java:385)
	at org.apache.maven.surefire.booter.ForkedBooter.execute(ForkedBooter.java:162)
	at org.apache.maven.surefire.booter.ForkedBooter.run(ForkedBooter.java:507)
	at org.apache.maven.surefire.booter.ForkedBooter.main(ForkedBooter.java:495)
]]></failure>
    <system-err><![CDATA[May 07, 2026 12:19:38 PM org.openqa.selenium.devtools.CdpVersionFinder findNearestMatch
WARNING: Unable to find CDP implementation matching 147
May 07, 2026 12:19:38 PM org.openqa.selenium.chromium.ChromiumDriver lambda$new$4
WARNING: Unable to find version of CDP to use for 147.0.7727.138. You may need to include a dependency on a specific version of the CDP using something similar to `org.seleniumhq.selenium:selenium-devtools-v86:4.38.0` where the version ("v86") matches the version of the chromium-based browser you're using and the version number of the artifact is the same as Selenium's.
]]></system-err>
  </testcase>
  <testcase name="setandsaveprofile4" classname="test.streamprofiletest" time="4.708">
    <failure message="Cannot locate option with text: 1280x720&#10;For documentation on this error, please visit: https://www.selenium.dev/documentation/webdriver/troubleshooting/errors#nosuchelementexception&#10;Build info: version: &apos;4.38.0&apos;, revision: &apos;6b412e825c*&apos;&#10;System info: os.name: &apos;Windows 10&apos;, os.arch: &apos;amd64&apos;, os.version: &apos;10.0&apos;, java.version: &apos;25.0.1&apos;&#10;Driver info: driver.version: unknown" type="org.openqa.selenium.NoSuchElementException"><![CDATA[org.openqa.selenium.NoSuchElementException: 
Cannot locate option with text: 1280x720
For documentation on this error, please visit: https://www.selenium.dev/documentation/webdriver/troubleshooting/errors#nosuchelementexception
Build info: version: '4.38.0', revision: '6b412e825c*'
System info: os.name: 'Windows 10', os.arch: 'amd64', os.version: '10.0', java.version: '25.0.1'
Driver info: driver.version: unknown
	at org.seleniumhq.selenium.support/org.openqa.selenium.support.ui.Select.selectByVisibleText(Select.java:397)
	at org.seleniumhq.selenium.support/org.openqa.selenium.support.ui.Select.selectByVisibleText(Select.java:125)
	at Framework/ipcamera.pageobject.streamprofileobject.setresolution(streamprofileobject.java:170)
	at Framework/test.streamprofiletest.setandsaveprofile4(streamprofiletest.java:293)
	at java.base/jdk.internal.reflect.DirectMethodHandleAccessor.invoke(DirectMethodHandleAccessor.java:104)
	at java.base/java.lang.reflect.Method.invoke(Method.java:565)
	at org.testng@7.11.0/org.testng.internal.invokers.MethodInvocationHelper.invokeMethod(MethodInvocationHelper.java:141)
	at org.testng@7.11.0/org.testng.internal.invokers.TestInvoker.invokeMethod(TestInvoker.java:687)
	at org.testng@7.11.0/org.testng.internal.invokers.TestInvoker.invokeTestMethod(TestInvoker.java:230)
	at org.testng@7.11.0/org.testng.internal.invokers.MethodRunner.runInSequence(MethodRunner.java:63)
	at org.testng@7.11.0/org.testng.internal.invokers.TestInvoker$MethodInvocationAgent.invoke(TestInvoker.java:995)
	at org.testng@7.11.0/org.testng.internal.invokers.TestInvoker.invokeTestMethods(TestInvoker.java:203)
	at org.testng@7.11.0/org.testng.internal.invokers.TestMethodWorker.invokeTestMethods(TestMethodWorker.java:154)
	at org.testng@7.11.0/org.testng.internal.invokers.TestMethodWorker.run(TestMethodWorker.java:134)
	at java.base/java.util.ArrayList.forEach(ArrayList.java:1604)
	at org.testng@7.11.0/org.testng.TestRunner.privateRun(TestRunner.java:741)
	at org.testng@7.11.0/org.testng.TestRunner.run(TestRunner.java:616)
	at org.testng@7.11.0/org.testng.SuiteRunner.runTest(SuiteRunner.java:421)
	at org.testng@7.11.0/org.testng.SuiteRunner.runSequentially(SuiteRunner.java:413)
	at org.testng@7.11.0/org.testng.SuiteRunner.privateRun(SuiteRunner.java:373)
	at org.testng@7.11.0/org.testng.SuiteRunner.run(SuiteRunner.java:312)
	at org.testng@7.11.0/org.testng.SuiteRunnerWorker.runSuite(SuiteRunnerWorker.java:52)
	at org.testng@7.11.0/org.testng.SuiteRunnerWorker.run(SuiteRunnerWorker.java:95)
	at org.testng@7.11.0/org.testng.TestNG.runSuitesSequentially(TestNG.java:1274)
	at org.testng@7.11.0/org.testng.TestNG.runSuitesLocally(TestNG.java:1208)
	at org.testng@7.11.0/org.testng.TestNG.runSuites(TestNG.java:1112)
	at org.testng@7.11.0/org.testng.TestNG.run(TestNG.java:1079)
	at org.apache.maven.surefire.testng.TestNGExecutor.run(TestNGExecutor.java:308)
	at org.apache.maven.surefire.testng.TestNGXmlTestSuite.execute(TestNGXmlTestSuite.java:71)
	at org.apache.maven.surefire.testng.TestNGProvider.invoke(TestNGProvider.java:113)
	at org.apache.maven.surefire.booter.ForkedBooter.runSuitesInProcess(ForkedBooter.java:385)
	at org.apache.maven.surefire.booter.ForkedBooter.execute(ForkedBooter.java:162)
	at org.apache.maven.surefire.booter.ForkedBooter.run(ForkedBooter.java:507)
	at org.apache.maven.surefire.booter.ForkedBooter.main(ForkedBooter.java:495)
]]></failure>
    <system-err><![CDATA[May 07, 2026 12:19:46 PM org.openqa.selenium.devtools.CdpVersionFinder findNearestMatch
WARNING: Unable to find CDP implementation matching 147
May 07, 2026 12:19:46 PM org.openqa.selenium.chromium.ChromiumDriver lambda$new$4
WARNING: Unable to find version of CDP to use for 147.0.7727.138. You may need to include a dependency on a specific version of the CDP using something similar to `org.seleniumhq.selenium:selenium-devtools-v86:4.38.0` where the version ("v86") matches the version of the chromium-based browser you're using and the version number of the artifact is the same as Selenium's.
]]></system-err>
  </testcase>
  <testcase name="bothcheckbox_disable" classname="test.datetimetest" time="4.125">
    <failure message="The following asserts failed:&#10;	ONVIF mismatch! expected [FALSE] but found [false],&#10;	API mismatch! expected [FALSE] but found [false]" type="java.lang.AssertionError"><![CDATA[java.lang.AssertionError: 
The following asserts failed:
	ONVIF mismatch! expected [FALSE] but found [false],
	API mismatch! expected [FALSE] but found [false]
	at org.testng@7.11.0/org.testng.asserts.SoftAssert.assertAll(SoftAssert.java:46)
	at org.testng@7.11.0/org.testng.asserts.SoftAssert.assertAll(SoftAssert.java:30)
	at Framework/test.datetimetest.bothcheckbox_disable(datetimetest.java:379)
	at java.base/jdk.internal.reflect.DirectMethodHandleAccessor.invoke(DirectMethodHandleAccessor.java:104)
	at java.base/java.lang.reflect.Method.invoke(Method.java:565)
	at org.testng@7.11.0/org.testng.internal.invokers.MethodInvocationHelper.invokeMethod(MethodInvocationHelper.java:141)
	at org.testng@7.11.0/org.testng.internal.invokers.TestInvoker.invokeMethod(TestInvoker.java:687)
	at org.testng@7.11.0/org.testng.internal.invokers.TestInvoker.invokeTestMethod(TestInvoker.java:230)
	at org.testng@7.11.0/org.testng.internal.invokers.MethodRunner.runInSequence(MethodRunner.java:63)
	at org.testng@7.11.0/org.testng.internal.invokers.TestInvoker$MethodInvocationAgent.invoke(TestInvoker.java:995)
	at org.testng@7.11.0/org.testng.internal.invokers.TestInvoker.invokeTestMethods(TestInvoker.java:203)
	at org.testng@7.11.0/org.testng.internal.invokers.TestMethodWorker.invokeTestMethods(TestMethodWorker.java:154)
	at org.testng@7.11.0/org.testng.internal.invokers.TestMethodWorker.run(TestMethodWorker.java:134)
	at java.base/java.util.ArrayList.forEach(ArrayList.java:1604)
	at org.testng@7.11.0/org.testng.TestRunner.privateRun(TestRunner.java:741)
	at org.testng@7.11.0/org.testng.TestRunner.run(TestRunner.java:616)
	at org.testng@7.11.0/org.testng.SuiteRunner.runTest(SuiteRunner.java:421)
	at org.testng@7.11.0/org.testng.SuiteRunner.runSequentially(SuiteRunner.java:413)
	at org.testng@7.11.0/org.testng.SuiteRunner.privateRun(SuiteRunner.java:373)
	at org.testng@7.11.0/org.testng.SuiteRunner.run(SuiteRunner.java:312)
	at org.testng@7.11.0/org.testng.SuiteRunnerWorker.runSuite(SuiteRunnerWorker.java:52)
	at org.testng@7.11.0/org.testng.SuiteRunnerWorker.run(SuiteRunnerWorker.java:95)
	at org.testng@7.11.0/org.testng.TestNG.runSuitesSequentially(TestNG.java:1274)
	at org.testng@7.11.0/org.testng.TestNG.runSuitesLocally(TestNG.java:1208)
	at org.testng@7.11.0/org.testng.TestNG.runSuites(TestNG.java:1112)
	at org.testng@7.11.0/org.testng.TestNG.run(TestNG.java:1079)
	at org.apache.maven.surefire.testng.TestNGExecutor.run(TestNGExecutor.java:308)
	at org.apache.maven.surefire.testng.TestNGXmlTestSuite.execute(TestNGXmlTestSuite.java:71)
	at org.apache.maven.surefire.testng.TestNGProvider.invoke(TestNGProvider.java:113)
	at org.apache.maven.surefire.booter.ForkedBooter.runSuitesInProcess(ForkedBooter.java:385)
	at org.apache.maven.surefire.booter.ForkedBooter.execute(ForkedBooter.java:162)
	at org.apache.maven.surefire.booter.ForkedBooter.run(ForkedBooter.java:507)
	at org.apache.maven.surefire.booter.ForkedBooter.main(ForkedBooter.java:495)
]]></failure>
    <system-out><![CDATA[=== TC14 Disable Both Checkboxes ===
Set via ONVIF : false
Set via API   : false
]]></system-out>
    <system-err><![CDATA[May 07, 2026 12:19:55 PM org.openqa.selenium.devtools.CdpVersionFinder findNearestMatch
WARNING: Unable to find CDP implementation matching 147
May 07, 2026 12:19:55 PM org.openqa.selenium.chromium.ChromiumDriver lambda$new$4
WARNING: Unable to find version of CDP to use for 147.0.7727.138. You may need to include a dependency on a specific version of the CDP using something similar to `org.seleniumhq.selenium:selenium-devtools-v86:4.38.0` where the version ("v86") matches the version of the chromium-based browser you're using and the version number of the artifact is the same as Selenium's.
]]></system-err>
  </testcase>
  <testcase name="bothcheckbox_enable" classname="test.datetimetest" time="4.083">
    <failure message="The following asserts failed:&#10;	ONVIF mismatch! expected [TRUE] but found [true],&#10;	API mismatch! expected [TRUE] but found [true]" type="java.lang.AssertionError"><![CDATA[java.lang.AssertionError: 
The following asserts failed:
	ONVIF mismatch! expected [TRUE] but found [true],
	API mismatch! expected [TRUE] but found [true]
	at org.testng@7.11.0/org.testng.asserts.SoftAssert.assertAll(SoftAssert.java:46)
	at org.testng@7.11.0/org.testng.asserts.SoftAssert.assertAll(SoftAssert.java:30)
	at Framework/test.datetimetest.bothcheckbox_enable(datetimetest.java:352)
	at java.base/jdk.internal.reflect.DirectMethodHandleAccessor.invoke(DirectMethodHandleAccessor.java:104)
	at java.base/java.lang.reflect.Method.invoke(Method.java:565)
	at org.testng@7.11.0/org.testng.internal.invokers.MethodInvocationHelper.invokeMethod(MethodInvocationHelper.java:141)
	at org.testng@7.11.0/org.testng.internal.invokers.TestInvoker.invokeMethod(TestInvoker.java:687)
	at org.testng@7.11.0/org.testng.internal.invokers.TestInvoker.invokeTestMethod(TestInvoker.java:230)
	at org.testng@7.11.0/org.testng.internal.invokers.MethodRunner.runInSequence(MethodRunner.java:63)
	at org.testng@7.11.0/org.testng.internal.invokers.TestInvoker$MethodInvocationAgent.invoke(TestInvoker.java:995)
	at org.testng@7.11.0/org.testng.internal.invokers.TestInvoker.invokeTestMethods(TestInvoker.java:203)
	at org.testng@7.11.0/org.testng.internal.invokers.TestMethodWorker.invokeTestMethods(TestMethodWorker.java:154)
	at org.testng@7.11.0/org.testng.internal.invokers.TestMethodWorker.run(TestMethodWorker.java:134)
	at java.base/java.util.ArrayList.forEach(ArrayList.java:1604)
	at org.testng@7.11.0/org.testng.TestRunner.privateRun(TestRunner.java:741)
	at org.testng@7.11.0/org.testng.TestRunner.run(TestRunner.java:616)
	at org.testng@7.11.0/org.testng.SuiteRunner.runTest(SuiteRunner.java:421)
	at org.testng@7.11.0/org.testng.SuiteRunner.runSequentially(SuiteRunner.java:413)
	at org.testng@7.11.0/org.testng.SuiteRunner.privateRun(SuiteRunner.java:373)
	at org.testng@7.11.0/org.testng.SuiteRunner.run(SuiteRunner.java:312)
	at org.testng@7.11.0/org.testng.SuiteRunnerWorker.runSuite(SuiteRunnerWorker.java:52)
	at org.testng@7.11.0/org.testng.SuiteRunnerWorker.run(SuiteRunnerWorker.java:95)
	at org.testng@7.11.0/org.testng.TestNG.runSuitesSequentially(TestNG.java:1274)
	at org.testng@7.11.0/org.testng.TestNG.runSuitesLocally(TestNG.java:1208)
	at org.testng@7.11.0/org.testng.TestNG.runSuites(TestNG.java:1112)
	at org.testng@7.11.0/org.testng.TestNG.run(TestNG.java:1079)
	at org.apache.maven.surefire.testng.TestNGExecutor.run(TestNGExecutor.java:308)
	at org.apache.maven.surefire.testng.TestNGXmlTestSuite.execute(TestNGXmlTestSuite.java:71)
	at org.apache.maven.surefire.testng.TestNGProvider.invoke(TestNGProvider.java:113)
	at org.apache.maven.surefire.booter.ForkedBooter.runSuitesInProcess(ForkedBooter.java:385)
	at org.apache.maven.surefire.booter.ForkedBooter.execute(ForkedBooter.java:162)
	at org.apache.maven.surefire.booter.ForkedBooter.run(ForkedBooter.java:507)
	at org.apache.maven.surefire.booter.ForkedBooter.main(ForkedBooter.java:495)
]]></failure>
    <system-out><![CDATA[=== TC13 Enable Both Checkboxes ===
Set via ONVIF : true
Set via API   : true
]]></system-out>
    <system-err><![CDATA[May 07, 2026 12:20:03 PM org.openqa.selenium.devtools.CdpVersionFinder findNearestMatch
WARNING: Unable to find CDP implementation matching 147
May 07, 2026 12:20:03 PM org.openqa.selenium.chromium.ChromiumDriver lambda$new$4
WARNING: Unable to find version of CDP to use for 147.0.7727.138. You may need to include a dependency on a specific version of the CDP using something similar to `org.seleniumhq.selenium:selenium-devtools-v86:4.38.0` where the version ("v86") matches the version of the chromium-based browser you're using and the version number of the artifact is the same as Selenium's.
]]></system-err>
  </testcase>
  <testcase name="defaultdatetime" classname="test.datetimetest" time="4.191">
    <failure message="The following asserts failed:&#10;	Set via ONVIF mismatch! expected [TRUE] but found [true],&#10;	Set via API mismatch! expected [TRUE] but found [true],&#10;	NTP Sync mismatch! expected [] but found [false],&#10;	DST mismatch! expected [FALSE] but found [false]" type="java.lang.AssertionError"><![CDATA[java.lang.AssertionError: 
The following asserts failed:
	Set via ONVIF mismatch! expected [TRUE] but found [true],
	Set via API mismatch! expected [TRUE] but found [true],
	NTP Sync mismatch! expected [] but found [false],
	DST mismatch! expected [FALSE] but found [false]
	at org.testng@7.11.0/org.testng.asserts.SoftAssert.assertAll(SoftAssert.java:46)
	at org.testng@7.11.0/org.testng.asserts.SoftAssert.assertAll(SoftAssert.java:30)
	at Framework/test.datetimetest.defaultdatetime(datetimetest.java:68)
	at java.base/jdk.internal.reflect.DirectMethodHandleAccessor.invoke(DirectMethodHandleAccessor.java:104)
	at java.base/java.lang.reflect.Method.invoke(Method.java:565)
	at org.testng@7.11.0/org.testng.internal.invokers.MethodInvocationHelper.invokeMethod(MethodInvocationHelper.java:141)
	at org.testng@7.11.0/org.testng.internal.invokers.TestInvoker.invokeMethod(TestInvoker.java:687)
	at org.testng@7.11.0/org.testng.internal.invokers.TestInvoker.invokeTestMethod(TestInvoker.java:230)
	at org.testng@7.11.0/org.testng.internal.invokers.MethodRunner.runInSequence(MethodRunner.java:63)
	at org.testng@7.11.0/org.testng.internal.invokers.TestInvoker$MethodInvocationAgent.invoke(TestInvoker.java:995)
	at org.testng@7.11.0/org.testng.internal.invokers.TestInvoker.invokeTestMethods(TestInvoker.java:203)
	at org.testng@7.11.0/org.testng.internal.invokers.TestMethodWorker.invokeTestMethods(TestMethodWorker.java:154)
	at org.testng@7.11.0/org.testng.internal.invokers.TestMethodWorker.run(TestMethodWorker.java:134)
	at java.base/java.util.ArrayList.forEach(ArrayList.java:1604)
	at org.testng@7.11.0/org.testng.TestRunner.privateRun(TestRunner.java:741)
	at org.testng@7.11.0/org.testng.TestRunner.run(TestRunner.java:616)
	at org.testng@7.11.0/org.testng.SuiteRunner.runTest(SuiteRunner.java:421)
	at org.testng@7.11.0/org.testng.SuiteRunner.runSequentially(SuiteRunner.java:413)
	at org.testng@7.11.0/org.testng.SuiteRunner.privateRun(SuiteRunner.java:373)
	at org.testng@7.11.0/org.testng.SuiteRunner.run(SuiteRunner.java:312)
	at org.testng@7.11.0/org.testng.SuiteRunnerWorker.runSuite(SuiteRunnerWorker.java:52)
	at org.testng@7.11.0/org.testng.SuiteRunnerWorker.run(SuiteRunnerWorker.java:95)
	at org.testng@7.11.0/org.testng.TestNG.runSuitesSequentially(TestNG.java:1274)
	at org.testng@7.11.0/org.testng.TestNG.runSuitesLocally(TestNG.java:1208)
	at org.testng@7.11.0/org.testng.TestNG.runSuites(TestNG.java:1112)
	at org.testng@7.11.0/org.testng.TestNG.run(TestNG.java:1079)
	at org.apache.maven.surefire.testng.TestNGExecutor.run(TestNGExecutor.java:308)
	at org.apache.maven.surefire.testng.TestNGXmlTestSuite.execute(TestNGXmlTestSuite.java:71)
	at org.apache.maven.surefire.testng.TestNGProvider.invoke(TestNGProvider.java:113)
	at org.apache.maven.surefire.booter.ForkedBooter.runSuitesInProcess(ForkedBooter.java:385)
	at org.apache.maven.surefire.booter.ForkedBooter.execute(ForkedBooter.java:162)
	at org.apache.maven.surefire.booter.ForkedBooter.run(ForkedBooter.java:507)
	at org.apache.maven.surefire.booter.ForkedBooter.main(ForkedBooter.java:495)
]]></failure>
    <system-out><![CDATA[=== TC01 Default DateTime ===
Set via ONVIF : true
Set via API   : true
NTP Sync      : false
DST           : false
]]></system-out>
    <system-err><![CDATA[May 07, 2026 12:20:12 PM org.openqa.selenium.devtools.CdpVersionFinder findNearestMatch
WARNING: Unable to find CDP implementation matching 147
May 07, 2026 12:20:12 PM org.openqa.selenium.chromium.ChromiumDriver lambda$new$4
WARNING: Unable to find version of CDP to use for 147.0.7727.138. You may need to include a dependency on a specific version of the CDP using something similar to `org.seleniumhq.selenium:selenium-devtools-v86:4.38.0` where the version ("v86") matches the version of the chromium-based browser you're using and the version number of the artifact is the same as Selenium's.
]]></system-err>
  </testcase>
  <testcase name="defaultdst" classname="test.datetimetest" time="4.187">
    <failure message="The following asserts failed:&#10;	DST default mismatch! expected [FALSE] but found [false]" type="java.lang.AssertionError"><![CDATA[java.lang.AssertionError: 
The following asserts failed:
	DST default mismatch! expected [FALSE] but found [false]
	at org.testng@7.11.0/org.testng.asserts.SoftAssert.assertAll(SoftAssert.java:46)
	at org.testng@7.11.0/org.testng.asserts.SoftAssert.assertAll(SoftAssert.java:30)
	at Framework/test.datetimetest.defaultdst(datetimetest.java:562)
	at java.base/jdk.internal.reflect.DirectMethodHandleAccessor.invoke(DirectMethodHandleAccessor.java:104)
	at java.base/java.lang.reflect.Method.invoke(Method.java:565)
	at org.testng@7.11.0/org.testng.internal.invokers.MethodInvocationHelper.invokeMethod(MethodInvocationHelper.java:141)
	at org.testng@7.11.0/org.testng.internal.invokers.TestInvoker.invokeMethod(TestInvoker.java:687)
	at org.testng@7.11.0/org.testng.internal.invokers.TestInvoker.invokeTestMethod(TestInvoker.java:230)
	at org.testng@7.11.0/org.testng.internal.invokers.MethodRunner.runInSequence(MethodRunner.java:63)
	at org.testng@7.11.0/org.testng.internal.invokers.TestInvoker$MethodInvocationAgent.invoke(TestInvoker.java:995)
	at org.testng@7.11.0/org.testng.internal.invokers.TestInvoker.invokeTestMethods(TestInvoker.java:203)
	at org.testng@7.11.0/org.testng.internal.invokers.TestMethodWorker.invokeTestMethods(TestMethodWorker.java:154)
	at org.testng@7.11.0/org.testng.internal.invokers.TestMethodWorker.run(TestMethodWorker.java:134)
	at java.base/java.util.ArrayList.forEach(ArrayList.java:1604)
	at org.testng@7.11.0/org.testng.TestRunner.privateRun(TestRunner.java:741)
	at org.testng@7.11.0/org.testng.TestRunner.run(TestRunner.java:616)
	at org.testng@7.11.0/org.testng.SuiteRunner.runTest(SuiteRunner.java:421)
	at org.testng@7.11.0/org.testng.SuiteRunner.runSequentially(SuiteRunner.java:413)
	at org.testng@7.11.0/org.testng.SuiteRunner.privateRun(SuiteRunner.java:373)
	at org.testng@7.11.0/org.testng.SuiteRunner.run(SuiteRunner.java:312)
	at org.testng@7.11.0/org.testng.SuiteRunnerWorker.runSuite(SuiteRunnerWorker.java:52)
	at org.testng@7.11.0/org.testng.SuiteRunnerWorker.run(SuiteRunnerWorker.java:95)
	at org.testng@7.11.0/org.testng.TestNG.runSuitesSequentially(TestNG.java:1274)
	at org.testng@7.11.0/org.testng.TestNG.runSuitesLocally(TestNG.java:1208)
	at org.testng@7.11.0/org.testng.TestNG.runSuites(TestNG.java:1112)
	at org.testng@7.11.0/org.testng.TestNG.run(TestNG.java:1079)
	at org.apache.maven.surefire.testng.TestNGExecutor.run(TestNGExecutor.java:308)
	at org.apache.maven.surefire.testng.TestNGXmlTestSuite.execute(TestNGXmlTestSuite.java:71)
	at org.apache.maven.surefire.testng.TestNGProvider.invoke(TestNGProvider.java:113)
	at org.apache.maven.surefire.booter.ForkedBooter.runSuitesInProcess(ForkedBooter.java:385)
	at org.apache.maven.surefire.booter.ForkedBooter.execute(ForkedBooter.java:162)
	at org.apache.maven.surefire.booter.ForkedBooter.run(ForkedBooter.java:507)
	at org.apache.maven.surefire.booter.ForkedBooter.main(ForkedBooter.java:495)
]]></failure>
    <system-out><![CDATA[=== TC21 Default DST ===
DST : false
]]></system-out>
    <system-err><![CDATA[May 07, 2026 12:20:20 PM org.openqa.selenium.devtools.CdpVersionFinder findNearestMatch
WARNING: Unable to find CDP implementation matching 147
May 07, 2026 12:20:20 PM org.openqa.selenium.chromium.ChromiumDriver lambda$new$4
WARNING: Unable to find version of CDP to use for 147.0.7727.138. You may need to include a dependency on a specific version of the CDP using something similar to `org.seleniumhq.selenium:selenium-devtools-v86:4.38.0` where the version ("v86") matches the version of the chromium-based browser you're using and the version number of the artifact is the same as Selenium's.
]]></system-err>
  </testcase>
  <testcase name="defaultntp" classname="test.datetimetest" time="4.055">
    <failure message="The following asserts failed:&#10;	NTP default mismatch! expected [FALSE] but found [false]" type="java.lang.AssertionError"><![CDATA[java.lang.AssertionError: 
The following asserts failed:
	NTP default mismatch! expected [FALSE] but found [false]
	at org.testng@7.11.0/org.testng.asserts.SoftAssert.assertAll(SoftAssert.java:46)
	at org.testng@7.11.0/org.testng.asserts.SoftAssert.assertAll(SoftAssert.java:30)
	at Framework/test.datetimetest.defaultntp(datetimetest.java:404)
	at java.base/jdk.internal.reflect.DirectMethodHandleAccessor.invoke(DirectMethodHandleAccessor.java:104)
	at java.base/java.lang.reflect.Method.invoke(Method.java:565)
	at org.testng@7.11.0/org.testng.internal.invokers.MethodInvocationHelper.invokeMethod(MethodInvocationHelper.java:141)
	at org.testng@7.11.0/org.testng.internal.invokers.TestInvoker.invokeMethod(TestInvoker.java:687)
	at org.testng@7.11.0/org.testng.internal.invokers.TestInvoker.invokeTestMethod(TestInvoker.java:230)
	at org.testng@7.11.0/org.testng.internal.invokers.MethodRunner.runInSequence(MethodRunner.java:63)
	at org.testng@7.11.0/org.testng.internal.invokers.TestInvoker$MethodInvocationAgent.invoke(TestInvoker.java:995)
	at org.testng@7.11.0/org.testng.internal.invokers.TestInvoker.invokeTestMethods(TestInvoker.java:203)
	at org.testng@7.11.0/org.testng.internal.invokers.TestMethodWorker.invokeTestMethods(TestMethodWorker.java:154)
	at org.testng@7.11.0/org.testng.internal.invokers.TestMethodWorker.run(TestMethodWorker.java:134)
	at java.base/java.util.ArrayList.forEach(ArrayList.java:1604)
	at org.testng@7.11.0/org.testng.TestRunner.privateRun(TestRunner.java:741)
	at org.testng@7.11.0/org.testng.TestRunner.run(TestRunner.java:616)
	at org.testng@7.11.0/org.testng.SuiteRunner.runTest(SuiteRunner.java:421)
	at org.testng@7.11.0/org.testng.SuiteRunner.runSequentially(SuiteRunner.java:413)
	at org.testng@7.11.0/org.testng.SuiteRunner.privateRun(SuiteRunner.java:373)
	at org.testng@7.11.0/org.testng.SuiteRunner.run(SuiteRunner.java:312)
	at org.testng@7.11.0/org.testng.SuiteRunnerWorker.runSuite(SuiteRunnerWorker.java:52)
	at org.testng@7.11.0/org.testng.SuiteRunnerWorker.run(SuiteRunnerWorker.java:95)
	at org.testng@7.11.0/org.testng.TestNG.runSuitesSequentially(TestNG.java:1274)
	at org.testng@7.11.0/org.testng.TestNG.runSuitesLocally(TestNG.java:1208)
	at org.testng@7.11.0/org.testng.TestNG.runSuites(TestNG.java:1112)
	at org.testng@7.11.0/org.testng.TestNG.run(TestNG.java:1079)
	at org.apache.maven.surefire.testng.TestNGExecutor.run(TestNGExecutor.java:308)
	at org.apache.maven.surefire.testng.TestNGXmlTestSuite.execute(TestNGXmlTestSuite.java:71)
	at org.apache.maven.surefire.testng.TestNGProvider.invoke(TestNGProvider.java:113)
	at org.apache.maven.surefire.booter.ForkedBooter.runSuitesInProcess(ForkedBooter.java:385)
	at org.apache.maven.surefire.booter.ForkedBooter.execute(ForkedBooter.java:162)
	at org.apache.maven.surefire.booter.ForkedBooter.run(ForkedBooter.java:507)
	at org.apache.maven.surefire.booter.ForkedBooter.main(ForkedBooter.java:495)
]]></failure>
    <system-out><![CDATA[=== TC15 Default NTP ===
NTP Sync : false
]]></system-out>
    <system-err><![CDATA[May 07, 2026 12:20:28 PM org.openqa.selenium.devtools.CdpVersionFinder findNearestMatch
WARNING: Unable to find CDP implementation matching 147
May 07, 2026 12:20:28 PM org.openqa.selenium.chromium.ChromiumDriver lambda$new$4
WARNING: Unable to find version of CDP to use for 147.0.7727.138. You may need to include a dependency on a specific version of the CDP using something similar to `org.seleniumhq.selenium:selenium-devtools-v86:4.38.0` where the version ("v86") matches the version of the chromium-based browser you're using and the version number of the artifact is the same as Selenium's.
]]></system-err>
  </testcase>
  <testcase name="dst_australia" classname="test.datetimetest" time="7.563">
    <failure message="The following asserts failed:&#10;	DST mismatch! expected [TRUE] but found [true]" type="java.lang.AssertionError"><![CDATA[java.lang.AssertionError: 
The following asserts failed:
	DST mismatch! expected [TRUE] but found [true]
	at org.testng@7.11.0/org.testng.asserts.SoftAssert.assertAll(SoftAssert.java:46)
	at org.testng@7.11.0/org.testng.asserts.SoftAssert.assertAll(SoftAssert.java:30)
	at Framework/test.datetimetest.dst_australia(datetimetest.java:687)
	at java.base/jdk.internal.reflect.DirectMethodHandleAccessor.invoke(DirectMethodHandleAccessor.java:104)
	at java.base/java.lang.reflect.Method.invoke(Method.java:565)
	at org.testng@7.11.0/org.testng.internal.invokers.MethodInvocationHelper.invokeMethod(MethodInvocationHelper.java:141)
	at org.testng@7.11.0/org.testng.internal.invokers.TestInvoker.invokeMethod(TestInvoker.java:687)
	at org.testng@7.11.0/org.testng.internal.invokers.TestInvoker.invokeTestMethod(TestInvoker.java:230)
	at org.testng@7.11.0/org.testng.internal.invokers.MethodRunner.runInSequence(MethodRunner.java:63)
	at org.testng@7.11.0/org.testng.internal.invokers.TestInvoker$MethodInvocationAgent.invoke(TestInvoker.java:995)
	at org.testng@7.11.0/org.testng.internal.invokers.TestInvoker.invokeTestMethods(TestInvoker.java:203)
	at org.testng@7.11.0/org.testng.internal.invokers.TestMethodWorker.invokeTestMethods(TestMethodWorker.java:154)
	at org.testng@7.11.0/org.testng.internal.invokers.TestMethodWorker.run(TestMethodWorker.java:134)
	at java.base/java.util.ArrayList.forEach(ArrayList.java:1604)
	at org.testng@7.11.0/org.testng.TestRunner.privateRun(TestRunner.java:741)
	at org.testng@7.11.0/org.testng.TestRunner.run(TestRunner.java:616)
	at org.testng@7.11.0/org.testng.SuiteRunner.runTest(SuiteRunner.java:421)
	at org.testng@7.11.0/org.testng.SuiteRunner.runSequentially(SuiteRunner.java:413)
	at org.testng@7.11.0/org.testng.SuiteRunner.privateRun(SuiteRunner.java:373)
	at org.testng@7.11.0/org.testng.SuiteRunner.run(SuiteRunner.java:312)
	at org.testng@7.11.0/org.testng.SuiteRunnerWorker.runSuite(SuiteRunnerWorker.java:52)
	at org.testng@7.11.0/org.testng.SuiteRunnerWorker.run(SuiteRunnerWorker.java:95)
	at org.testng@7.11.0/org.testng.TestNG.runSuitesSequentially(TestNG.java:1274)
	at org.testng@7.11.0/org.testng.TestNG.runSuitesLocally(TestNG.java:1208)
	at org.testng@7.11.0/org.testng.TestNG.runSuites(TestNG.java:1112)
	at org.testng@7.11.0/org.testng.TestNG.run(TestNG.java:1079)
	at org.apache.maven.surefire.testng.TestNGExecutor.run(TestNGExecutor.java:308)
	at org.apache.maven.surefire.testng.TestNGXmlTestSuite.execute(TestNGXmlTestSuite.java:71)
	at org.apache.maven.surefire.testng.TestNGProvider.invoke(TestNGProvider.java:113)
	at org.apache.maven.surefire.booter.ForkedBooter.runSuitesInProcess(ForkedBooter.java:385)
	at org.apache.maven.surefire.booter.ForkedBooter.execute(ForkedBooter.java:162)
	at org.apache.maven.surefire.booter.ForkedBooter.run(ForkedBooter.java:507)
	at org.apache.maven.surefire.booter.ForkedBooter.main(ForkedBooter.java:495)
]]></failure>
    <system-out><![CDATA[=== TC24 DST Australia ===
DST       : true
Fwd Month : October
Rev Month : April
]]></system-out>
    <system-err><![CDATA[May 07, 2026 12:20:36 PM org.openqa.selenium.devtools.CdpVersionFinder findNearestMatch
WARNING: Unable to find CDP implementation matching 147
May 07, 2026 12:20:36 PM org.openqa.selenium.chromium.ChromiumDriver lambda$new$4
WARNING: Unable to find version of CDP to use for 147.0.7727.138. You may need to include a dependency on a specific version of the CDP using something similar to `org.seleniumhq.selenium:selenium-devtools-v86:4.38.0` where the version ("v86") matches the version of the chromium-based browser you're using and the version number of the artifact is the same as Selenium's.
]]></system-err>
  </testcase>
  <testcase name="dst_disable" classname="test.datetimetest" time="4.092">
    <failure message="The following asserts failed:&#10;	DST disable mismatch! expected [FALSE] but found [false]" type="java.lang.AssertionError"><![CDATA[java.lang.AssertionError: 
The following asserts failed:
	DST disable mismatch! expected [FALSE] but found [false]
	at org.testng@7.11.0/org.testng.asserts.SoftAssert.assertAll(SoftAssert.java:46)
	at org.testng@7.11.0/org.testng.asserts.SoftAssert.assertAll(SoftAssert.java:30)
	at Framework/test.datetimetest.dst_disable(datetimetest.java:783)
	at java.base/jdk.internal.reflect.DirectMethodHandleAccessor.invoke(DirectMethodHandleAccessor.java:104)
	at java.base/java.lang.reflect.Method.invoke(Method.java:565)
	at org.testng@7.11.0/org.testng.internal.invokers.MethodInvocationHelper.invokeMethod(MethodInvocationHelper.java:141)
	at org.testng@7.11.0/org.testng.internal.invokers.TestInvoker.invokeMethod(TestInvoker.java:687)
	at org.testng@7.11.0/org.testng.internal.invokers.TestInvoker.invokeTestMethod(TestInvoker.java:230)
	at org.testng@7.11.0/org.testng.internal.invokers.MethodRunner.runInSequence(MethodRunner.java:63)
	at org.testng@7.11.0/org.testng.internal.invokers.TestInvoker$MethodInvocationAgent.invoke(TestInvoker.java:995)
	at org.testng@7.11.0/org.testng.internal.invokers.TestInvoker.invokeTestMethods(TestInvoker.java:203)
	at org.testng@7.11.0/org.testng.internal.invokers.TestMethodWorker.invokeTestMethods(TestMethodWorker.java:154)
	at org.testng@7.11.0/org.testng.internal.invokers.TestMethodWorker.run(TestMethodWorker.java:134)
	at java.base/java.util.ArrayList.forEach(ArrayList.java:1604)
	at org.testng@7.11.0/org.testng.TestRunner.privateRun(TestRunner.java:741)
	at org.testng@7.11.0/org.testng.TestRunner.run(TestRunner.java:616)
	at org.testng@7.11.0/org.testng.SuiteRunner.runTest(SuiteRunner.java:421)
	at org.testng@7.11.0/org.testng.SuiteRunner.runSequentially(SuiteRunner.java:413)
	at org.testng@7.11.0/org.testng.SuiteRunner.privateRun(SuiteRunner.java:373)
	at org.testng@7.11.0/org.testng.SuiteRunner.run(SuiteRunner.java:312)
	at org.testng@7.11.0/org.testng.SuiteRunnerWorker.runSuite(SuiteRunnerWorker.java:52)
	at org.testng@7.11.0/org.testng.SuiteRunnerWorker.run(SuiteRunnerWorker.java:95)
	at org.testng@7.11.0/org.testng.TestNG.runSuitesSequentially(TestNG.java:1274)
	at org.testng@7.11.0/org.testng.TestNG.runSuitesLocally(TestNG.java:1208)
	at org.testng@7.11.0/org.testng.TestNG.runSuites(TestNG.java:1112)
	at org.testng@7.11.0/org.testng.TestNG.run(TestNG.java:1079)
	at org.apache.maven.surefire.testng.TestNGExecutor.run(TestNGExecutor.java:308)
	at org.apache.maven.surefire.testng.TestNGXmlTestSuite.execute(TestNGXmlTestSuite.java:71)
	at org.apache.maven.surefire.testng.TestNGProvider.invoke(TestNGProvider.java:113)
	at org.apache.maven.surefire.booter.ForkedBooter.runSuitesInProcess(ForkedBooter.java:385)
	at org.apache.maven.surefire.booter.ForkedBooter.execute(ForkedBooter.java:162)
	at org.apache.maven.surefire.booter.ForkedBooter.run(ForkedBooter.java:507)
	at org.apache.maven.surefire.booter.ForkedBooter.main(ForkedBooter.java:495)
]]></failure>
    <system-out><![CDATA[=== TC27 Disable DST ===
DST : false
]]></system-out>
    <system-err><![CDATA[May 07, 2026 12:20:48 PM org.openqa.selenium.devtools.CdpVersionFinder findNearestMatch
WARNING: Unable to find CDP implementation matching 147
May 07, 2026 12:20:48 PM org.openqa.selenium.chromium.ChromiumDriver lambda$new$4
WARNING: Unable to find version of CDP to use for 147.0.7727.138. You may need to include a dependency on a specific version of the CDP using something similar to `org.seleniumhq.selenium:selenium-devtools-v86:4.38.0` where the version ("v86") matches the version of the chromium-based browser you're using and the version number of the artifact is the same as Selenium's.
]]></system-err>
  </testcase>
  <testcase name="dst_europe" classname="test.datetimetest" time="6.17">
    <failure message="The following asserts failed:&#10;	DST mismatch! expected [TRUE] but found [true]" type="java.lang.AssertionError"><![CDATA[java.lang.AssertionError: 
The following asserts failed:
	DST mismatch! expected [TRUE] but found [true]
	at org.testng@7.11.0/org.testng.asserts.SoftAssert.assertAll(SoftAssert.java:46)
	at org.testng@7.11.0/org.testng.asserts.SoftAssert.assertAll(SoftAssert.java:30)
	at Framework/test.datetimetest.dst_europe(datetimetest.java:650)
	at java.base/jdk.internal.reflect.DirectMethodHandleAccessor.invoke(DirectMethodHandleAccessor.java:104)
	at java.base/java.lang.reflect.Method.invoke(Method.java:565)
	at org.testng@7.11.0/org.testng.internal.invokers.MethodInvocationHelper.invokeMethod(MethodInvocationHelper.java:141)
	at org.testng@7.11.0/org.testng.internal.invokers.TestInvoker.invokeMethod(TestInvoker.java:687)
	at org.testng@7.11.0/org.testng.internal.invokers.TestInvoker.invokeTestMethod(TestInvoker.java:230)
	at org.testng@7.11.0/org.testng.internal.invokers.MethodRunner.runInSequence(MethodRunner.java:63)
	at org.testng@7.11.0/org.testng.internal.invokers.TestInvoker$MethodInvocationAgent.invoke(TestInvoker.java:995)
	at org.testng@7.11.0/org.testng.internal.invokers.TestInvoker.invokeTestMethods(TestInvoker.java:203)
	at org.testng@7.11.0/org.testng.internal.invokers.TestMethodWorker.invokeTestMethods(TestMethodWorker.java:154)
	at org.testng@7.11.0/org.testng.internal.invokers.TestMethodWorker.run(TestMethodWorker.java:134)
	at java.base/java.util.ArrayList.forEach(ArrayList.java:1604)
	at org.testng@7.11.0/org.testng.TestRunner.privateRun(TestRunner.java:741)
	at org.testng@7.11.0/org.testng.TestRunner.run(TestRunner.java:616)
	at org.testng@7.11.0/org.testng.SuiteRunner.runTest(SuiteRunner.java:421)
	at org.testng@7.11.0/org.testng.SuiteRunner.runSequentially(SuiteRunner.java:413)
	at org.testng@7.11.0/org.testng.SuiteRunner.privateRun(SuiteRunner.java:373)
	at org.testng@7.11.0/org.testng.SuiteRunner.run(SuiteRunner.java:312)
	at org.testng@7.11.0/org.testng.SuiteRunnerWorker.runSuite(SuiteRunnerWorker.java:52)
	at org.testng@7.11.0/org.testng.SuiteRunnerWorker.run(SuiteRunnerWorker.java:95)
	at org.testng@7.11.0/org.testng.TestNG.runSuitesSequentially(TestNG.java:1274)
	at org.testng@7.11.0/org.testng.TestNG.runSuitesLocally(TestNG.java:1208)
	at org.testng@7.11.0/org.testng.TestNG.runSuites(TestNG.java:1112)
	at org.testng@7.11.0/org.testng.TestNG.run(TestNG.java:1079)
	at org.apache.maven.surefire.testng.TestNGExecutor.run(TestNGExecutor.java:308)
	at org.apache.maven.surefire.testng.TestNGXmlTestSuite.execute(TestNGXmlTestSuite.java:71)
	at org.apache.maven.surefire.testng.TestNGProvider.invoke(TestNGProvider.java:113)
	at org.apache.maven.surefire.booter.ForkedBooter.runSuitesInProcess(ForkedBooter.java:385)
	at org.apache.maven.surefire.booter.ForkedBooter.execute(ForkedBooter.java:162)
	at org.apache.maven.surefire.booter.ForkedBooter.run(ForkedBooter.java:507)
	at org.apache.maven.surefire.booter.ForkedBooter.main(ForkedBooter.java:495)
]]></failure>
    <system-out><![CDATA[=== TC23 DST Europe ===
DST       : true
Fwd Month : March
Rev Month : October
]]></system-out>
    <system-err><![CDATA[May 07, 2026 12:20:56 PM org.openqa.selenium.devtools.CdpVersionFinder findNearestMatch
WARNING: Unable to find CDP implementation matching 147
May 07, 2026 12:20:56 PM org.openqa.selenium.chromium.ChromiumDriver lambda$new$4
WARNING: Unable to find version of CDP to use for 147.0.7727.138. You may need to include a dependency on a specific version of the CDP using something similar to `org.seleniumhq.selenium:selenium-devtools-v86:4.38.0` where the version ("v86") matches the version of the chromium-based browser you're using and the version number of the artifact is the same as Selenium's.
]]></system-err>
  </testcase>
  <testcase name="dst_maxtime" classname="test.datetimetest" time="6.667">
    <system-out><![CDATA[=== TC26 DST Max Time ===
Fwd HH : 23
Fwd MM : 59
Rev HH : 23
Rev MM : 59
]]></system-out>
    <system-err><![CDATA[May 07, 2026 12:21:06 PM org.openqa.selenium.devtools.CdpVersionFinder findNearestMatch
WARNING: Unable to find CDP implementation matching 147
May 07, 2026 12:21:06 PM org.openqa.selenium.chromium.ChromiumDriver lambda$new$4
WARNING: Unable to find version of CDP to use for 147.0.7727.138. You may need to include a dependency on a specific version of the CDP using something similar to `org.seleniumhq.selenium:selenium-devtools-v86:4.38.0` where the version ("v86") matches the version of the chromium-based browser you're using and the version number of the artifact is the same as Selenium's.
]]></system-err>
  </testcase>
  <testcase name="dst_mintime" classname="test.datetimetest" time="5.032">
    <system-out><![CDATA[=== TC25 DST Min Time ===
Fwd HH : 00
Fwd MM : 00
Rev HH : 00
Rev MM : 00
]]></system-out>
    <system-err><![CDATA[May 07, 2026 12:21:17 PM org.openqa.selenium.devtools.CdpVersionFinder findNearestMatch
WARNING: Unable to find CDP implementation matching 147
May 07, 2026 12:21:17 PM org.openqa.selenium.chromium.ChromiumDriver lambda$new$4
WARNING: Unable to find version of CDP to use for 147.0.7727.138. You may need to include a dependency on a specific version of the CDP using something similar to `org.seleniumhq.selenium:selenium-devtools-v86:4.38.0` where the version ("v86") matches the version of the chromium-based browser you're using and the version number of the artifact is the same as Selenium's.
]]></system-err>
  </testcase>
  <testcase name="dst_standard" classname="test.datetimetest" time="7.377">
    <failure message="The following asserts failed:&#10;	DST mismatch! expected [TRUE] but found [true]" type="java.lang.AssertionError"><![CDATA[java.lang.AssertionError: 
The following asserts failed:
	DST mismatch! expected [TRUE] but found [true]
	at org.testng@7.11.0/org.testng.asserts.SoftAssert.assertAll(SoftAssert.java:46)
	at org.testng@7.11.0/org.testng.asserts.SoftAssert.assertAll(SoftAssert.java:30)
[...]
	at org.testng@7.11.0/org.testng.internal.invokers.TestMethodWorker.invokeTestMethods(TestMethodWorker.java:154)
	at org.testng@7.11.0/org.testng.internal.invokers.TestMethodWorker.run(TestMethodWorker.java:134)
	at java.base/java.util.ArrayList.forEach(ArrayList.java:1604)
	at org.testng@7.11.0/org.testng.TestRunner.privateRun(TestRunner.java:741)
	at org.testng@7.11.0/org.testng.TestRunner.run(TestRunner.java:616)
	at org.testng@7.11.0/org.testng.SuiteRunner.runTest(SuiteRunner.java:421)
	at org.testng@7.11.0/org.testng.SuiteRunner.runSequentially(SuiteRunner.java:413)
	at org.testng@7.11.0/org.testng.SuiteRunner.privateRun(SuiteRunner.java:373)
	at org.testng@7.11.0/org.testng.SuiteRunner.run(SuiteRunner.java:312)
	at org.testng@7.11.0/org.testng.SuiteRunnerWorker.runSuite(SuiteRunnerWorker.java:52)
	at org.testng@7.11.0/org.testng.SuiteRunnerWorker.run(SuiteRunnerWorker.java:95)
	at org.testng@7.11.0/org.testng.TestNG.runSuitesSequentially(TestNG.java:1274)
	at org.testng@7.11.0/org.testng.TestNG.runSuitesLocally(TestNG.java:1208)
	at org.testng@7.11.0/org.testng.TestNG.runSuites(TestNG.java:1112)
	at org.testng@7.11.0/org.testng.TestNG.run(TestNG.java:1079)
	at org.apache.maven.surefire.testng.TestNGExecutor.run(TestNGExecutor.java:308)
	at org.apache.maven.surefire.testng.TestNGXmlTestSuite.execute(TestNGXmlTestSuite.java:71)
	at org.apache.maven.surefire.testng.TestNGProvider.invoke(TestNGProvider.java:113)
	at org.apache.maven.surefire.booter.ForkedBooter.runSuitesInProcess(ForkedBooter.java:385)
	at org.apache.maven.surefire.booter.ForkedBooter.execute(ForkedBooter.java:162)
	at org.apache.maven.surefire.booter.ForkedBooter.run(ForkedBooter.java:507)
	at org.apache.maven.surefire.booter.ForkedBooter.main(ForkedBooter.java:495)
]]></failure>
    <system-err><![CDATA[May 07, 2026 12:22:39 PM org.openqa.selenium.devtools.CdpVersionFinder findNearestMatch
WARNING: Unable to find CDP implementation matching 147
May 07, 2026 12:22:39 PM org.openqa.selenium.chromium.ChromiumDriver lambda$new$4
WARNING: Unable to find version of CDP to use for 147.0.7727.138. You may need to include a dependency on a specific version of the CDP using something similar to `org.seleniumhq.selenium:selenium-devtools-v86:4.38.0` where the version ("v86") matches the version of the chromium-based browser you're using and the version number of the artifact is the same as Selenium's.
]]></system-err>
  </testcase>
  <testcase name="settimezone_utc" classname="test.datetimetest" time="4.105">
    <system-out><![CDATA[=== TC03 Set Timezone UTC ===
Timezone : (UTC+00:00) Dublin, Edinburgh, Lisbon, London
]]></system-out>
    <system-err><![CDATA[May 07, 2026 12:22:46 PM org.openqa.selenium.devtools.CdpVersionFinder findNearestMatch
WARNING: Unable to find CDP implementation matching 147
May 07, 2026 12:22:46 PM org.openqa.selenium.chromium.ChromiumDriver lambda$new$4
WARNING: Unable to find version of CDP to use for 147.0.7727.138. You may need to include a dependency on a specific version of the CDP using something similar to `org.seleniumhq.selenium:selenium-devtools-v86:4.38.0` where the version ("v86") matches the version of the chromium-based browser you're using and the version number of the artifact is the same as Selenium's.
]]></system-err>
  </testcase>
  <testcase name="setviaapi_disable" classname="test.datetimetest" time="4.0">
    <failure message="The following asserts failed:&#10;	Set via API disable mismatch! expected [FALSE] but found [false]" type="java.lang.AssertionError"><![CDATA[java.lang.AssertionError: 
The following asserts failed:
	Set via API disable mismatch! expected [FALSE] but found [false]
	at org.testng@7.11.0/org.testng.asserts.SoftAssert.assertAll(SoftAssert.java:46)
	at org.testng@7.11.0/org.testng.asserts.SoftAssert.assertAll(SoftAssert.java:30)
	at Framework/test.datetimetest.setviaapi_disable(datetimetest.java:324)
	at java.base/jdk.internal.reflect.DirectMethodHandleAccessor.invoke(DirectMethodHandleAccessor.java:104)
	at java.base/java.lang.reflect.Method.invoke(Method.java:565)
	at org.testng@7.11.0/org.testng.internal.invokers.MethodInvocationHelper.invokeMethod(MethodInvocationHelper.java:141)
	at org.testng@7.11.0/org.testng.internal.invokers.TestInvoker.invokeMethod(TestInvoker.java:687)
	at org.testng@7.11.0/org.testng.internal.invokers.TestInvoker.invokeTestMethod(TestInvoker.java:230)
	at org.testng@7.11.0/org.testng.internal.invokers.MethodRunner.runInSequence(MethodRunner.java:63)
	at org.testng@7.11.0/org.testng.internal.invokers.TestInvoker$MethodInvocationAgent.invoke(TestInvoker.java:995)
	at org.testng@7.11.0/org.testng.internal.invokers.TestInvoker.invokeTestMethods(TestInvoker.java:203)
	at org.testng@7.11.0/org.testng.internal.invokers.TestMethodWorker.invokeTestMethods(TestMethodWorker.java:154)
	at org.testng@7.11.0/org.testng.internal.invokers.TestMethodWorker.run(TestMethodWorker.java:134)
	at java.base/java.util.ArrayList.forEach(ArrayList.java:1604)
	at org.testng@7.11.0/org.testng.TestRunner.privateRun(TestRunner.java:741)
	at org.testng@7.11.0/org.testng.TestRunner.run(TestRunner.java:616)
	at org.testng@7.11.0/org.testng.SuiteRunner.runTest(SuiteRunner.java:421)
	at org.testng@7.11.0/org.testng.SuiteRunner.runSequentially(SuiteRunner.java:413)
	at org.testng@7.11.0/org.testng.SuiteRunner.privateRun(SuiteRunner.java:373)
	at org.testng@7.11.0/org.testng.SuiteRunner.run(SuiteRunner.java:312)
	at org.testng@7.11.0/org.testng.SuiteRunnerWorker.runSuite(SuiteRunnerWorker.java:52)
	at org.testng@7.11.0/org.testng.SuiteRunnerWorker.run(SuiteRunnerWorker.java:95)
	at org.testng@7.11.0/org.testng.TestNG.runSuitesSequentially(TestNG.java:1274)
	at org.testng@7.11.0/org.testng.TestNG.runSuitesLocally(TestNG.java:1208)
	at org.testng@7.11.0/org.testng.TestNG.runSuites(TestNG.java:1112)
	at org.testng@7.11.0/org.testng.TestNG.run(TestNG.java:1079)
	at org.apache.maven.surefire.testng.TestNGExecutor.run(TestNGExecutor.java:308)
	at org.apache.maven.surefire.testng.TestNGXmlTestSuite.execute(TestNGXmlTestSuite.java:71)
	at org.apache.maven.surefire.testng.TestNGProvider.invoke(TestNGProvider.java:113)
	at org.apache.maven.surefire.booter.ForkedBooter.runSuitesInProcess(ForkedBooter.java:385)
	at org.apache.maven.surefire.booter.ForkedBooter.execute(ForkedBooter.java:162)
	at org.apache.maven.surefire.booter.ForkedBooter.run(ForkedBooter.java:507)
	at org.apache.maven.surefire.booter.ForkedBooter.main(ForkedBooter.java:495)
]]></failure>
    <system-out><![CDATA[=== TC12 Disable Set via API ===
Set via API : false
]]></system-out>
    <system-err><![CDATA[May 07, 2026 12:22:54 PM org.openqa.selenium.devtools.CdpVersionFinder findNearestMatch
WARNING: Unable to find CDP implementation matching 147
May 07, 2026 12:22:54 PM org.openqa.selenium.chromium.ChromiumDriver lambda$new$4
WARNING: Unable to find version of CDP to use for 147.0.7727.138. You may need to include a dependency on a specific version of the CDP using something similar to `org.seleniumhq.selenium:selenium-devtools-v86:4.38.0` where the version ("v86") matches the version of the chromium-based browser you're using and the version number of the artifact is the same as Selenium's.
]]></system-err>
  </testcase>
  <testcase name="setviaapi_enable" classname="test.datetimetest" time="4.08">
    <failure message="The following asserts failed:&#10;	Set via API enable mismatch! expected [TRUE] but found [true]" type="java.lang.AssertionError"><![CDATA[java.lang.AssertionError: 
The following asserts failed:
	Set via API enable mismatch! expected [TRUE] but found [true]
	at org.testng@7.11.0/org.testng.asserts.SoftAssert.assertAll(SoftAssert.java:46)
	at org.testng@7.11.0/org.testng.asserts.SoftAssert.assertAll(SoftAssert.java:30)
	at Framework/test.datetimetest.setviaapi_enable(datetimetest.java:301)
	at java.base/jdk.internal.reflect.DirectMethodHandleAccessor.invoke(DirectMethodHandleAccessor.java:104)
	at java.base/java.lang.reflect.Method.invoke(Method.java:565)
	at org.testng@7.11.0/org.testng.internal.invokers.MethodInvocationHelper.invokeMethod(MethodInvocationHelper.java:141)
	at org.testng@7.11.0/org.testng.internal.invokers.TestInvoker.invokeMethod(TestInvoker.java:687)
	at org.testng@7.11.0/org.testng.internal.invokers.TestInvoker.invokeTestMethod(TestInvoker.java:230)
	at org.testng@7.11.0/org.testng.internal.invokers.MethodRunner.runInSequence(MethodRunner.java:63)
	at org.testng@7.11.0/org.testng.internal.invokers.TestInvoker$MethodInvocationAgent.invoke(TestInvoker.java:995)
	at org.testng@7.11.0/org.testng.internal.invokers.TestInvoker.invokeTestMethods(TestInvoker.java:203)
	at org.testng@7.11.0/org.testng.internal.invokers.TestMethodWorker.invokeTestMethods(TestMethodWorker.java:154)
	at org.testng@7.11.0/org.testng.internal.invokers.TestMethodWorker.run(TestMethodWorker.java:134)
	at java.base/java.util.ArrayList.forEach(ArrayList.java:1604)
	at org.testng@7.11.0/org.testng.TestRunner.privateRun(TestRunner.java:741)
	at org.testng@7.11.0/org.testng.TestRunner.run(TestRunner.java:616)
	at org.testng@7.11.0/org.testng.SuiteRunner.runTest(SuiteRunner.java:421)
	at org.testng@7.11.0/org.testng.SuiteRunner.runSequentially(SuiteRunner.java:413)
	at org.testng@7.11.0/org.testng.SuiteRunner.privateRun(SuiteRunner.java:373)
	at org.testng@7.11.0/org.testng.SuiteRunner.run(SuiteRunner.java:312)
	at org.testng@7.11.0/org.testng.SuiteRunnerWorker.runSuite(SuiteRunnerWorker.java:52)
	at org.testng@7.11.0/org.testng.SuiteRunnerWorker.run(SuiteRunnerWorker.java:95)
	at org.testng@7.11.0/org.testng.TestNG.runSuitesSequentially(TestNG.java:1274)
	at org.testng@7.11.0/org.testng.TestNG.runSuitesLocally(TestNG.java:1208)
	at org.testng@7.11.0/org.testng.TestNG.runSuites(TestNG.java:1112)
	at org.testng@7.11.0/org.testng.TestNG.run(TestNG.java:1079)
	at org.apache.maven.surefire.testng.TestNGExecutor.run(TestNGExecutor.java:308)
	at org.apache.maven.surefire.testng.TestNGXmlTestSuite.execute(TestNGXmlTestSuite.java:71)
	at org.apache.maven.surefire.testng.TestNGProvider.invoke(TestNGProvider.java:113)
	at org.apache.maven.surefire.booter.ForkedBooter.runSuitesInProcess(ForkedBooter.java:385)
	at org.apache.maven.surefire.booter.ForkedBooter.execute(ForkedBooter.java:162)
	at org.apache.maven.surefire.booter.ForkedBooter.run(ForkedBooter.java:507)
	at org.apache.maven.surefire.booter.ForkedBooter.main(ForkedBooter.java:495)
]]></failure>
    <system-out><![CDATA[=== TC11 Enable Set via API ===
Set via API : true
]]></system-out>
    <system-err><![CDATA[May 07, 2026 12:23:01 PM org.openqa.selenium.devtools.CdpVersionFinder findNearestMatch
WARNING: Unable to find CDP implementation matching 147
May 07, 2026 12:23:01 PM org.openqa.selenium.chromium.ChromiumDriver lambda$new$4
WARNING: Unable to find version of CDP to use for 147.0.7727.138. You may need to include a dependency on a specific version of the CDP using something similar to `org.seleniumhq.selenium:selenium-devtools-v86:4.38.0` where the version ("v86") matches the version of the chromium-based browser you're using and the version number of the artifact is the same as Selenium's.
]]></system-err>
  </testcase>
  <testcase name="setviaonvif_disable" classname="test.datetimetest" time="4.05">
    <failure message="The following asserts failed:&#10;	Set via ONVIF disable mismatch! expected [FALSE] but found [false]" type="java.lang.AssertionError"><![CDATA[java.lang.AssertionError: 
The following asserts failed:
	Set via ONVIF disable mismatch! expected [FALSE] but found [false]
	at org.testng@7.11.0/org.testng.asserts.SoftAssert.assertAll(SoftAssert.java:46)
	at org.testng@7.11.0/org.testng.asserts.SoftAssert.assertAll(SoftAssert.java:30)
	at Framework/test.datetimetest.setviaonvif_disable(datetimetest.java:279)
	at java.base/jdk.internal.reflect.DirectMethodHandleAccessor.invoke(DirectMethodHandleAccessor.java:104)
	at java.base/java.lang.reflect.Method.invoke(Method.java:565)
	at org.testng@7.11.0/org.testng.internal.invokers.MethodInvocationHelper.invokeMethod(MethodInvocationHelper.java:141)
	at org.testng@7.11.0/org.testng.internal.invokers.TestInvoker.invokeMethod(TestInvoker.java:687)
	at org.testng@7.11.0/org.testng.internal.invokers.TestInvoker.invokeTestMethod(TestInvoker.java:230)
	at org.testng@7.11.0/org.testng.internal.invokers.MethodRunner.runInSequence(MethodRunner.java:63)
	at org.testng@7.11.0/org.testng.internal.invokers.TestInvoker$MethodInvocationAgent.invoke(TestInvoker.java:995)
	at org.testng@7.11.0/org.testng.internal.invokers.TestInvoker.invokeTestMethods(TestInvoker.java:203)
	at org.testng@7.11.0/org.testng.internal.invokers.TestMethodWorker.invokeTestMethods(TestMethodWorker.java:154)
	at org.testng@7.11.0/org.testng.internal.invokers.TestMethodWorker.run(TestMethodWorker.java:134)
	at java.base/java.util.ArrayList.forEach(ArrayList.java:1604)
	at org.testng@7.11.0/org.testng.TestRunner.privateRun(TestRunner.java:741)
	at org.testng@7.11.0/org.testng.TestRunner.run(TestRunner.java:616)
	at org.testng@7.11.0/org.testng.SuiteRunner.runTest(SuiteRunner.java:421)
	at org.testng@7.11.0/org.testng.SuiteRunner.runSequentially(SuiteRunner.java:413)
	at org.testng@7.11.0/org.testng.SuiteRunner.privateRun(SuiteRunner.java:373)
	at org.testng@7.11.0/org.testng.SuiteRunner.run(SuiteRunner.java:312)
	at org.testng@7.11.0/org.testng.SuiteRunnerWorker.runSuite(SuiteRunnerWorker.java:52)
	at org.testng@7.11.0/org.testng.SuiteRunnerWorker.run(SuiteRunnerWorker.java:95)
	at org.testng@7.11.0/org.testng.TestNG.runSuitesSequentially(TestNG.java:1274)
	at org.testng@7.11.0/org.testng.TestNG.runSuitesLocally(TestNG.java:1208)
	at org.testng@7.11.0/org.testng.TestNG.runSuites(TestNG.java:1112)
	at org.testng@7.11.0/org.testng.TestNG.run(TestNG.java:1079)
	at org.apache.maven.surefire.testng.TestNGExecutor.run(TestNGExecutor.java:308)
	at org.apache.maven.surefire.testng.TestNGXmlTestSuite.execute(TestNGXmlTestSuite.java:71)
	at org.apache.maven.surefire.testng.TestNGProvider.invoke(TestNGProvider.java:113)
	at org.apache.maven.surefire.booter.ForkedBooter.runSuitesInProcess(ForkedBooter.java:385)
	at org.apache.maven.surefire.booter.ForkedBooter.execute(ForkedBooter.java:162)
	at org.apache.maven.surefire.booter.ForkedBooter.run(ForkedBooter.java:507)
	at org.apache.maven.surefire.booter.ForkedBooter.main(ForkedBooter.java:495)
]]></failure>
    <system-out><![CDATA[=== TC10 Disable Set via ONVIF ===
Set via ONVIF : false
]]></system-out>
    <system-err><![CDATA[May 07, 2026 12:23:09 PM org.openqa.selenium.devtools.CdpVersionFinder findNearestMatch
WARNING: Unable to find CDP implementation matching 147
May 07, 2026 12:23:09 PM org.openqa.selenium.chromium.ChromiumDriver lambda$new$4
WARNING: Unable to find version of CDP to use for 147.0.7727.138. You may need to include a dependency on a specific version of the CDP using something similar to `org.seleniumhq.selenium:selenium-devtools-v86:4.38.0` where the version ("v86") matches the version of the chromium-based browser you're using and the version number of the artifact is the same as Selenium's.
]]></system-err>
  </testcase>
  <testcase name="setviaonvif_enable" classname="test.datetimetest" time="3.534">
    <failure message="The following asserts failed:&#10;	Set via ONVIF enable mismatch! expected [TRUE] but found [true]" type="java.lang.AssertionError"><![CDATA[java.lang.AssertionError: 
The following asserts failed:
	Set via ONVIF enable mismatch! expected [TRUE] but found [true]
	at org.testng@7.11.0/org.testng.asserts.SoftAssert.assertAll(SoftAssert.java:46)
	at org.testng@7.11.0/org.testng.asserts.SoftAssert.assertAll(SoftAssert.java:30)
	at Framework/test.datetimetest.setviaonvif_enable(datetimetest.java:256)
	at java.base/jdk.internal.reflect.DirectMethodHandleAccessor.invoke(DirectMethodHandleAccessor.java:104)
	at java.base/java.lang.reflect.Method.invoke(Method.java:565)
	at org.testng@7.11.0/org.testng.internal.invokers.MethodInvocationHelper.invokeMethod(MethodInvocationHelper.java:141)
	at org.testng@7.11.0/org.testng.internal.invokers.TestInvoker.invokeMethod(TestInvoker.java:687)
	at org.testng@7.11.0/org.testng.internal.invokers.TestInvoker.invokeTestMethod(TestInvoker.java:230)
	at org.testng@7.11.0/org.testng.internal.invokers.MethodRunner.runInSequence(MethodRunner.java:63)
	at org.testng@7.11.0/org.testng.internal.invokers.TestInvoker$MethodInvocationAgent.invoke(TestInvoker.java:995)
	at org.testng@7.11.0/org.testng.internal.invokers.TestInvoker.invokeTestMethods(TestInvoker.java:203)
	at org.testng@7.11.0/org.testng.internal.invokers.TestMethodWorker.invokeTestMethods(TestMethodWorker.java:154)
	at org.testng@7.11.0/org.testng.internal.invokers.TestMethodWorker.run(TestMethodWorker.java:134)
	at java.base/java.util.ArrayList.forEach(ArrayList.java:1604)
	at org.testng@7.11.0/org.testng.TestRunner.privateRun(TestRunner.java:741)
	at org.testng@7.11.0/org.testng.TestRunner.run(TestRunner.java:616)
	at org.testng@7.11.0/org.testng.SuiteRunner.runTest(SuiteRunner.java:421)
	at org.testng@7.11.0/org.testng.SuiteRunner.runSequentially(SuiteRunner.java:413)
	at org.testng@7.11.0/org.testng.SuiteRunner.privateRun(SuiteRunner.java:373)
	at org.testng@7.11.0/org.testng.SuiteRunner.run(SuiteRunner.java:312)
	at org.testng@7.11.0/org.testng.SuiteRunnerWorker.runSuite(SuiteRunnerWorker.java:52)
	at org.testng@7.11.0/org.testng.SuiteRunnerWorker.run(SuiteRunnerWorker.java:95)
	at org.testng@7.11.0/org.testng.TestNG.runSuitesSequentially(TestNG.java:1274)
	at org.testng@7.11.0/org.testng.TestNG.runSuitesLocally(TestNG.java:1208)
	at org.testng@7.11.0/org.testng.TestNG.runSuites(TestNG.java:1112)
	at org.testng@7.11.0/org.testng.TestNG.run(TestNG.java:1079)
	at org.apache.maven.surefire.testng.TestNGExecutor.run(TestNGExecutor.java:308)
	at org.apache.maven.surefire.testng.TestNGXmlTestSuite.execute(TestNGXmlTestSuite.java:71)
	at org.apache.maven.surefire.testng.TestNGProvider.invoke(TestNGProvider.java:113)
	at org.apache.maven.surefire.booter.ForkedBooter.runSuitesInProcess(ForkedBooter.java:385)
	at org.apache.maven.surefire.booter.ForkedBooter.execute(ForkedBooter.java:162)
	at org.apache.maven.surefire.booter.ForkedBooter.run(ForkedBooter.java:507)
	at org.apache.maven.surefire.booter.ForkedBooter.main(ForkedBooter.java:495)
]]></failure>
    <system-out><![CDATA[=== TC09 Enable Set via ONVIF ===
Set via ONVIF : true
]]></system-out>
    <system-err><![CDATA[May 07, 2026 12:23:17 PM org.openqa.selenium.devtools.CdpVersionFinder findNearestMatch
WARNING: Unable to find CDP implementation matching 147
May 07, 2026 12:23:17 PM org.openqa.selenium.chromium.ChromiumDriver lambda$new$4
WARNING: Unable to find version of CDP to use for 147.0.7727.138. You may need to include a dependency on a specific version of the CDP using something similar to `org.seleniumhq.selenium:selenium-devtools-v86:4.38.0` where the version ("v86") matches the version of the chromium-based browser you're using and the version number of the artifact is the same as Selenium's.
]]></system-err>
  </testcase>
  <testcase name="syncwithpc" classname="test.datetimetest" time="4.367">
    <system-out><![CDATA[=== TC08 Sync with PC ===
Date   : 07-05-2026
Hour   : 12
Minute : 23
]]></system-out>
    <system-err><![CDATA[May 07, 2026 12:23:23 PM org.openqa.selenium.devtools.CdpVersionFinder findNearestMatch
WARNING: Unable to find CDP implementation matching 147
May 07, 2026 12:23:23 PM org.openqa.selenium.chromium.ChromiumDriver lambda$new$4
WARNING: Unable to find version of CDP to use for 147.0.7727.138. You may need to include a dependency on a specific version of the CDP using something similar to `org.seleniumhq.selenium:selenium-devtools-v86:4.38.0` where the version ("v86") matches the version of the chromium-based browser you're using and the version number of the artifact is the same as Selenium's.
]]></system-err>
  </testcase>
</testsuite>