<?xml version="1.0" encoding="UTF-8"?>
<!-- Generated by org.testng.reporters.JUnitReportReporter -->
<testsuite hostname="600797-0" failures="0" tests="7" name="test.logintest" time="35.861" errors="0" timestamp="2026-05-19T13:28:40 IST" skipped="0">
  <testcase classname="test.logintest" name="login_emptyusername" time="4.471"/>
  <testcase classname="test.logintest" name="login_bothempty" time="4.254"/>
  <testcase classname="test.logintest" name="login_wrongboth" time="4.642"/>
  <testcase classname="test.logintest" name="login_wrongusername" time="6.534"/>
  <testcase classname="test.logintest" name="login_wrongpassword" time="5.594"/>
  <testcase classname="test.logintest" name="login_valid" time="6.052"/>
  <testcase classname="test.logintest" name="login_emptypassword" time="4.314"/>
</testsuite> <!-- test.logintest -->
