<?xml version="1.0" encoding="UTF-8"?>
<!-- Generated by org.testng.reporters.JUnitReportReporter -->
<testsuite hostname="450245-3" failures="4" tests="9" name="test.streamprofiletest" time="49.499" errors="4" timestamp="2026-07-03T16:44:05 IST" skipped="0">
  <testcase classname="test.streamprofiletest" name="setandsaveprofile3" time="4.642">
    <error message="Cannot locate option with text: 1280x720
For documentation on this error, please visit: https://www.selenium.dev/documentation/webdriver/troubleshooting/errors#nosuchelementexception
Build info: version: &#039;4.38.0&#039;, revision: &#039;6b412e825c*&#039;
System info: os.name: &#039;Windows 11&#039;, os.arch: &#039;amd64&#039;, os.version: &#039;10.0&#039;, java.version: &#039;26.0.1&#039;
Driver info: driver.version: unknown" type="org.openqa.selenium.NoSuchElementException">
      <![CDATA[org.openqa.selenium.NoSuchElementException: Cannot locate option with text: 1280x720
For documentation on this error, please visit: https://www.selenium.dev/documentation/webdriver/troubleshooting/errors#nosuchelementexception
Build info: version: '4.38.0', revision: '6b412e825c*'
System info: os.name: 'Windows 11', os.arch: 'amd64', os.version: '10.0', java.version: '26.0.1'
Driver info: driver.version: unknown
at org.seleniumhq.selenium.support/org.openqa.selenium.support.ui.Select.selectByVisibleText(Select.java:397)
at org.seleniumhq.selenium.support/org.openqa.selenium.support.ui.Select.selectByVisibleText(Select.java:125)
at Framework@0.0.1-SNAPSHOT/ipcamera.pageobject.streamprofileobject.setresolution(streamprofileobject.java:170)
at Framework@0.0.1-SNAPSHOT/test.streamprofiletest.setandsaveprofile3(streamprofiletest.java:260)
at java.base/jdk.internal.reflect.DirectMethodHandleAccessor.invoke(DirectMethodHandleAccessor.java:104)
at java.base/java.lang.reflect.Method.invoke(Method.java:565)
at org.testng@7.11.0/org.testng.internal.invokers.MethodInvocationHelper.invokeMethod(MethodInvocationHelper.java:141)
at org.testng@7.11.0/org.testng.internal.invokers.TestInvoker.invokeMethod(TestInvoker.java:687)
at org.testng@7.11.0/org.testng.internal.invokers.TestInvoker.invokeTestMethod(TestInvoker.java:230)
at org.testng@7.11.0/org.testng.internal.invokers.MethodRunner.runInSequence(MethodRunner.java:63)
at org.testng@7.11.0/org.testng.internal.invokers.TestInvoker$MethodInvocationAgent.invoke(TestInvoker.java:995)
at org.testng@7.11.0/org.testng.internal.invokers.TestInvoker.invokeTestMethods(TestInvoker.java:203)
at org.testng@7.11.0/org.testng.internal.invokers.TestMethodWorker.invokeTestMethods(TestMethodWorker.java:154)
at org.testng@7.11.0/org.testng.internal.invokers.TestMethodWorker.run(TestMethodWorker.java:134)
at java.base/java.util.ArrayList.forEach(ArrayList.java:1612)
at org.testng@7.11.0/org.testng.TestRunner.privateRun(TestRunner.java:741)
at org.testng@7.11.0/org.testng.TestRunner.run(TestRunner.java:616)
at org.testng@7.11.0/org.testng.SuiteRunner.runTest(SuiteRunner.java:421)
at org.testng@7.11.0/org.testng.SuiteRunner.runSequentially(SuiteRunner.java:413)
at org.testng@7.11.0/org.testng.SuiteRunner.privateRun(SuiteRunner.java:373)
at org.testng@7.11.0/org.testng.SuiteRunner.run(SuiteRunner.java:312)
at org.testng@7.11.0/org.testng.SuiteRunnerWorker.runSuite(SuiteRunnerWorker.java:52)
at org.testng@7.11.0/org.testng.SuiteRunnerWorker.run(SuiteRunnerWorker.java:95)
at org.testng@7.11.0/org.testng.TestNG.runSuitesSequentially(TestNG.java:1274)
at org.testng@7.11.0/org.testng.TestNG.runSuitesLocally(TestNG.java:1208)
at org.testng@7.11.0/org.testng.TestNG.runSuites(TestNG.java:1112)
at org.testng@7.11.0/org.testng.TestNG.run(TestNG.java:1079)
at org.apache.maven.surefire.testng.TestNGExecutor.run(TestNGExecutor.java:308)
at org.apache.maven.surefire.testng.TestNGXmlTestSuite.execute(TestNGXmlTestSuite.java:71)
at org.apache.maven.surefire.testng.TestNGProvider.invoke(TestNGProvider.java:113)
at org.apache.maven.surefire.booter.ForkedBooter.runSuitesInProcess(ForkedBooter.java:385)
at org.apache.maven.surefire.booter.ForkedBooter.execute(ForkedBooter.java:162)
at org.apache.maven.surefire.booter.ForkedBooter.run(ForkedBooter.java:507)
at org.apache.maven.surefire.booter.ForkedBooter.main(ForkedBooter.java:495)
]]>
    </error>
  </testcase> <!-- setandsaveprofile3 -->
  <testcase classname="test.streamprofiletest" name="defaultvalueprofile4" time="5.912">
    <failure message="The following asserts failed:
	Codec mismatch! expected [H.264] but found [MJPEG],
	Resolution mismatch! expected [1920x1080] but found [D1],
	Bitrate mismatch! expected [4096 kbps] but found [1024 kbps],
	FPS mismatch! expected [25] but found [5]" type="java.lang.AssertionError">
      <![CDATA[java.lang.AssertionError: The following asserts failed:
Codec mismatch! expected [H.264] but found [MJPEG],
Resolution mismatch! expected [1920x1080] but found [D1],
Bitrate mismatch! expected [4096 kbps] but found [1024 kbps],
FPS mismatch! expected [25] but found [5]
at org.testng@7.11.0/org.testng.asserts.SoftAssert.assertAll(SoftAssert.java:46)
at org.testng@7.11.0/org.testng.asserts.SoftAssert.assertAll(SoftAssert.java:30)
at Framework@0.0.1-SNAPSHOT/test.streamprofiletest.defaultvalueprofile4(streamprofiletest.java:162)
at java.base/jdk.internal.reflect.DirectMethodHandleAccessor.invoke(DirectMethodHandleAccessor.java:104)
at java.base/java.lang.reflect.Method.invoke(Method.java:565)
at org.testng@7.11.0/org.testng.internal.invokers.MethodInvocationHelper.invokeMethod(MethodInvocationHelper.java:141)
at org.testng@7.11.0/org.testng.internal.invokers.TestInvoker.invokeMethod(TestInvoker.java:687)
at org.testng@7.11.0/org.testng.internal.invokers.TestInvoker.invokeTestMethod(TestInvoker.java:230)
at org.testng@7.11.0/org.testng.internal.invokers.MethodRunner.runInSequence(MethodRunner.java:63)
at org.testng@7.11.0/org.testng.internal.invokers.TestInvoker$MethodInvocationAgent.invoke(TestInvoker.java:995)
at org.testng@7.11.0/org.testng.internal.invokers.TestInvoker.invokeTestMethods(TestInvoker.java:203)
at org.testng@7.11.0/org.testng.internal.invokers.TestMethodWorker.invokeTestMethods(TestMethodWorker.java:154)
at org.testng@7.11.0/org.testng.internal.invokers.TestMethodWorker.run(TestMethodWorker.java:134)
at java.base/java.util.ArrayList.forEach(ArrayList.java:1612)
at org.testng@7.11.0/org.testng.TestRunner.privateRun(TestRunner.java:741)
at org.testng@7.11.0/org.testng.TestRunner.run(TestRunner.java:616)
at org.testng@7.11.0/org.testng.SuiteRunner.runTest(SuiteRunner.java:421)
at org.testng@7.11.0/org.testng.SuiteRunner.runSequentially(SuiteRunner.java:413)
at org.testng@7.11.0/org.testng.SuiteRunner.privateRun(SuiteRunner.java:373)
at org.testng@7.11.0/org.testng.SuiteRunner.run(SuiteRunner.java:312)
at org.testng@7.11.0/org.testng.SuiteRunnerWorker.runSuite(SuiteRunnerWorker.java:52)
at org.testng@7.11.0/org.testng.SuiteRunnerWorker.run(SuiteRunnerWorker.java:95)
at org.testng@7.11.0/org.testng.TestNG.runSuitesSequentially(TestNG.java:1274)
at org.testng@7.11.0/org.testng.TestNG.runSuitesLocally(TestNG.java:1208)
at org.testng@7.11.0/org.testng.TestNG.runSuites(TestNG.java:1112)
at org.testng@7.11.0/org.testng.TestNG.run(TestNG.java:1079)
at org.apache.maven.surefire.testng.TestNGExecutor.run(TestNGExecutor.java:308)
at org.apache.maven.surefire.testng.TestNGXmlTestSuite.execute(TestNGXmlTestSuite.java:71)
at org.apache.maven.surefire.testng.TestNGProvider.invoke(TestNGProvider.java:113)
at org.apache.maven.surefire.booter.ForkedBooter.runSuitesInProcess(ForkedBooter.java:385)
at org.apache.maven.surefire.booter.ForkedBooter.execute(ForkedBooter.java:162)
at org.apache.maven.surefire.booter.ForkedBooter.run(ForkedBooter.java:507)
at org.apache.maven.surefire.booter.ForkedBooter.main(ForkedBooter.java:495)
]]>
    </failure>
  </testcase> <!-- defaultvalueprofile4 -->
  <testcase classname="test.streamprofiletest" name="cancelprofile1" time="5.428"/>
  <testcase classname="test.streamprofiletest" name="defaultvalueprofile1" time="6.582">
    <failure message="The following asserts failed:
	Resolution mismatch! expected [1920x1080] but found [2592x1944],
	Bitrate mismatch! expected [4096 kbps] but found [8192 kbps],
	Audio mismatch! expected [false] but found [true]" type="java.lang.AssertionError">
      <![CDATA[java.lang.AssertionError: The following asserts failed:
Resolution mismatch! expected [1920x1080] but found [2592x1944],
Bitrate mismatch! expected [4096 kbps] but found [8192 kbps],
Audio mismatch! expected [false] but found [true]
at org.testng@7.11.0/org.testng.asserts.SoftAssert.assertAll(SoftAssert.java:46)
at org.testng@7.11.0/org.testng.asserts.SoftAssert.assertAll(SoftAssert.java:30)
at Framework@0.0.1-SNAPSHOT/test.streamprofiletest.defaultvalueprofile1(streamprofiletest.java:64)
at java.base/jdk.internal.reflect.DirectMethodHandleAccessor.invoke(DirectMethodHandleAccessor.java:104)
at java.base/java.lang.reflect.Method.invoke(Method.java:565)
at org.testng@7.11.0/org.testng.internal.invokers.MethodInvocationHelper.invokeMethod(MethodInvocationHelper.java:141)
at org.testng@7.11.0/org.testng.internal.invokers.TestInvoker.invokeMethod(TestInvoker.java:687)
at org.testng@7.11.0/org.testng.internal.invokers.TestInvoker.invokeTestMethod(TestInvoker.java:230)
at org.testng@7.11.0/org.testng.internal.invokers.MethodRunner.runInSequence(MethodRunner.java:63)
at org.testng@7.11.0/org.testng.internal.invokers.TestInvoker$MethodInvocationAgent.invoke(TestInvoker.java:995)
at org.testng@7.11.0/org.testng.internal.invokers.TestInvoker.invokeTestMethods(TestInvoker.java:203)
at org.testng@7.11.0/org.testng.internal.invokers.TestMethodWorker.invokeTestMethods(TestMethodWorker.java:154)
at org.testng@7.11.0/org.testng.internal.invokers.TestMethodWorker.run(TestMethodWorker.java:134)
at java.base/java.util.ArrayList.forEach(ArrayList.java:1612)
at org.testng@7.11.0/org.testng.TestRunner.privateRun(TestRunner.java:741)
at org.testng@7.11.0/org.testng.TestRunner.run(TestRunner.java:616)
at org.testng@7.11.0/org.testng.SuiteRunner.runTest(SuiteRunner.java:421)
at org.testng@7.11.0/org.testng.SuiteRunner.runSequentially(SuiteRunner.java:413)
at org.testng@7.11.0/org.testng.SuiteRunner.privateRun(SuiteRunner.java:373)
at org.testng@7.11.0/org.testng.SuiteRunner.run(SuiteRunner.java:312)
at org.testng@7.11.0/org.testng.SuiteRunnerWorker.runSuite(SuiteRunnerWorker.java:52)
at org.testng@7.11.0/org.testng.SuiteRunnerWorker.run(SuiteRunnerWorker.java:95)
at org.testng@7.11.0/org.testng.TestNG.runSuitesSequentially(TestNG.java:1274)
at org.testng@7.11.0/org.testng.TestNG.runSuitesLocally(TestNG.java:1208)
at org.testng@7.11.0/org.testng.TestNG.runSuites(TestNG.java:1112)
at org.testng@7.11.0/org.testng.TestNG.run(TestNG.java:1079)
at org.apache.maven.surefire.testng.TestNGExecutor.run(TestNGExecutor.java:308)
at org.apache.maven.surefire.testng.TestNGXmlTestSuite.execute(TestNGXmlTestSuite.java:71)
at org.apache.maven.surefire.testng.TestNGProvider.invoke(TestNGProvider.java:113)
at org.apache.maven.surefire.booter.ForkedBooter.runSuitesInProcess(ForkedBooter.java:385)
at org.apache.maven.surefire.booter.ForkedBooter.execute(ForkedBooter.java:162)
at org.apache.maven.surefire.booter.ForkedBooter.run(ForkedBooter.java:507)
at org.apache.maven.surefire.booter.ForkedBooter.main(ForkedBooter.java:495)
]]>
    </failure>
  </testcase> <!-- defaultvalueprofile1 -->
  <testcase classname="test.streamprofiletest" name="defaultvalueprofile2" time="6.471">
    <failure message="The following asserts failed:
	Resolution mismatch! expected [640x480] but found [D1]" type="java.lang.AssertionError">
      <![CDATA[java.lang.AssertionError: The following asserts failed:
Resolution mismatch! expected [640x480] but found [D1]
at org.testng@7.11.0/org.testng.asserts.SoftAssert.assertAll(SoftAssert.java:46)
at org.testng@7.11.0/org.testng.asserts.SoftAssert.assertAll(SoftAssert.java:30)
at Framework@0.0.1-SNAPSHOT/test.streamprofiletest.defaultvalueprofile2(streamprofiletest.java:99)
at java.base/jdk.internal.reflect.DirectMethodHandleAccessor.invoke(DirectMethodHandleAccessor.java:104)
at java.base/java.lang.reflect.Method.invoke(Method.java:565)
at org.testng@7.11.0/org.testng.internal.invokers.MethodInvocationHelper.invokeMethod(MethodInvocationHelper.java:141)
at org.testng@7.11.0/org.testng.internal.invokers.TestInvoker.invokeMethod(TestInvoker.java:687)
at org.testng@7.11.0/org.testng.internal.invokers.TestInvoker.invokeTestMethod(TestInvoker.java:230)
at org.testng@7.11.0/org.testng.internal.invokers.MethodRunner.runInSequence(MethodRunner.java:63)
at org.testng@7.11.0/org.testng.internal.invokers.TestInvoker$MethodInvocationAgent.invoke(TestInvoker.java:995)
at org.testng@7.11.0/org.testng.internal.invokers.TestInvoker.invokeTestMethods(TestInvoker.java:203)
at org.testng@7.11.0/org.testng.internal.invokers.TestMethodWorker.invokeTestMethods(TestMethodWorker.java:154)
at org.testng@7.11.0/org.testng.internal.invokers.TestMethodWorker.run(TestMethodWorker.java:134)
at java.base/java.util.ArrayList.forEach(ArrayList.java:1612)
at org.testng@7.11.0/org.testng.TestRunner.privateRun(TestRunner.java:741)
at org.testng@7.11.0/org.testng.TestRunner.run(TestRunner.java:616)
at org.testng@7.11.0/org.testng.SuiteRunner.runTest(SuiteRunner.java:421)
at org.testng@7.11.0/org.testng.SuiteRunner.runSequentially(SuiteRunner.java:413)
at org.testng@7.11.0/org.testng.SuiteRunner.privateRun(SuiteRunner.java:373)
at org.testng@7.11.0/org.testng.SuiteRunner.run(SuiteRunner.java:312)
at org.testng@7.11.0/org.testng.SuiteRunnerWorker.runSuite(SuiteRunnerWorker.java:52)
at org.testng@7.11.0/org.testng.SuiteRunnerWorker.run(SuiteRunnerWorker.java:95)
at org.testng@7.11.0/org.testng.TestNG.runSuitesSequentially(TestNG.java:1274)
at org.testng@7.11.0/org.testng.TestNG.runSuitesLocally(TestNG.java:1208)
at org.testng@7.11.0/org.testng.TestNG.runSuites(TestNG.java:1112)
at org.testng@7.11.0/org.testng.TestNG.run(TestNG.java:1079)
at org.apache.maven.surefire.testng.TestNGExecutor.run(TestNGExecutor.java:308)
at org.apache.maven.surefire.testng.TestNGXmlTestSuite.execute(TestNGXmlTestSuite.java:71)
at org.apache.maven.surefire.testng.TestNGProvider.invoke(TestNGProvider.java:113)
at org.apache.maven.surefire.booter.ForkedBooter.runSuitesInProcess(ForkedBooter.java:385)
at org.apache.maven.surefire.booter.ForkedBooter.execute(ForkedBooter.java:162)
at org.apache.maven.surefire.booter.ForkedBooter.run(ForkedBooter.java:507)
at org.apache.maven.surefire.booter.ForkedBooter.main(ForkedBooter.java:495)
]]>
    </failure>
  </testcase> <!-- defaultvalueprofile2 -->
  <testcase classname="test.streamprofiletest" name="defaultvalueprofile3" time="5.878">
    <failure message="The following asserts failed:
	FPS mismatch! expected [25] but found [2]" type="java.lang.AssertionError">
      <![CDATA[java.lang.AssertionError: The following asserts failed:
FPS mismatch! expected [25] but found [2]
at org.testng@7.11.0/org.testng.asserts.SoftAssert.assertAll(SoftAssert.java:46)
at org.testng@7.11.0/org.testng.asserts.SoftAssert.assertAll(SoftAssert.java:30)
at Framework@0.0.1-SNAPSHOT/test.streamprofiletest.defaultvalueprofile3(streamprofiletest.java:129)
at java.base/jdk.internal.reflect.DirectMethodHandleAccessor.invoke(DirectMethodHandleAccessor.java:104)
at java.base/java.lang.reflect.Method.invoke(Method.java:565)
at org.testng@7.11.0/org.testng.internal.invokers.MethodInvocationHelper.invokeMethod(MethodInvocationHelper.java:141)
at org.testng@7.11.0/org.testng.internal.invokers.TestInvoker.invokeMethod(TestInvoker.java:687)
at org.testng@7.11.0/org.testng.internal.invokers.TestInvoker.invokeTestMethod(TestInvoker.java:230)
at org.testng@7.11.0/org.testng.internal.invokers.MethodRunner.runInSequence(MethodRunner.java:63)
at org.testng@7.11.0/org.testng.internal.invokers.TestInvoker$MethodInvocationAgent.invoke(TestInvoker.java:995)
at org.testng@7.11.0/org.testng.internal.invokers.TestInvoker.invokeTestMethods(TestInvoker.java:203)
at org.testng@7.11.0/org.testng.internal.invokers.TestMethodWorker.invokeTestMethods(TestMethodWorker.java:154)
at org.testng@7.11.0/org.testng.internal.invokers.TestMethodWorker.run(TestMethodWorker.java:134)
at java.base/java.util.ArrayList.forEach(ArrayList.java:1612)
at org.testng@7.11.0/org.testng.TestRunner.privateRun(TestRunner.java:741)
at org.testng@7.11.0/org.testng.TestRunner.run(TestRunner.java:616)
at org.testng@7.11.0/org.testng.SuiteRunner.runTest(SuiteRunner.java:421)
at org.testng@7.11.0/org.testng.SuiteRunner.runSequentially(SuiteRunner.java:413)
at org.testng@7.11.0/org.testng.SuiteRunner.privateRun(SuiteRunner.java:373)
at org.testng@7.11.0/org.testng.SuiteRunner.run(SuiteRunner.java:312)
at org.testng@7.11.0/org.testng.SuiteRunnerWorker.runSuite(SuiteRunnerWorker.java:52)
at org.testng@7.11.0/org.testng.SuiteRunnerWorker.run(SuiteRunnerWorker.java:95)
at org.testng@7.11.0/org.testng.TestNG.runSuitesSequentially(TestNG.java:1274)
at org.testng@7.11.0/org.testng.TestNG.runSuitesLocally(TestNG.java:1208)
at org.testng@7.11.0/org.testng.TestNG.runSuites(TestNG.java:1112)
at org.testng@7.11.0/org.testng.TestNG.run(TestNG.java:1079)
at org.apache.maven.surefire.testng.TestNGExecutor.run(TestNGExecutor.java:308)
at org.apache.maven.surefire.testng.TestNGXmlTestSuite.execute(TestNGXmlTestSuite.java:71)
at org.apache.maven.surefire.testng.TestNGProvider.invoke(TestNGProvider.java:113)
at org.apache.maven.surefire.booter.ForkedBooter.runSuitesInProcess(ForkedBooter.java:385)
at org.apache.maven.surefire.booter.ForkedBooter.execute(ForkedBooter.java:162)
at org.apache.maven.surefire.booter.ForkedBooter.run(ForkedBooter.java:507)
at org.apache.maven.surefire.booter.ForkedBooter.main(ForkedBooter.java:495)
]]>
    </failure>
  </testcase> <!-- defaultvalueprofile3 -->
  <testcase classname="test.streamprofiletest" name="setandsaveprofile1" time="4.694">
    <error message="Cannot locate option with text: 1280x720
For documentation on this error, please visit: https://www.selenium.dev/documentation/webdriver/troubleshooting/errors#nosuchelementexception
Build info: version: &#039;4.38.0&#039;, revision: &#039;6b412e825c*&#039;
System info: os.name: &#039;Windows 11&#039;, os.arch: &#039;amd64&#039;, os.version: &#039;10.0&#039;, java.version: &#039;26.0.1&#039;
Driver info: driver.version: unknown" type="org.openqa.selenium.NoSuchElementException">
      <![CDATA[org.openqa.selenium.NoSuchElementException: Cannot locate option with text: 1280x720
For documentation on this error, please visit: https://www.selenium.dev/documentation/webdriver/troubleshooting/errors#nosuchelementexception
Build info: version: '4.38.0', revision: '6b412e825c*'
System info: os.name: 'Windows 11', os.arch: 'amd64', os.version: '10.0', java.version: '26.0.1'
Driver info: driver.version: unknown
at org.seleniumhq.selenium.support/org.openqa.selenium.support.ui.Select.selectByVisibleText(Select.java:397)
at org.seleniumhq.selenium.support/org.openqa.selenium.support.ui.Select.selectByVisibleText(Select.java:125)
at Framework@0.0.1-SNAPSHOT/ipcamera.pageobject.streamprofileobject.setresolution(streamprofileobject.java:170)
at Framework@0.0.1-SNAPSHOT/test.streamprofiletest.setandsaveprofile1(streamprofiletest.java:177)
at java.base/jdk.internal.reflect.DirectMethodHandleAccessor.invoke(DirectMethodHandleAccessor.java:104)
at java.base/java.lang.reflect.Method.invoke(Method.java:565)
at org.testng@7.11.0/org.testng.internal.invokers.MethodInvocationHelper.invokeMethod(MethodInvocationHelper.java:141)
at org.testng@7.11.0/org.testng.internal.invokers.TestInvoker.invokeMethod(TestInvoker.java:687)
at org.testng@7.11.0/org.testng.internal.invokers.TestInvoker.invokeTestMethod(TestInvoker.java:230)
at org.testng@7.11.0/org.testng.internal.invokers.MethodRunner.runInSequence(MethodRunner.java:63)
at org.testng@7.11.0/org.testng.internal.invokers.TestInvoker$MethodInvocationAgent.invoke(TestInvoker.java:995)
at org.testng@7.11.0/org.testng.internal.invokers.TestInvoker.invokeTestMethods(TestInvoker.java:203)
at org.testng@7.11.0/org.testng.internal.invokers.TestMethodWorker.invokeTestMethods(TestMethodWorker.java:154)
at org.testng@7.11.0/org.testng.internal.invokers.TestMethodWorker.run(TestMethodWorker.java:134)
at java.base/java.util.ArrayList.forEach(ArrayList.java:1612)
at org.testng@7.11.0/org.testng.TestRunner.privateRun(TestRunner.java:741)
at org.testng@7.11.0/org.testng.TestRunner.run(TestRunner.java:616)
at org.testng@7.11.0/org.testng.SuiteRunner.runTest(SuiteRunner.java:421)
at org.testng@7.11.0/org.testng.SuiteRunner.runSequentially(SuiteRunner.java:413)
at org.testng@7.11.0/org.testng.SuiteRunner.privateRun(SuiteRunner.java:373)
at org.testng@7.11.0/org.testng.SuiteRunner.run(SuiteRunner.java:312)
at org.testng@7.11.0/org.testng.SuiteRunnerWorker.runSuite(SuiteRunnerWorker.java:52)
at org.testng@7.11.0/org.testng.SuiteRunnerWorker.run(SuiteRunnerWorker.java:95)
at org.testng@7.11.0/org.testng.TestNG.runSuitesSequentially(TestNG.java:1274)
at org.testng@7.11.0/org.testng.TestNG.runSuitesLocally(TestNG.java:1208)
at org.testng@7.11.0/org.testng.TestNG.runSuites(TestNG.java:1112)
at org.testng@7.11.0/org.testng.TestNG.run(TestNG.java:1079)
at org.apache.maven.surefire.testng.TestNGExecutor.run(TestNGExecutor.java:308)
at org.apache.maven.surefire.testng.TestNGXmlTestSuite.execute(TestNGXmlTestSuite.java:71)
at org.apache.maven.surefire.testng.TestNGProvider.invoke(TestNGProvider.java:113)
at org.apache.maven.surefire.booter.ForkedBooter.runSuitesInProcess(ForkedBooter.java:385)
at org.apache.maven.surefire.booter.ForkedBooter.execute(ForkedBooter.java:162)
at org.apache.maven.surefire.booter.ForkedBooter.run(ForkedBooter.java:507)
at org.apache.maven.surefire.booter.ForkedBooter.main(ForkedBooter.java:495)
]]>
    </error>
  </testcase> <!-- setandsaveprofile1 -->
  <testcase classname="test.streamprofiletest" name="setandsaveprofile4" time="5.027">
    <error message="Cannot locate option with text: 1280x720
For documentation on this error, please visit: https://www.selenium.dev/documentation/webdriver/troubleshooting/errors#nosuchelementexception
Build info: version: &#039;4.38.0&#039;, revision: &#039;6b412e825c*&#039;
System info: os.name: &#039;Windows 11&#039;, os.arch: &#039;amd64&#039;, os.version: &#039;10.0&#039;, java.version: &#039;26.0.1&#039;
Driver info: driver.version: unknown" type="org.openqa.selenium.NoSuchElementException">
      <![CDATA[org.openqa.selenium.NoSuchElementException: Cannot locate option with text: 1280x720
For documentation on this error, please visit: https://www.selenium.dev/documentation/webdriver/troubleshooting/errors#nosuchelementexception
Build info: version: '4.38.0', revision: '6b412e825c*'
System info: os.name: 'Windows 11', os.arch: 'amd64', os.version: '10.0', java.version: '26.0.1'
Driver info: driver.version: unknown
at org.seleniumhq.selenium.support/org.openqa.selenium.support.ui.Select.selectByVisibleText(Select.java:397)
at org.seleniumhq.selenium.support/org.openqa.selenium.support.ui.Select.selectByVisibleText(Select.java:125)
at Framework@0.0.1-SNAPSHOT/ipcamera.pageobject.streamprofileobject.setresolution(streamprofileobject.java:170)
at Framework@0.0.1-SNAPSHOT/test.streamprofiletest.setandsaveprofile4(streamprofiletest.java:293)
at java.base/jdk.internal.reflect.DirectMethodHandleAccessor.invoke(DirectMethodHandleAccessor.java:104)
at java.base/java.lang.reflect.Method.invoke(Method.java:565)
at org.testng@7.11.0/org.testng.internal.invokers.MethodInvocationHelper.invokeMethod(MethodInvocationHelper.java:141)
at org.testng@7.11.0/org.testng.internal.invokers.TestInvoker.invokeMethod(TestInvoker.java:687)
at org.testng@7.11.0/org.testng.internal.invokers.TestInvoker.invokeTestMethod(TestInvoker.java:230)
at org.testng@7.11.0/org.testng.internal.invokers.MethodRunner.runInSequence(MethodRunner.java:63)
at org.testng@7.11.0/org.testng.internal.invokers.TestInvoker$MethodInvocationAgent.invoke(TestInvoker.java:995)
at org.testng@7.11.0/org.testng.internal.invokers.TestInvoker.invokeTestMethods(TestInvoker.java:203)
at org.testng@7.11.0/org.testng.internal.invokers.TestMethodWorker.invokeTestMethods(TestMethodWorker.java:154)
at org.testng@7.11.0/org.testng.internal.invokers.TestMethodWorker.run(TestMethodWorker.java:134)
at java.base/java.util.ArrayList.forEach(ArrayList.java:1612)
at org.testng@7.11.0/org.testng.TestRunner.privateRun(TestRunner.java:741)
at org.testng@7.11.0/org.testng.TestRunner.run(TestRunner.java:616)
at org.testng@7.11.0/org.testng.SuiteRunner.runTest(SuiteRunner.java:421)
at org.testng@7.11.0/org.testng.SuiteRunner.runSequentially(SuiteRunner.java:413)
at org.testng@7.11.0/org.testng.SuiteRunner.privateRun(SuiteRunner.java:373)
at org.testng@7.11.0/org.testng.SuiteRunner.run(SuiteRunner.java:312)
at org.testng@7.11.0/org.testng.SuiteRunnerWorker.runSuite(SuiteRunnerWorker.java:52)
at org.testng@7.11.0/org.testng.SuiteRunnerWorker.run(SuiteRunnerWorker.java:95)
at org.testng@7.11.0/org.testng.TestNG.runSuitesSequentially(TestNG.java:1274)
at org.testng@7.11.0/org.testng.TestNG.runSuitesLocally(TestNG.java:1208)
at org.testng@7.11.0/org.testng.TestNG.runSuites(TestNG.java:1112)
at org.testng@7.11.0/org.testng.TestNG.run(TestNG.java:1079)
at org.apache.maven.surefire.testng.TestNGExecutor.run(TestNGExecutor.java:308)
at org.apache.maven.surefire.testng.TestNGXmlTestSuite.execute(TestNGXmlTestSuite.java:71)
at org.apache.maven.surefire.testng.TestNGProvider.invoke(TestNGProvider.java:113)
at org.apache.maven.surefire.booter.ForkedBooter.runSuitesInProcess(ForkedBooter.java:385)
at org.apache.maven.surefire.booter.ForkedBooter.execute(ForkedBooter.java:162)
at org.apache.maven.surefire.booter.ForkedBooter.run(ForkedBooter.java:507)
at org.apache.maven.surefire.booter.ForkedBooter.main(ForkedBooter.java:495)
]]>
    </error>
  </testcase> <!-- setandsaveprofile4 -->
  <testcase classname="test.streamprofiletest" name="setandsaveprofile2" time="4.865">
    <error message="Cannot locate option with text: 640x360
For documentation on this error, please visit: https://www.selenium.dev/documentation/webdriver/troubleshooting/errors#nosuchelementexception
Build info: version: &#039;4.38.0&#039;, revision: &#039;6b412e825c*&#039;
System info: os.name: &#039;Windows 11&#039;, os.arch: &#039;amd64&#039;, os.version: &#039;10.0&#039;, java.version: &#039;26.0.1&#039;
Driver info: driver.version: unknown" type="org.openqa.selenium.NoSuchElementException">
      <![CDATA[org.openqa.selenium.NoSuchElementException: Cannot locate option with text: 640x360
For documentation on this error, please visit: https://www.selenium.dev/documentation/webdriver/troubleshooting/errors#nosuchelementexception
Build info: version: '4.38.0', revision: '6b412e825c*'
System info: os.name: 'Windows 11', os.arch: 'amd64', os.version: '10.0', java.version: '26.0.1'
Driver info: driver.version: unknown
at org.seleniumhq.selenium.support/org.openqa.selenium.support.ui.Select.selectByVisibleText(Select.java:397)
at org.seleniumhq.selenium.support/org.openqa.selenium.support.ui.Select.selectByVisibleText(Select.java:125)
at Framework@0.0.1-SNAPSHOT/ipcamera.pageobject.streamprofileobject.setresolution(streamprofileobject.java:170)
at Framework@0.0.1-SNAPSHOT/test.streamprofiletest.setandsaveprofile2(streamprofiletest.java:220)
at java.base/jdk.internal.reflect.DirectMethodHandleAccessor.invoke(DirectMethodHandleAccessor.java:104)
at java.base/java.lang.reflect.Method.invoke(Method.java:565)
at org.testng@7.11.0/org.testng.internal.invokers.MethodInvocationHelper.invokeMethod(MethodInvocationHelper.java:141)
at org.testng@7.11.0/org.testng.internal.invokers.TestInvoker.invokeMethod(TestInvoker.java:687)
at org.testng@7.11.0/org.testng.internal.invokers.TestInvoker.invokeTestMethod(TestInvoker.java:230)
at org.testng@7.11.0/org.testng.internal.invokers.MethodRunner.runInSequence(MethodRunner.java:63)
at org.testng@7.11.0/org.testng.internal.invokers.TestInvoker$MethodInvocationAgent.invoke(TestInvoker.java:995)
at org.testng@7.11.0/org.testng.internal.invokers.TestInvoker.invokeTestMethods(TestInvoker.java:203)
at org.testng@7.11.0/org.testng.internal.invokers.TestMethodWorker.invokeTestMethods(TestMethodWorker.java:154)
at org.testng@7.11.0/org.testng.internal.invokers.TestMethodWorker.run(TestMethodWorker.java:134)
at java.base/java.util.ArrayList.forEach(ArrayList.java:1612)
at org.testng@7.11.0/org.testng.TestRunner.privateRun(TestRunner.java:741)
at org.testng@7.11.0/org.testng.TestRunner.run(TestRunner.java:616)
at org.testng@7.11.0/org.testng.SuiteRunner.runTest(SuiteRunner.java:421)
at org.testng@7.11.0/org.testng.SuiteRunner.runSequentially(SuiteRunner.java:413)
at org.testng@7.11.0/org.testng.SuiteRunner.privateRun(SuiteRunner.java:373)
at org.testng@7.11.0/org.testng.SuiteRunner.run(SuiteRunner.java:312)
at org.testng@7.11.0/org.testng.SuiteRunnerWorker.runSuite(SuiteRunnerWorker.java:52)
at org.testng@7.11.0/org.testng.SuiteRunnerWorker.run(SuiteRunnerWorker.java:95)
at org.testng@7.11.0/org.testng.TestNG.runSuitesSequentially(TestNG.java:1274)
at org.testng@7.11.0/org.testng.TestNG.runSuitesLocally(TestNG.java:1208)
at org.testng@7.11.0/org.testng.TestNG.runSuites(TestNG.java:1112)
at org.testng@7.11.0/org.testng.TestNG.run(TestNG.java:1079)
at org.apache.maven.surefire.testng.TestNGExecutor.run(TestNGExecutor.java:308)
at org.apache.maven.surefire.testng.TestNGXmlTestSuite.execute(TestNGXmlTestSuite.java:71)
at org.apache.maven.surefire.testng.TestNGProvider.invoke(TestNGProvider.java:113)
at org.apache.maven.surefire.booter.ForkedBooter.runSuitesInProcess(ForkedBooter.java:385)
at org.apache.maven.surefire.booter.ForkedBooter.execute(ForkedBooter.java:162)
at org.apache.maven.surefire.booter.ForkedBooter.run(ForkedBooter.java:507)
at org.apache.maven.surefire.booter.ForkedBooter.main(ForkedBooter.java:495)
]]>
    </error>
  </testcase> <!-- setandsaveprofile2 -->
</testsuite> <!-- test.streamprofiletest -->
